idx is:  0
try to login!
click login button!
---11.38217306137085 seconds ---
go to cart!
clear cart start!
clear Done!
item need to buy count:  6
item_to_buy:  {(0, 1): 1, (0, 2): 2, (0, 3): 2, (4, 1): 1}
item name you're checking is:  MONTHLY COLORS : OCTOBER 
product names are: 
(0, 1)
quantity to buy:  1
(0, 2)
quantity to buy:  2
(0, 3)
quantity to buy:  2
(4, 1)
quantity to buy:  1
There are 0 items you can buy!
---13.518725156784058 seconds ---
quantity:  0
No product to buy! sleep 10 secs
item name you're checking is:  MONTHLY COLORS : OCTOBER 
product names are: 
(0, 1)
quantity to buy:  1
(0, 2)
quantity to buy:  2
(0, 3)
quantity to buy:  2
(4, 1)
quantity to buy:  1
There are 0 items you can buy!
---1.365030288696289 seconds ---
current quantity:  0
No product to buy! sleep 10 secs
item name you're checking is:  MONTHLY COLORS : OCTOBER 
product names are: 
(0, 1)
quantity to buy:  1
(0, 2)
quantity to buy:  2
(0, 3)
quantity to buy:  2
(4, 1)
quantity to buy:  1
There are 0 items you can buy!
---1.413431167602539 seconds ---
current quantity:  0
No product to buy! sleep 10 secs
item name you're checking is:  MONTHLY COLORS : OCTOBER 
product names are: 
(0, 1)
quantity to buy:  1
(0, 2)
quantity to buy:  2
(0, 3)
quantity to buy:  2
(4, 1)
quantity to buy:  1
There are 0 items you can buy!
---1.5781409740447998 seconds ---
current quantity:  0
No product to buy! sleep 10 secs
item name you're checking is:  MONTHLY COLORS : OCTOBER 
product names are: 
(0, 1)
quantity to buy:  1
(0, 2)
quantity to buy:  2
(0, 3)
quantity to buy:  2
(4, 1)
quantity to buy:  1
There are 0 items you can buy!
---1.5074059963226318 seconds ---
current quantity:  0
No product to buy! sleep 10 secs
item name you're checking is:  MONTHLY COLORS : OCTOBER 
product names are: 
(0, 1)
quantity to buy:  1
(0, 2)
quantity to buy:  2
(0, 3)
quantity to buy:  2
(4, 1)
quantity to buy:  1
There are 0 items you can buy!
---2.80940580368042 seconds ---
current quantity:  0
No product to buy! sleep 10 secs
item name you're checking is:  MONTHLY COLORS : OCTOBER 
product names are: 
(0, 1)
quantity to buy:  1
(0, 2)
quantity to buy:  2
(0, 3)
quantity to buy:  2
(4, 1)
quantity to buy:  1
There are 0 items you can buy!
---7.359215259552002 seconds ---
current quantity:  0
No product to buy! sleep 10 secs
item name you're checking is:  MONTHLY COLORS : OCTOBER 
product names are: 
(0, 1)
quantity to buy:  1
(0, 2)
quantity to buy:  2
(0, 3)
quantity to buy:  2
(4, 1)
quantity to buy:  1
There are 0 items you can buy!
---1.5514581203460693 seconds ---
current quantity:  0
No product to buy! sleep 10 secs
item name you're checking is:  MONTHLY COLORS : OCTOBER 
product names are: 
(0, 1)
quantity to buy:  1
(0, 2)
quantity to buy:  2
(0, 3)
quantity to buy:  2
(4, 1)
quantity to buy:  1
There are 0 items you can buy!
---2.146683931350708 seconds ---
current quantity:  0
No product to buy! sleep 10 secs
item name you're checking is:  MONTHLY COLORS : OCTOBER 
product names are: 
(0, 1)
quantity to buy:  1
(0, 2)
quantity to buy:  2
(0, 3)
quantity to buy:  2
(4, 1)
quantity to buy:  1
There are 0 items you can buy!
---2.1354410648345947 seconds ---
current quantity:  0
No product to buy! sleep 10 secs
item name you're checking is:  MONTHLY COLORS : OCTOBER 
product names are: 
(0, 1)
quantity to buy:  1
(0, 2)
quantity to buy:  2
(0, 3)
quantity to buy:  2
(4, 1)
quantity to buy:  1
There are 0 items you can buy!
---1.3854038715362549 seconds ---
current quantity:  0
No product to buy! sleep 10 secs
item name you're checking is:  MONTHLY COLORS : OCTOBER 
product names are: 
(0, 1)
quantity to buy:  1
(0, 2)
quantity to buy:  2
(0, 3)
quantity to buy:  2
(4, 1)
quantity to buy:  1
There are 0 items you can buy!
---1.1881210803985596 seconds ---
current quantity:  0
No product to buy! sleep 10 secs
item name you're checking is:  MONTHLY COLORS : OCTOBER 
product names are: 
(0, 1)
quantity to buy:  1
(0, 2)
quantity to buy:  2
(0, 3)
quantity to buy:  2
(4, 1)
quantity to buy:  1
There are 0 items you can buy!
---2.3610570430755615 seconds ---
current quantity:  0
No product to buy! sleep 10 secs
item name you're checking is:  MONTHLY COLORS : OCTOBER 
product names are: 
(0, 1)
quantity to buy:  1
(0, 2)
quantity to buy:  2
(0, 3)
quantity to buy:  2
(4, 1)
quantity to buy:  1
There are 0 items you can buy!
---2.143584966659546 seconds ---
current quantity:  0
No product to buy! sleep 10 secs
item name you're checking is:  MONTHLY COLORS : OCTOBER 
product names are: 
(0, 1)
quantity to buy:  1
(0, 2)
quantity to buy:  2
(0, 3)
quantity to buy:  2
(4, 1)
quantity to buy:  1
There are 0 items you can buy!
---1.4548768997192383 seconds ---
current quantity:  0
No product to buy! sleep 10 secs
item name you're checking is:  MONTHLY COLORS : OCTOBER 
product names are: 
(0, 1)
quantity to buy:  1
(0, 2)
quantity to buy:  2
(0, 3)
quantity to buy:  2
(4, 1)
quantity to buy:  1
There are 0 items you can buy!
---1.4400780200958252 seconds ---
current quantity:  0
No product to buy! sleep 10 secs
item name you're checking is:  MONTHLY COLORS : OCTOBER 
product names are: 
(0, 1)
quantity to buy:  1
(0, 2)
quantity to buy:  2
(0, 3)
quantity to buy:  2
(4, 1)
quantity to buy:  1
There are 0 items you can buy!
---1.3412370681762695 seconds ---
current quantity:  0
No product to buy! sleep 10 secs
item name you're checking is:  MONTHLY COLORS : OCTOBER 
product names are: 
(0, 1)
quantity to buy:  1
(0, 2)
quantity to buy:  2
(0, 3)
quantity to buy:  2
(4, 1)
quantity to buy:  1
There are 0 items you can buy!
---1.3169679641723633 seconds ---
current quantity:  0
No product to buy! sleep 10 secs
item name you're checking is:  MONTHLY COLORS : OCTOBER 
product names are: 
(0, 1)
quantity to buy:  1
(0, 2)
quantity to buy:  2
(0, 3)
quantity to buy:  2
(4, 1)
quantity to buy:  1
There are 0 items you can buy!
---1.1868078708648682 seconds ---
current quantity:  0
No product to buy! sleep 10 secs
item name you're checking is:  MONTHLY COLORS : OCTOBER 
product names are: 
(0, 1)
quantity to buy:  1
(0, 2)
quantity to buy:  2
(0, 3)
quantity to buy:  2
(4, 1)
quantity to buy:  1
There are 0 items you can buy!
---1.0790257453918457 seconds ---
current quantity:  0
No product to buy! sleep 10 secs
item name you're checking is:  MONTHLY COLORS : OCTOBER 
product names are: 
(0, 1)
quantity to buy:  1
(0, 2)
quantity to buy:  2
(0, 3)
quantity to buy:  2
(4, 1)
quantity to buy:  1
There are 0 items you can buy!
---1.1156909465789795 seconds ---
current quantity:  0
No product to buy! sleep 10 secs
item name you're checking is:  MONTHLY COLORS : OCTOBER 
product names are: 
(0, 1)
quantity to buy:  1
(0, 2)
quantity to buy:  2
(0, 3)
quantity to buy:  2
(4, 1)
quantity to buy:  1
There are 0 items you can buy!
---0.9719109535217285 seconds ---
current quantity:  0
No product to buy! sleep 10 secs
item name you're checking is:  MONTHLY COLORS : OCTOBER 
product names are: 
(0, 1)
quantity to buy:  1
(0, 2)
quantity to buy:  2
(0, 3)
quantity to buy:  2
(4, 1)
quantity to buy:  1
There are 0 items you can buy!
---1.3220608234405518 seconds ---
current quantity:  0
No product to buy! sleep 10 secs
item name you're checking is:  MONTHLY COLORS : OCTOBER 
product names are: 
(0, 1)
quantity to buy:  1
(0, 2)
quantity to buy:  2
(0, 3)
quantity to buy:  2
(4, 1)
quantity to buy:  1
There are 0 items you can buy!
---1.1455249786376953 seconds ---
current quantity:  0
No product to buy! sleep 10 secs
item name you're checking is:  MONTHLY COLORS : OCTOBER 
product names are: 
(0, 1)
quantity to buy:  1
(0, 2)
quantity to buy:  2
(0, 3)
quantity to buy:  2
(4, 1)
quantity to buy:  1
There are 0 items you can buy!
---1.268930196762085 seconds ---
current quantity:  0
No product to buy! sleep 10 secs
item name you're checking is:  MONTHLY COLORS : OCTOBER 
product names are: 
(0, 1)
quantity to buy:  1
(0, 2)
quantity to buy:  2
(0, 3)
quantity to buy:  2
(4, 1)
quantity to buy:  1
There are 0 items you can buy!
---1.0040700435638428 seconds ---
current quantity:  0
No product to buy! sleep 10 secs
item name you're checking is:  MONTHLY COLORS : OCTOBER 
product names are: 
(0, 1)
quantity to buy:  1
(0, 2)
quantity to buy:  2
(0, 3)
quantity to buy:  2
(4, 1)
quantity to buy:  1
There are 0 items you can buy!
---1.3635599613189697 seconds ---
current quantity:  0
No product to buy! sleep 10 secs
item name you're checking is:  MONTHLY COLORS : OCTOBER 
product names are: 
(0, 1)
quantity to buy:  1
(0, 2)
quantity to buy:  2
(0, 3)
quantity to buy:  2
(4, 1)
quantity to buy:  1
There are 0 items you can buy!
---1.2292728424072266 seconds ---
current quantity:  0
No product to buy! sleep 10 secs
item name you're checking is:  MONTHLY COLORS : OCTOBER 
product names are: 
(0, 1)
quantity to buy:  1
(0, 2)
quantity to buy:  2
(0, 3)
quantity to buy:  2
(4, 1)
quantity to buy:  1
There are 0 items you can buy!
---1.1719539165496826 seconds ---
current quantity:  0
No product to buy! sleep 10 secs
item name you're checking is:  MONTHLY COLORS : OCTOBER 
product names are: 
(0, 1)
quantity to buy:  1
(0, 2)
quantity to buy:  2
(0, 3)
quantity to buy:  2
(4, 1)
quantity to buy:  1
There are 0 items you can buy!
---1.1330759525299072 seconds ---
current quantity:  0
No product to buy! sleep 10 secs
item name you're checking is:  MONTHLY COLORS : OCTOBER 
product names are: 
(0, 1)
quantity to buy:  1
(0, 2)
quantity to buy:  2
(0, 3)
quantity to buy:  2
(4, 1)
quantity to buy:  1
There are 0 items you can buy!
---1.1891331672668457 seconds ---
current quantity:  0
No product to buy! sleep 10 secs
item name you're checking is:  MONTHLY COLORS : OCTOBER 
product names are: 
(0, 1)
quantity to buy:  1
(0, 2)
quantity to buy:  2
(0, 3)
quantity to buy:  2
(4, 1)
quantity to buy:  1
There are 0 items you can buy!
---1.4665210247039795 seconds ---
current quantity:  0
No product to buy! sleep 10 secs
item name you're checking is:  MONTHLY COLORS : OCTOBER 
product names are: 
(0, 1)
quantity to buy:  1
(0, 2)
quantity to buy:  2
(0, 3)
quantity to buy:  2
(4, 1)
quantity to buy:  1
There are 0 items you can buy!
---1.6177678108215332 seconds ---
current quantity:  0
No product to buy! sleep 10 secs
item name you're checking is:  MONTHLY COLORS : OCTOBER 
product names are: 
(0, 1)
quantity to buy:  1
(0, 2)
quantity to buy:  2
(0, 3)
quantity to buy:  2
(4, 1)
quantity to buy:  1
There are 0 items you can buy!
---1.5061378479003906 seconds ---
current quantity:  0
No product to buy! sleep 10 secs
item name you're checking is:  MONTHLY COLORS : OCTOBER 
product names are: 
(0, 1)
quantity to buy:  1
(0, 2)
quantity to buy:  2
(0, 3)
quantity to buy:  2
(4, 1)
quantity to buy:  1
There are 0 items you can buy!
---1.3596851825714111 seconds ---
current quantity:  0
No product to buy! sleep 10 secs
item name you're checking is:  MONTHLY COLORS : OCTOBER 
product names are: 
(0, 1)
quantity to buy:  1
(0, 2)
quantity to buy:  2
(0, 3)
quantity to buy:  2
(4, 1)
quantity to buy:  1
There are 0 items you can buy!
---1.482116937637329 seconds ---
current quantity:  0
No product to buy! sleep 10 secs
item name you're checking is:  MONTHLY COLORS : OCTOBER 
product names are: 
(0, 1)
quantity to buy:  1
(0, 2)
quantity to buy:  2
(0, 3)
quantity to buy:  2
(4, 1)
quantity to buy:  1
There are 0 items you can buy!
---0.9784529209136963 seconds ---
current quantity:  0
No product to buy! sleep 10 secs
item name you're checking is:  MONTHLY COLORS : OCTOBER 
product names are: 
(0, 1)
quantity to buy:  1
(0, 2)
quantity to buy:  2
(0, 3)
quantity to buy:  2
(4, 1)
quantity to buy:  1
There are 0 items you can buy!
---1.1831350326538086 seconds ---
current quantity:  0
No product to buy! sleep 10 secs
item name you're checking is:  MONTHLY COLORS : OCTOBER 
product names are: 
(0, 1)
quantity to buy:  1
(0, 2)
quantity to buy:  2
(0, 3)
quantity to buy:  2
(4, 1)
quantity to buy:  1
There are 0 items you can buy!
---1.2154860496520996 seconds ---
current quantity:  0
No product to buy! sleep 10 secs
item name you're checking is:  MONTHLY COLORS : OCTOBER 
product names are: 
(0, 1)
quantity to buy:  1
(0, 2)
quantity to buy:  2
(0, 3)
quantity to buy:  2
(4, 1)
quantity to buy:  1
There are 0 items you can buy!
---1.264739990234375 seconds ---
current quantity:  0
No product to buy! sleep 10 secs
item name you're checking is:  MONTHLY COLORS : OCTOBER 
product names are: 
(0, 1)
quantity to buy:  1
(0, 2)
quantity to buy:  2
(0, 3)
quantity to buy:  2
(4, 1)
quantity to buy:  1
There are 0 items you can buy!
---1.146484136581421 seconds ---
current quantity:  0
No product to buy! sleep 10 secs
item name you're checking is:  MONTHLY COLORS : OCTOBER 
product names are: 
(0, 1)
quantity to buy:  1
(0, 2)
quantity to buy:  2
(0, 3)
quantity to buy:  2
(4, 1)
quantity to buy:  1
There are 0 items you can buy!
---1.1061360836029053 seconds ---
current quantity:  0
No product to buy! sleep 10 secs
item name you're checking is:  MONTHLY COLORS : OCTOBER 
product names are: 
(0, 1)
quantity to buy:  1
(0, 2)
quantity to buy:  2
(0, 3)
quantity to buy:  2
(4, 1)
quantity to buy:  1
There are 0 items you can buy!
---1.1562979221343994 seconds ---
current quantity:  0
No product to buy! sleep 10 secs
item name you're checking is:  MONTHLY COLORS : OCTOBER 
product names are: 
(0, 1)
quantity to buy:  1
(0, 2)
quantity to buy:  2
(0, 3)
quantity to buy:  2
(4, 1)
quantity to buy:  1
There are 0 items you can buy!
---1.0814852714538574 seconds ---
current quantity:  0
No product to buy! sleep 10 secs
item name you're checking is:  MONTHLY COLORS : OCTOBER 
product names are: 
(0, 1)
quantity to buy:  1
(0, 2)
quantity to buy:  2
(0, 3)
quantity to buy:  2
(4, 1)
quantity to buy:  1
There are 0 items you can buy!
---1.0910019874572754 seconds ---
current quantity:  0
No product to buy! sleep 10 secs
item name you're checking is:  MONTHLY COLORS : OCTOBER 
product names are: 
(0, 1)
quantity to buy:  1
(0, 2)
quantity to buy:  2
(0, 3)
quantity to buy:  2
(4, 1)
quantity to buy:  1
There are 0 items you can buy!
---1.047044038772583 seconds ---
current quantity:  0
No product to buy! sleep 10 secs
item name you're checking is:  MONTHLY COLORS : OCTOBER 
product names are: 
(0, 1)
quantity to buy:  1
(0, 2)
quantity to buy:  2
(0, 3)
quantity to buy:  2
(4, 1)
quantity to buy:  1
There are 0 items you can buy!
---1.3973679542541504 seconds ---
current quantity:  0
No product to buy! sleep 10 secs
item name you're checking is:  MONTHLY COLORS : OCTOBER 
product names are: 
(0, 1)
quantity to buy:  1
(0, 2)
quantity to buy:  2
(0, 3)
quantity to buy:  2
(4, 1)
quantity to buy:  1
There are 0 items you can buy!
---1.0210869312286377 seconds ---
current quantity:  0
No product to buy! sleep 10 secs
item name you're checking is:  MONTHLY COLORS : OCTOBER 
product names are: 
(0, 1)
quantity to buy:  1
(0, 2)
quantity to buy:  2
(0, 3)
quantity to buy:  2
(4, 1)
quantity to buy:  1
There are 0 items you can buy!
---1.3120217323303223 seconds ---
current quantity:  0
No product to buy! sleep 10 secs
item name you're checking is:  MONTHLY COLORS : OCTOBER 
product names are: 
(0, 1)
quantity to buy:  1
(0, 2)
quantity to buy:  2
(0, 3)
quantity to buy:  2
(4, 1)
quantity to buy:  1
There are 0 items you can buy!
---1.1653199195861816 seconds ---
current quantity:  0
No product to buy! sleep 10 secs
item name you're checking is:  MONTHLY COLORS : OCTOBER 
product names are: 
(0, 1)
quantity to buy:  1
(0, 2)
quantity to buy:  2
(0, 3)
quantity to buy:  2
(4, 1)
quantity to buy:  1
There are 0 items you can buy!
---1.3382270336151123 seconds ---
current quantity:  0
No product to buy! sleep 10 secs
item name you're checking is:  MONTHLY COLORS : OCTOBER 
product names are: 
(0, 1)
quantity to buy:  1
(0, 2)
quantity to buy:  2
(0, 3)
quantity to buy:  2
(4, 1)
quantity to buy:  1
There are 0 items you can buy!
---1.3796818256378174 seconds ---
current quantity:  0
No product to buy! sleep 10 secs
item name you're checking is:  MONTHLY COLORS : OCTOBER 
product names are: 
(0, 1)
quantity to buy:  1
(0, 2)
quantity to buy:  2
(0, 3)
quantity to buy:  2
(4, 1)
quantity to buy:  1
There are 0 items you can buy!
---1.2425026893615723 seconds ---
current quantity:  0
No product to buy! sleep 10 secs
item name you're checking is:  MONTHLY COLORS : OCTOBER 
product names are: 
(0, 1)
quantity to buy:  1
(0, 2)
quantity to buy:  2
(0, 3)
quantity to buy:  2
(4, 1)
quantity to buy:  1
There are 0 items you can buy!
---1.0675511360168457 seconds ---
current quantity:  0
No product to buy! sleep 10 secs
item name you're checking is:  MONTHLY COLORS : OCTOBER 
product names are: 
(0, 1)
quantity to buy:  1
(0, 2)
quantity to buy:  2
(0, 3)
quantity to buy:  2
(4, 1)
quantity to buy:  1
There are 0 items you can buy!
---1.0851459503173828 seconds ---
current quantity:  0
No product to buy! sleep 10 secs
item name you're checking is:  MONTHLY COLORS : OCTOBER 
product names are: 
(0, 1)
quantity to buy:  1
(0, 2)
quantity to buy:  2
(0, 3)
quantity to buy:  2
(4, 1)
quantity to buy:  1
There are 0 items you can buy!
---1.2262158393859863 seconds ---
current quantity:  0
No product to buy! sleep 10 secs
item name you're checking is:  MONTHLY COLORS : OCTOBER 
product names are: 
(0, 1)
quantity to buy:  1
(0, 2)
quantity to buy:  2
(0, 3)
quantity to buy:  2
(4, 1)
quantity to buy:  1
There are 0 items you can buy!
---1.3766217231750488 seconds ---
current quantity:  0
No product to buy! sleep 10 secs
item name you're checking is:  MONTHLY COLORS : OCTOBER 
product names are: 
(0, 1)
quantity to buy:  1
(0, 2)
quantity to buy:  2
(0, 3)
quantity to buy:  2
(4, 1)
quantity to buy:  1
There are 0 items you can buy!
---1.2955408096313477 seconds ---
current quantity:  0
No product to buy! sleep 10 secs
item name you're checking is:  MONTHLY COLORS : OCTOBER 
product names are: 
(0, 1)
quantity to buy:  1
(0, 2)
quantity to buy:  2
(0, 3)
quantity to buy:  2
(4, 1)
quantity to buy:  1
There are 0 items you can buy!
---1.2792389392852783 seconds ---
current quantity:  0
No product to buy! sleep 10 secs
item name you're checking is:  MONTHLY COLORS : OCTOBER 
product names are: 
(0, 1)
quantity to buy:  1
(0, 2)
quantity to buy:  2
(0, 3)
quantity to buy:  2
(4, 1)
quantity to buy:  1
There are 0 items you can buy!
---1.3882648944854736 seconds ---
current quantity:  0
No product to buy! sleep 10 secs
item name you're checking is:  MONTHLY COLORS : OCTOBER 
product names are: 
(0, 1)
quantity to buy:  1
(0, 2)
quantity to buy:  2
(0, 3)
quantity to buy:  2
(4, 1)
quantity to buy:  1
There are 0 items you can buy!
---1.051090955734253 seconds ---
current quantity:  0
No product to buy! sleep 10 secs
item name you're checking is:  MONTHLY COLORS : OCTOBER 
product names are: 
(0, 1)
quantity to buy:  1
(0, 2)
quantity to buy:  2
(0, 3)
quantity to buy:  2
(4, 1)
quantity to buy:  1
There are 0 items you can buy!
---1.1160051822662354 seconds ---
current quantity:  0
No product to buy! sleep 10 secs
item name you're checking is:  MONTHLY COLORS : OCTOBER 
product names are: 
(0, 1)
quantity to buy:  1
(0, 2)
quantity to buy:  2
(0, 3)
quantity to buy:  2
(4, 1)
quantity to buy:  1
There are 0 items you can buy!
---1.1754391193389893 seconds ---
current quantity:  0
No product to buy! sleep 10 secs
item name you're checking is:  MONTHLY COLORS : OCTOBER 
product names are: 
(0, 1)
quantity to buy:  1
(0, 2)
quantity to buy:  2
(0, 3)
quantity to buy:  2
(4, 1)
quantity to buy:  1
There are 0 items you can buy!
---1.2050650119781494 seconds ---
current quantity:  0
No product to buy! sleep 10 secs
item name you're checking is:  MONTHLY COLORS : OCTOBER 
product names are: 
(0, 1)
quantity to buy:  1
(0, 2)
quantity to buy:  2
(0, 3)
quantity to buy:  2
(4, 1)
quantity to buy:  1
There are 0 items you can buy!
---0.9673051834106445 seconds ---
current quantity:  0
No product to buy! sleep 10 secs
item name you're checking is:  MONTHLY COLORS : OCTOBER 
product names are: 
(0, 1)
quantity to buy:  1
(0, 2)
quantity to buy:  2
(0, 3)
quantity to buy:  2
(4, 1)
quantity to buy:  1
There are 0 items you can buy!
---0.9753730297088623 seconds ---
current quantity:  0
No product to buy! sleep 10 secs
item name you're checking is:  MONTHLY COLORS : OCTOBER 
product names are: 
(0, 1)
quantity to buy:  1
(0, 2)
quantity to buy:  2
(0, 3)
quantity to buy:  2
(4, 1)
quantity to buy:  1
There are 0 items you can buy!
---1.1026949882507324 seconds ---
current quantity:  0
No product to buy! sleep 10 secs
item name you're checking is:  MONTHLY COLORS : OCTOBER 
product names are: 
(0, 1)
quantity to buy:  1
(0, 2)
quantity to buy:  2
(0, 3)
quantity to buy:  2
(4, 1)
quantity to buy:  1
There are 0 items you can buy!
---0.9639818668365479 seconds ---
current quantity:  0
No product to buy! sleep 10 secs
item name you're checking is:  MONTHLY COLORS : OCTOBER 
product names are: 
(0, 1)
quantity to buy:  1
(0, 2)
quantity to buy:  2
(0, 3)
quantity to buy:  2
(4, 1)
quantity to buy:  1
There are 0 items you can buy!
---1.0997779369354248 seconds ---
current quantity:  0
No product to buy! sleep 10 secs
item name you're checking is:  MONTHLY COLORS : OCTOBER 
product names are: 
(0, 1)
quantity to buy:  1
(0, 2)
quantity to buy:  2
(0, 3)
quantity to buy:  2
(4, 1)
quantity to buy:  1
There are 0 items you can buy!
---1.1481552124023438 seconds ---
current quantity:  0
No product to buy! sleep 10 secs
item name you're checking is:  MONTHLY COLORS : OCTOBER 
product names are: 
(0, 1)
quantity to buy:  1
(0, 2)
quantity to buy:  2
(0, 3)
quantity to buy:  2
(4, 1)
quantity to buy:  1
There are 0 items you can buy!
---1.089076042175293 seconds ---
current quantity:  0
No product to buy! sleep 10 secs
item name you're checking is:  MONTHLY COLORS : OCTOBER 
product names are: 
(0, 1)
quantity to buy:  1
(0, 2)
quantity to buy:  2
(0, 3)
quantity to buy:  2
(4, 1)
quantity to buy:  1
There are 0 items you can buy!
---1.1301989555358887 seconds ---
current quantity:  0
No product to buy! sleep 10 secs
item name you're checking is:  MONTHLY COLORS : OCTOBER 
product names are: 
(0, 1)
quantity to buy:  1
(0, 2)
quantity to buy:  2
(0, 3)
quantity to buy:  2
(4, 1)
quantity to buy:  1
There are 0 items you can buy!
---1.1661550998687744 seconds ---
current quantity:  0
No product to buy! sleep 10 secs
item name you're checking is:  MONTHLY COLORS : OCTOBER 
product names are: 
(0, 1)
quantity to buy:  1
(0, 2)
quantity to buy:  2
(0, 3)
quantity to buy:  2
(4, 1)
quantity to buy:  1
There are 0 items you can buy!
---1.4102120399475098 seconds ---
current quantity:  0
No product to buy! sleep 10 secs
item name you're checking is:  MONTHLY COLORS : OCTOBER 
product names are: 
(0, 1)
quantity to buy:  1
(0, 2)
quantity to buy:  2
(0, 3)
quantity to buy:  2
(4, 1)
quantity to buy:  1
There are 0 items you can buy!
---1.720736026763916 seconds ---
current quantity:  0
No product to buy! sleep 10 secs
item name you're checking is:  MONTHLY COLORS : OCTOBER 
product names are: 
(0, 1)
quantity to buy:  1
(0, 2)
quantity to buy:  2
(0, 3)
quantity to buy:  2
(4, 1)
quantity to buy:  1
There are 0 items you can buy!
---1.2280611991882324 seconds ---
current quantity:  0
No product to buy! sleep 10 secs
item name you're checking is:  MONTHLY COLORS : OCTOBER 
product names are: 
(0, 1)
quantity to buy:  1
(0, 2)
quantity to buy:  2
(0, 3)
quantity to buy:  2
(4, 1)
quantity to buy:  1
There are 0 items you can buy!
---1.1158990859985352 seconds ---
current quantity:  0
No product to buy! sleep 10 secs
item name you're checking is:  MONTHLY COLORS : OCTOBER 
product names are: 
(0, 1)
quantity to buy:  1
(0, 2)
quantity to buy:  2
(0, 3)
quantity to buy:  2
(4, 1)
quantity to buy:  1
There are 0 items you can buy!
---1.048604965209961 seconds ---
current quantity:  0
No product to buy! sleep 10 secs
item name you're checking is:  MONTHLY COLORS : OCTOBER 
product names are: 
(0, 1)
quantity to buy:  1
(0, 2)
quantity to buy:  2
(0, 3)
quantity to buy:  2
(4, 1)
quantity to buy:  1
There are 0 items you can buy!
---1.0860037803649902 seconds ---
current quantity:  0
No product to buy! sleep 10 secs
item name you're checking is:  MONTHLY COLORS : OCTOBER 
product names are: 
(0, 1)
quantity to buy:  1
(0, 2)
quantity to buy:  2
(0, 3)
quantity to buy:  2
(4, 1)
quantity to buy:  1
There are 0 items you can buy!
---1.1871280670166016 seconds ---
current quantity:  0
No product to buy! sleep 10 secs
item name you're checking is:  MONTHLY COLORS : OCTOBER 
product names are: 
(0, 1)
quantity to buy:  1
(0, 2)
quantity to buy:  2
(0, 3)
quantity to buy:  2
(4, 1)
quantity to buy:  1
There are 0 items you can buy!
---1.0878839492797852 seconds ---
current quantity:  0
No product to buy! sleep 10 secs
item name you're checking is:  MONTHLY COLORS : OCTOBER 
product names are: 
(0, 1)
quantity to buy:  1
(0, 2)
quantity to buy:  2
(0, 3)
quantity to buy:  2
(4, 1)
quantity to buy:  1
There are 0 items you can buy!
---1.2854509353637695 seconds ---
current quantity:  0
No product to buy! sleep 10 secs
item name you're checking is:  MONTHLY COLORS : OCTOBER 
product names are: 
(0, 1)
quantity to buy:  1
(0, 2)
quantity to buy:  2
(0, 3)
quantity to buy:  2
(4, 1)
quantity to buy:  1
There are 0 items you can buy!
---1.245682954788208 seconds ---
current quantity:  0
No product to buy! sleep 10 secs
item name you're checking is:  MONTHLY COLORS : OCTOBER 
product names are: 
(0, 1)
quantity to buy:  1
(0, 2)
quantity to buy:  2
(0, 3)
quantity to buy:  2
(4, 1)
quantity to buy:  1
There are 0 items you can buy!
---1.300605058670044 seconds ---
current quantity:  0
No product to buy! sleep 10 secs
item name you're checking is:  MONTHLY COLORS : OCTOBER 
product names are: 
(0, 1)
quantity to buy:  1
(0, 2)
quantity to buy:  2
(0, 3)
quantity to buy:  2
(4, 1)
quantity to buy:  1
There are 0 items you can buy!
---1.1607880592346191 seconds ---
current quantity:  0
No product to buy! sleep 10 secs
item name you're checking is:  MONTHLY COLORS : OCTOBER 
product names are: 
(0, 1)
quantity to buy:  1
(0, 2)
quantity to buy:  2
(0, 3)
quantity to buy:  2
(4, 1)
quantity to buy:  1
There are 0 items you can buy!
---1.1992030143737793 seconds ---
current quantity:  0
No product to buy! sleep 10 secs
item name you're checking is:  MONTHLY COLORS : OCTOBER 
product names are: 
(0, 1)
quantity to buy:  1
(0, 2)
quantity to buy:  2
(0, 3)
quantity to buy:  2
(4, 1)
quantity to buy:  1
There are 0 items you can buy!
---1.2674221992492676 seconds ---
current quantity:  0
No product to buy! sleep 10 secs
item name you're checking is:  MONTHLY COLORS : OCTOBER 
product names are: 
(0, 1)
quantity to buy:  1
(0, 2)
quantity to buy:  2
(0, 3)
quantity to buy:  2
(4, 1)
quantity to buy:  1
There are 0 items you can buy!
---1.2945001125335693 seconds ---
current quantity:  0
No product to buy! sleep 10 secs
item name you're checking is:  MONTHLY COLORS : OCTOBER 
product names are: 
(0, 1)
quantity to buy:  1
(0, 2)
quantity to buy:  2
(0, 3)
quantity to buy:  2
(4, 1)
quantity to buy:  1
There are 0 items you can buy!
---1.2390978336334229 seconds ---
current quantity:  0
No product to buy! sleep 10 secs
item name you're checking is:  MONTHLY COLORS : OCTOBER 
product names are: 
(0, 1)
quantity to buy:  1
(0, 2)
quantity to buy:  2
(0, 3)
quantity to buy:  2
(4, 1)
quantity to buy:  1
There are 0 items you can buy!
---1.1075057983398438 seconds ---
current quantity:  0
No product to buy! sleep 10 secs
item name you're checking is:  MONTHLY COLORS : OCTOBER 
product names are: 
(0, 1)
quantity to buy:  1
(0, 2)
quantity to buy:  2
(0, 3)
quantity to buy:  2
(4, 1)
quantity to buy:  1
There are 0 items you can buy!
---1.1799862384796143 seconds ---
current quantity:  0
No product to buy! sleep 10 secs
item name you're checking is:  MONTHLY COLORS : OCTOBER 
product names are: 
(0, 1)
quantity to buy:  1
(0, 2)
quantity to buy:  2
(0, 3)
quantity to buy:  2
(4, 1)
quantity to buy:  1
There are 0 items you can buy!
---1.0849618911743164 seconds ---
current quantity:  0
No product to buy! sleep 10 secs
item name you're checking is:  MONTHLY COLORS : OCTOBER 
product names are: 
(0, 1)
quantity to buy:  1
(0, 2)
quantity to buy:  2
(0, 3)
quantity to buy:  2
(4, 1)
quantity to buy:  1
There are 0 items you can buy!
---1.4031929969787598 seconds ---
current quantity:  0
No product to buy! sleep 10 secs
item name you're checking is:  MONTHLY COLORS : OCTOBER 
product names are: 
(0, 1)
quantity to buy:  1
(0, 2)
quantity to buy:  2
(0, 3)
quantity to buy:  2
(4, 1)
quantity to buy:  1
There are 0 items you can buy!
---1.2696771621704102 seconds ---
current quantity:  0
No product to buy! sleep 10 secs
item name you're checking is:  MONTHLY COLORS : OCTOBER 
product names are: 
(0, 1)
quantity to buy:  1
(0, 2)
quantity to buy:  2
(0, 3)
quantity to buy:  2
(4, 1)
quantity to buy:  1
There are 0 items you can buy!
---1.2763738632202148 seconds ---
current quantity:  0
No product to buy! sleep 10 secs
item name you're checking is:  MONTHLY COLORS : OCTOBER 
product names are: 
(0, 1)
quantity to buy:  1
(0, 2)
quantity to buy:  2
(0, 3)
quantity to buy:  2
(4, 1)
quantity to buy:  1
There are 0 items you can buy!
---1.7560920715332031 seconds ---
current quantity:  0
No product to buy! sleep 10 secs
item name you're checking is:  MONTHLY COLORS : OCTOBER 
product names are: 
(0, 1)
quantity to buy:  1
click button!
(0, 2)
quantity to buy:  2
click button!
idx is:  0
try to login!
click login button!
---14.123411178588867 seconds ---
go to cart!
clear cart start!
clear Done!
item need to buy count:  6
item_to_buy:  {(0, 1): 1, (0, 2): 2, (0, 3): 2, (4, 1): 1}
item name you're checking is:  MONTHLY COLORS : OCTOBER 
product names are: 
(0, 1)
quantity to buy:  1
(0, 2)
quantity to buy:  2
(0, 3)
quantity to buy:  2
(4, 1)
quantity to buy:  1
There are 0 items you can buy!
---11.428679943084717 seconds ---
quantity:  0
No product to buy! sleep 10 secs
item name you're checking is:  MONTHLY COLORS : OCTOBER 
product names are: 
(0, 1)
quantity to buy:  1
(0, 2)
quantity to buy:  2
(0, 3)
quantity to buy:  2
(4, 1)
quantity to buy:  1
There are 0 items you can buy!
---1.6826050281524658 seconds ---
current quantity:  0
No product to buy! sleep 10 secs
item name you're checking is:  MONTHLY COLORS : OCTOBER 
product names are: 
(0, 1)
quantity to buy:  1
(0, 2)
quantity to buy:  2
(0, 3)
quantity to buy:  2
(4, 1)
quantity to buy:  1
There are 0 items you can buy!
---1.7903611660003662 seconds ---
current quantity:  0
No product to buy! sleep 10 secs
item name you're checking is:  MONTHLY COLORS : OCTOBER 
product names are: 
(0, 1)
quantity to buy:  1
(0, 2)
quantity to buy:  2
(0, 3)
quantity to buy:  2
(4, 1)
quantity to buy:  1
There are 0 items you can buy!
---1.1482768058776855 seconds ---
current quantity:  0
No product to buy! sleep 10 secs
item name you're checking is:  MONTHLY COLORS : OCTOBER 
product names are: 
(0, 1)
quantity to buy:  1
(0, 2)
quantity to buy:  2
(0, 3)
quantity to buy:  2
(4, 1)
quantity to buy:  1
There are 0 items you can buy!
---1.1538302898406982 seconds ---
current quantity:  0
No product to buy! sleep 10 secs
item name you're checking is:  MONTHLY COLORS : OCTOBER 
product names are: 
(0, 1)
quantity to buy:  1
(0, 2)
quantity to buy:  2
(0, 3)
quantity to buy:  2
(4, 1)
quantity to buy:  1
There are 0 items you can buy!
---4.563887119293213 seconds ---
current quantity:  0
No product to buy! sleep 10 secs
item name you're checking is:  MONTHLY COLORS : OCTOBER 
product names are: 
(0, 1)
quantity to buy:  1
(0, 2)
quantity to buy:  2
(0, 3)
quantity to buy:  2
(4, 1)
quantity to buy:  1
There are 0 items you can buy!
---1.802076816558838 seconds ---
current quantity:  0
No product to buy! sleep 10 secs
item name you're checking is:  MONTHLY COLORS : OCTOBER 
product names are: 
(0, 1)
quantity to buy:  1
(0, 2)
quantity to buy:  2
(0, 3)
quantity to buy:  2
(4, 1)
quantity to buy:  1
There are 0 items you can buy!
---1.1958928108215332 seconds ---
current quantity:  0
No product to buy! sleep 10 secs
item name you're checking is:  MONTHLY COLORS : OCTOBER 
product names are: 
(0, 1)
quantity to buy:  1
(0, 2)
quantity to buy:  2
(0, 3)
quantity to buy:  2
(4, 1)
quantity to buy:  1
There are 0 items you can buy!
---1.0335381031036377 seconds ---
current quantity:  0
No product to buy! sleep 10 secs
item name you're checking is:  MONTHLY COLORS : OCTOBER 
product names are: 
(0, 1)
quantity to buy:  1
(0, 2)
quantity to buy:  2
(0, 3)
quantity to buy:  2
(4, 1)
quantity to buy:  1
There are 0 items you can buy!
---1.0655338764190674 seconds ---
current quantity:  0
No product to buy! sleep 10 secs
item name you're checking is:  MONTHLY COLORS : OCTOBER 
product names are: 
(0, 1)
quantity to buy:  1
(0, 2)
quantity to buy:  2
(0, 3)
quantity to buy:  2
(4, 1)
quantity to buy:  1
There are 0 items you can buy!
---1.187943935394287 seconds ---
current quantity:  0
No product to buy! sleep 10 secs
item name you're checking is:  MONTHLY COLORS : OCTOBER 
product names are: 
(0, 1)
quantity to buy:  1
(0, 2)
quantity to buy:  2
(0, 3)
quantity to buy:  2
(4, 1)
quantity to buy:  1
There are 0 items you can buy!
---1.0497491359710693 seconds ---
current quantity:  0
No product to buy! sleep 10 secs
item name you're checking is:  MONTHLY COLORS : OCTOBER 
product names are: 
(0, 1)
quantity to buy:  1
(0, 2)
quantity to buy:  2
(0, 3)
quantity to buy:  2
(4, 1)
quantity to buy:  1
There are 0 items you can buy!
---1.0346691608428955 seconds ---
current quantity:  0
No product to buy! sleep 10 secs
item name you're checking is:  MONTHLY COLORS : OCTOBER 
product names are: 
(0, 1)
quantity to buy:  1
(0, 2)
quantity to buy:  2
(0, 3)
quantity to buy:  2
(4, 1)
quantity to buy:  1
There are 0 items you can buy!
---1.2277030944824219 seconds ---
current quantity:  0
No product to buy! sleep 10 secs
item name you're checking is:  MONTHLY COLORS : OCTOBER 
product names are: 
(0, 1)
quantity to buy:  1
(0, 2)
quantity to buy:  2
(0, 3)
quantity to buy:  2
(4, 1)
quantity to buy:  1
There are 0 items you can buy!
---1.1218798160552979 seconds ---
current quantity:  0
No product to buy! sleep 10 secs
item name you're checking is:  MONTHLY COLORS : OCTOBER 
product names are: 
(0, 1)
quantity to buy:  1
(0, 2)
quantity to buy:  2
(0, 3)
quantity to buy:  2
(4, 1)
quantity to buy:  1
There are 0 items you can buy!
---1.2049651145935059 seconds ---
current quantity:  0
No product to buy! sleep 10 secs
item name you're checking is:  MONTHLY COLORS : OCTOBER 
product names are: 
(0, 1)
quantity to buy:  1
(0, 2)
quantity to buy:  2
(0, 3)
quantity to buy:  2
(4, 1)
quantity to buy:  1
There are 0 items you can buy!
---1.2457668781280518 seconds ---
current quantity:  0
No product to buy! sleep 10 secs
item name you're checking is:  MONTHLY COLORS : OCTOBER 
product names are: 
(0, 1)
quantity to buy:  1
(0, 2)
quantity to buy:  2
(0, 3)
quantity to buy:  2
(4, 1)
quantity to buy:  1
There are 0 items you can buy!
---1.3082358837127686 seconds ---
current quantity:  0
No product to buy! sleep 10 secs
item name you're checking is:  MONTHLY COLORS : OCTOBER 
product names are: 
(0, 1)
quantity to buy:  1
(0, 2)
quantity to buy:  2
(0, 3)
quantity to buy:  2
(4, 1)
quantity to buy:  1
There are 0 items you can buy!
---1.1935911178588867 seconds ---
current quantity:  0
No product to buy! sleep 10 secs
item name you're checking is:  MONTHLY COLORS : OCTOBER 
product names are: 
(0, 1)
quantity to buy:  1
(0, 2)
quantity to buy:  2
(0, 3)
quantity to buy:  2
(4, 1)
quantity to buy:  1
There are 0 items you can buy!
---1.0916438102722168 seconds ---
current quantity:  0
No product to buy! sleep 10 secs
item name you're checking is:  MONTHLY COLORS : OCTOBER 
product names are: 
(0, 1)
quantity to buy:  1
(0, 2)
quantity to buy:  2
(0, 3)
quantity to buy:  2
(4, 1)
quantity to buy:  1
There are 0 items you can buy!
---1.2263069152832031 seconds ---
current quantity:  0
No product to buy! sleep 10 secs
item name you're checking is:  MONTHLY COLORS : OCTOBER 
product names are: 
(0, 1)
quantity to buy:  1
(0, 2)
quantity to buy:  2
(0, 3)
quantity to buy:  2
(4, 1)
quantity to buy:  1
There are 0 items you can buy!
---1.1282730102539062 seconds ---
current quantity:  0
No product to buy! sleep 10 secs
item name you're checking is:  MONTHLY COLORS : OCTOBER 
product names are: 
(0, 1)
quantity to buy:  1
(0, 2)
quantity to buy:  2
(0, 3)
quantity to buy:  2
(4, 1)
quantity to buy:  1
There are 0 items you can buy!
---1.3988630771636963 seconds ---
current quantity:  0
No product to buy! sleep 10 secs
item name you're checking is:  MONTHLY COLORS : OCTOBER 
product names are: 
(0, 1)
quantity to buy:  1
(0, 2)
quantity to buy:  2
(0, 3)
quantity to buy:  2
(4, 1)
quantity to buy:  1
There are 0 items you can buy!
---1.1039009094238281 seconds ---
current quantity:  0
No product to buy! sleep 10 secs
item name you're checking is:  MONTHLY COLORS : OCTOBER 
product names are: 
(0, 1)
quantity to buy:  1
(0, 2)
quantity to buy:  2
(0, 3)
quantity to buy:  2
(4, 1)
quantity to buy:  1
There are 0 items you can buy!
---1.572312831878662 seconds ---
current quantity:  0
No product to buy! sleep 10 secs
item name you're checking is:  MONTHLY COLORS : OCTOBER 
product names are: 
(0, 1)
quantity to buy:  1
(0, 2)
quantity to buy:  2
(0, 3)
quantity to buy:  2
(4, 1)
quantity to buy:  1
There are 0 items you can buy!
---1.1914899349212646 seconds ---
current quantity:  0
No product to buy! sleep 10 secs
item name you're checking is:  MONTHLY COLORS : OCTOBER 
product names are: 
(0, 1)
quantity to buy:  1
(0, 2)
quantity to buy:  2
(0, 3)
quantity to buy:  2
(4, 1)
quantity to buy:  1
There are 0 items you can buy!
---1.1529321670532227 seconds ---
current quantity:  0
No product to buy! sleep 10 secs
item name you're checking is:  MONTHLY COLORS : OCTOBER 
product names are: 
(0, 1)
quantity to buy:  1
(0, 2)
quantity to buy:  2
(0, 3)
quantity to buy:  2
(4, 1)
quantity to buy:  1
There are 0 items you can buy!
---1.2666921615600586 seconds ---
current quantity:  0
No product to buy! sleep 10 secs
item name you're checking is:  MONTHLY COLORS : OCTOBER 
product names are: 
(0, 1)
quantity to buy:  1
(0, 2)
quantity to buy:  2
(0, 3)
quantity to buy:  2
(4, 1)
quantity to buy:  1
There are 0 items you can buy!
---1.1663711071014404 seconds ---
current quantity:  0
No product to buy! sleep 10 secs
item name you're checking is:  MONTHLY COLORS : OCTOBER 
product names are: 
(0, 1)
quantity to buy:  1
(0, 2)
quantity to buy:  2
(0, 3)
quantity to buy:  2
(4, 1)
quantity to buy:  1
There are 0 items you can buy!
---1.3566670417785645 seconds ---
current quantity:  0
No product to buy! sleep 10 secs
item name you're checking is:  MONTHLY COLORS : OCTOBER 
product names are: 
(0, 1)
quantity to buy:  1
(0, 2)
quantity to buy:  2
(0, 3)
quantity to buy:  2
(4, 1)
quantity to buy:  1
There are 0 items you can buy!
---1.1877880096435547 seconds ---
current quantity:  0
No product to buy! sleep 10 secs
item name you're checking is:  MONTHLY COLORS : OCTOBER 
product names are: 
(0, 1)
quantity to buy:  1
(0, 2)
quantity to buy:  2
(0, 3)
quantity to buy:  2
(4, 1)
quantity to buy:  1
There are 0 items you can buy!
---1.2146539688110352 seconds ---
current quantity:  0
No product to buy! sleep 10 secs
item name you're checking is:  MONTHLY COLORS : OCTOBER 
product names are: 
(0, 1)
quantity to buy:  1
(0, 2)
quantity to buy:  2
(0, 3)
quantity to buy:  2
(4, 1)
quantity to buy:  1
There are 0 items you can buy!
---1.7022788524627686 seconds ---
current quantity:  0
No product to buy! sleep 10 secs
item name you're checking is:  MONTHLY COLORS : OCTOBER 
product names are: 
(0, 1)
quantity to buy:  1
(0, 2)
quantity to buy:  2
(0, 3)
quantity to buy:  2
(4, 1)
quantity to buy:  1
There are 0 items you can buy!
---1.5160257816314697 seconds ---
current quantity:  0
No product to buy! sleep 10 secs
item name you're checking is:  MONTHLY COLORS : OCTOBER 
product names are: 
(0, 1)
quantity to buy:  1
(0, 2)
quantity to buy:  2
(0, 3)
quantity to buy:  2
(4, 1)
quantity to buy:  1
There are 0 items you can buy!
---1.2228007316589355 seconds ---
current quantity:  0
No product to buy! sleep 10 secs
item name you're checking is:  MONTHLY COLORS : OCTOBER 
product names are: 
(0, 1)
quantity to buy:  1
(0, 2)
quantity to buy:  2
(0, 3)
quantity to buy:  2
(4, 1)
quantity to buy:  1
There are 0 items you can buy!
---1.2623670101165771 seconds ---
current quantity:  0
No product to buy! sleep 10 secs
item name you're checking is:  MONTHLY COLORS : OCTOBER 
product names are: 
(0, 1)
quantity to buy:  1
(0, 2)
quantity to buy:  2
(0, 3)
quantity to buy:  2
(4, 1)
quantity to buy:  1
There are 0 items you can buy!
---1.0796048641204834 seconds ---
current quantity:  0
No product to buy! sleep 10 secs
item name you're checking is:  MONTHLY COLORS : OCTOBER 
product names are: 
(0, 1)
quantity to buy:  1
(0, 2)
quantity to buy:  2
(0, 3)
quantity to buy:  2
(4, 1)
quantity to buy:  1
There are 0 items you can buy!
---1.130021095275879 seconds ---
current quantity:  0
No product to buy! sleep 10 secs
item name you're checking is:  MONTHLY COLORS : OCTOBER 
product names are: 
(0, 1)
quantity to buy:  1
(0, 2)
quantity to buy:  2
(0, 3)
quantity to buy:  2
(4, 1)
quantity to buy:  1
There are 0 items you can buy!
---1.0304179191589355 seconds ---
current quantity:  0
No product to buy! sleep 10 secs
item name you're checking is:  MONTHLY COLORS : OCTOBER 
product names are: 
(0, 1)
quantity to buy:  1
(0, 2)
quantity to buy:  2
(0, 3)
quantity to buy:  2
(4, 1)
quantity to buy:  1
There are 0 items you can buy!
---3.5450899600982666 seconds ---
current quantity:  0
No product to buy! sleep 10 secs
item name you're checking is:  MONTHLY COLORS : OCTOBER 
product names are: 
(0, 1)
quantity to buy:  1
(0, 2)
quantity to buy:  2
(0, 3)
quantity to buy:  2
(4, 1)
quantity to buy:  1
There are 0 items you can buy!
---1.9905428886413574 seconds ---
current quantity:  0
No product to buy! sleep 10 secs
item name you're checking is:  MONTHLY COLORS : OCTOBER 
product names are: 
(0, 1)
quantity to buy:  1
(0, 2)
quantity to buy:  2
(0, 3)
quantity to buy:  2
(4, 1)
quantity to buy:  1
There are 0 items you can buy!
---2.960552215576172 seconds ---
current quantity:  0
No product to buy! sleep 10 secs
item name you're checking is:  MONTHLY COLORS : OCTOBER 
product names are: 
(0, 1)
quantity to buy:  1
(0, 2)
quantity to buy:  2
(0, 3)
quantity to buy:  2
(4, 1)
quantity to buy:  1
There are 0 items you can buy!
---1.187309980392456 seconds ---
current quantity:  0
No product to buy! sleep 10 secs
item name you're checking is:  MONTHLY COLORS : OCTOBER 
product names are: 
(0, 1)
quantity to buy:  1
(0, 2)
quantity to buy:  2
(0, 3)
quantity to buy:  2
(4, 1)
quantity to buy:  1
There are 0 items you can buy!
---1.1875648498535156 seconds ---
current quantity:  0
No product to buy! sleep 10 secs
item name you're checking is:  MONTHLY COLORS : OCTOBER 
product names are: 
(0, 1)
quantity to buy:  1
(0, 2)
quantity to buy:  2
(0, 3)
quantity to buy:  2
(4, 1)
quantity to buy:  1
There are 0 items you can buy!
---1.1515660285949707 seconds ---
current quantity:  0
No product to buy! sleep 10 secs
item name you're checking is:  MONTHLY COLORS : OCTOBER 
product names are: 
(0, 1)
quantity to buy:  1
(0, 2)
quantity to buy:  2
(0, 3)
quantity to buy:  2
(4, 1)
quantity to buy:  1
There are 0 items you can buy!
---1.3039870262145996 seconds ---
current quantity:  0
No product to buy! sleep 10 secs
item name you're checking is:  MONTHLY COLORS : OCTOBER 
product names are: 
(0, 1)
quantity to buy:  1
(0, 2)
quantity to buy:  2
(0, 3)
quantity to buy:  2
(4, 1)
quantity to buy:  1
There are 0 items you can buy!
---1.145293951034546 seconds ---
current quantity:  0
No product to buy! sleep 10 secs
item name you're checking is:  MONTHLY COLORS : OCTOBER 
product names are: 
(0, 1)
quantity to buy:  1
(0, 2)
quantity to buy:  2
(0, 3)
quantity to buy:  2
(4, 1)
quantity to buy:  1
There are 0 items you can buy!
---1.3652141094207764 seconds ---
current quantity:  0
No product to buy! sleep 10 secs
item name you're checking is:  MONTHLY COLORS : OCTOBER 
product names are: 
(0, 1)
quantity to buy:  1
(0, 2)
quantity to buy:  2
(0, 3)
quantity to buy:  2
(4, 1)
quantity to buy:  1
There are 0 items you can buy!
---1.0837452411651611 seconds ---
current quantity:  0
No product to buy! sleep 10 secs
item name you're checking is:  MONTHLY COLORS : OCTOBER 
product names are: 
(0, 1)
quantity to buy:  1
(0, 2)
quantity to buy:  2
(0, 3)
quantity to buy:  2
(4, 1)
quantity to buy:  1
There are 0 items you can buy!
---1.134516954421997 seconds ---
current quantity:  0
No product to buy! sleep 10 secs
item name you're checking is:  MONTHLY COLORS : OCTOBER 
product names are: 
(0, 1)
quantity to buy:  1
(0, 2)
quantity to buy:  2
(0, 3)
quantity to buy:  2
(4, 1)
quantity to buy:  1
There are 0 items you can buy!
---1.2820498943328857 seconds ---
current quantity:  0
No product to buy! sleep 10 secs
item name you're checking is:  MONTHLY COLORS : OCTOBER 
product names are: 
(0, 1)
quantity to buy:  1
(0, 2)
quantity to buy:  2
(0, 3)
quantity to buy:  2
(4, 1)
quantity to buy:  1
There are 0 items you can buy!
---1.1351428031921387 seconds ---
current quantity:  0
No product to buy! sleep 10 secs
item name you're checking is:  MONTHLY COLORS : OCTOBER 
product names are: 
(0, 1)
quantity to buy:  1
(0, 2)
quantity to buy:  2
(0, 3)
quantity to buy:  2
(4, 1)
quantity to buy:  1
There are 0 items you can buy!
---1.299471139907837 seconds ---
current quantity:  0
No product to buy! sleep 10 secs
item name you're checking is:  MONTHLY COLORS : OCTOBER 
product names are: 
(0, 1)
quantity to buy:  1
(0, 2)
quantity to buy:  2
(0, 3)
quantity to buy:  2
(4, 1)
quantity to buy:  1
There are 0 items you can buy!
---1.4107089042663574 seconds ---
current quantity:  0
No product to buy! sleep 10 secs
item name you're checking is:  MONTHLY COLORS : OCTOBER 
product names are: 
(0, 1)
quantity to buy:  1
(0, 2)
quantity to buy:  2
(0, 3)
quantity to buy:  2
(4, 1)
quantity to buy:  1
There are 0 items you can buy!
---1.3166091442108154 seconds ---
current quantity:  0
No product to buy! sleep 10 secs
item name you're checking is:  MONTHLY COLORS : OCTOBER 
product names are: 
(0, 1)
quantity to buy:  1
(0, 2)
quantity to buy:  2
(0, 3)
quantity to buy:  2
(4, 1)
quantity to buy:  1
There are 0 items you can buy!
---1.368474006652832 seconds ---
current quantity:  0
No product to buy! sleep 10 secs
item name you're checking is:  MONTHLY COLORS : OCTOBER 
product names are: 
(0, 1)
quantity to buy:  1
(0, 2)
quantity to buy:  2
(0, 3)
quantity to buy:  2
(4, 1)
quantity to buy:  1
There are 0 items you can buy!
---2.6284921169281006 seconds ---
current quantity:  0
No product to buy! sleep 10 secs
item name you're checking is:  MONTHLY COLORS : OCTOBER 
product names are: 
(0, 1)
quantity to buy:  1
(0, 2)
quantity to buy:  2
(0, 3)
quantity to buy:  2
(4, 1)
quantity to buy:  1
There are 0 items you can buy!
---1.0518810749053955 seconds ---
current quantity:  0
No product to buy! sleep 10 secs
item name you're checking is:  MONTHLY COLORS : OCTOBER 
product names are: 
(0, 1)
quantity to buy:  1
(0, 2)
quantity to buy:  2
(0, 3)
quantity to buy:  2
(4, 1)
quantity to buy:  1
There are 0 items you can buy!
---1.2083561420440674 seconds ---
current quantity:  0
No product to buy! sleep 10 secs
item name you're checking is:  MONTHLY COLORS : OCTOBER 
product names are: 
(0, 1)
quantity to buy:  1
(0, 2)
quantity to buy:  2
(0, 3)
quantity to buy:  2
(4, 1)
quantity to buy:  1
There are 0 items you can buy!
---1.1935911178588867 seconds ---
current quantity:  0
No product to buy! sleep 10 secs
item name you're checking is:  MONTHLY COLORS : OCTOBER 
product names are: 
(0, 1)
quantity to buy:  1
(0, 2)
quantity to buy:  2
(0, 3)
quantity to buy:  2
(4, 1)
quantity to buy:  1
There are 0 items you can buy!
---1.031623125076294 seconds ---
current quantity:  0
No product to buy! sleep 10 secs
item name you're checking is:  MONTHLY COLORS : OCTOBER 
product names are: 
(0, 1)
quantity to buy:  1
(0, 2)
quantity to buy:  2
(0, 3)
quantity to buy:  2
(4, 1)
quantity to buy:  1
There are 0 items you can buy!
---1.0876049995422363 seconds ---
current quantity:  0
No product to buy! sleep 10 secs
item name you're checking is:  MONTHLY COLORS : OCTOBER 
product names are: 
(0, 1)
quantity to buy:  1
(0, 2)
quantity to buy:  2
(0, 3)
quantity to buy:  2
(4, 1)
quantity to buy:  1
There are 0 items you can buy!
---1.000063180923462 seconds ---
current quantity:  0
No product to buy! sleep 10 secs
item name you're checking is:  MONTHLY COLORS : OCTOBER 
product names are: 
(0, 1)
quantity to buy:  1
(0, 2)
quantity to buy:  2
(0, 3)
quantity to buy:  2
(4, 1)
quantity to buy:  1
There are 0 items you can buy!
---1.0377190113067627 seconds ---
current quantity:  0
No product to buy! sleep 10 secs
item name you're checking is:  MONTHLY COLORS : OCTOBER 
product names are: 
(0, 1)
quantity to buy:  1
(0, 2)
quantity to buy:  2
(0, 3)
quantity to buy:  2
(4, 1)
quantity to buy:  1
There are 0 items you can buy!
---1.1792478561401367 seconds ---
current quantity:  0
No product to buy! sleep 10 secs
item name you're checking is:  MONTHLY COLORS : OCTOBER 
product names are: 
(0, 1)
quantity to buy:  1
(0, 2)
quantity to buy:  2
(0, 3)
quantity to buy:  2
(4, 1)
quantity to buy:  1
There are 0 items you can buy!
---1.152641773223877 seconds ---
current quantity:  0
No product to buy! sleep 10 secs
item name you're checking is:  MONTHLY COLORS : OCTOBER 
product names are: 
(0, 1)
quantity to buy:  1
(0, 2)
quantity to buy:  2
(0, 3)
quantity to buy:  2
(4, 1)
quantity to buy:  1
There are 0 items you can buy!
---1.178166151046753 seconds ---
current quantity:  0
No product to buy! sleep 10 secs
item name you're checking is:  MONTHLY COLORS : OCTOBER 
product names are: 
(0, 1)
quantity to buy:  1
(0, 2)
quantity to buy:  2
(0, 3)
quantity to buy:  2
(4, 1)
quantity to buy:  1
There are 0 items you can buy!
---2.1057589054107666 seconds ---
current quantity:  0
No product to buy! sleep 10 secs
item name you're checking is:  MONTHLY COLORS : OCTOBER 
product names are: 
(0, 1)
quantity to buy:  1
(0, 2)
quantity to buy:  2
(0, 3)
quantity to buy:  2
(4, 1)
quantity to buy:  1
There are 0 items you can buy!
---2.003964900970459 seconds ---
current quantity:  0
No product to buy! sleep 10 secs
item name you're checking is:  MONTHLY COLORS : OCTOBER 
product names are: 
(0, 1)
quantity to buy:  1
(0, 2)
quantity to buy:  2
(0, 3)
quantity to buy:  2
(4, 1)
quantity to buy:  1
There are 0 items you can buy!
---1.5475490093231201 seconds ---
current quantity:  0
No product to buy! sleep 10 secs
item name you're checking is:  MONTHLY COLORS : OCTOBER 
product names are: 
(0, 1)
quantity to buy:  1
(0, 2)
quantity to buy:  2
(0, 3)
quantity to buy:  2
(4, 1)
quantity to buy:  1
There are 0 items you can buy!
---1.1021111011505127 seconds ---
current quantity:  0
No product to buy! sleep 10 secs
item name you're checking is:  MONTHLY COLORS : OCTOBER 
product names are: 
(0, 1)
quantity to buy:  1
(0, 2)
quantity to buy:  2
(0, 3)
quantity to buy:  2
(4, 1)
quantity to buy:  1
There are 0 items you can buy!
---1.517019271850586 seconds ---
current quantity:  0
No product to buy! sleep 10 secs
item name you're checking is:  MONTHLY COLORS : OCTOBER 
product names are: 
(0, 1)
quantity to buy:  1
button text:  
click button!
element not exist!
(0, 2)
quantity to buy:  2
button text:  
click button!
element not exist!
(0, 3)
quantity to buy:  2
button text:  
click button!
element not exist!
(4, 1)
quantity to buy:  1
button text:  
click button!
element not exist!
There are 0 items you can buy!
---1.4656939506530762 seconds ---
current quantity:  0
No product to buy! sleep 10 secs
item name you're checking is:  MONTHLY COLORS : OCTOBER 
product names are: 
(0, 1)
quantity to buy:  1
(0, 2)
quantity to buy:  2
(0, 3)
quantity to buy:  2
(4, 1)
quantity to buy:  1
There are 0 items you can buy!
---1.7763550281524658 seconds ---
current quantity:  0
No product to buy! sleep 10 secs
item name you're checking is:  MONTHLY COLORS : OCTOBER 
product names are: 
(0, 1)
quantity to buy:  1
(0, 2)
quantity to buy:  2
(0, 3)
quantity to buy:  2
(4, 1)
quantity to buy:  1
There are 0 items you can buy!
---1.7241508960723877 seconds ---
current quantity:  0
No product to buy! sleep 10 secs
item name you're checking is:  MONTHLY COLORS : OCTOBER 
product names are: 
(0, 1)
quantity to buy:  1
(0, 2)
quantity to buy:  2
(0, 3)
quantity to buy:  2
(4, 1)
quantity to buy:  1
There are 0 items you can buy!
---1.9688997268676758 seconds ---
current quantity:  0
No product to buy! sleep 10 secs
item name you're checking is:  MONTHLY COLORS : OCTOBER 
product names are: 
(0, 1)
quantity to buy:  1
(0, 2)
quantity to buy:  2
(0, 3)
quantity to buy:  2
(4, 1)
quantity to buy:  1
There are 0 items you can buy!
---2.398010730743408 seconds ---
current quantity:  0
No product to buy! sleep 10 secs
item name you're checking is:  MONTHLY COLORS : OCTOBER 
product names are: 
(0, 1)
quantity to buy:  1
(0, 2)
quantity to buy:  2
(0, 3)
quantity to buy:  2
(4, 1)
quantity to buy:  1
There are 0 items you can buy!
---1.8790407180786133 seconds ---
current quantity:  0
No product to buy! sleep 10 secs
item name you're checking is:  MONTHLY COLORS : OCTOBER 
product names are: 
(0, 1)
quantity to buy:  1
button text:  
click button!
(0, 2)
quantity to buy:  2
(0, 3)
quantity to buy:  2
(4, 1)
quantity to buy:  1
There are 1 items you can buy!
---1.973088026046753 seconds ---
current quantity:  1
real buy:  0
go to cart!
purchase!
0
no purchase button! close toast!
purchase!
0
no purchase button! close toast!
purchase!
0
no purchase button! close toast!
purchase!
0
no purchase button! close toast!
purchase!
0
no purchase button! close toast!
purchase!
0
no purchase button! close toast!
purchase!
0
no purchase button! close toast!
purchase!
0
no purchase button! close toast!
purchase!
0
no purchase button! close toast!
purchase!
0
no purchase button! close toast!
purchase!
0
no purchase button! close toast!
purchase!
0
no purchase button! close toast!
purchase!
0
no purchase button! close toast!
purchase!
0
no purchase button! close toast!
purchase!
0
no purchase button! close toast!
purchase!
0
no purchase button! close toast!
purchase!
0
no purchase button! close toast!
purchase!
0
no purchase button! close toast!
purchase!
0
no purchase button! close toast!
purchase!
0
no purchase button! close toast!
purchase!
0
no purchase button! close toast!
purchase!
0
no purchase button! close toast!
purchase!
0
no purchase button! close toast!
purchase!
0
no purchase button! close toast!
purchase!
0
no purchase button! close toast!
purchase!
0
no purchase button! close toast!
purchase!
0
no purchase button! close toast!
purchase!
0
no purchase button! close toast!
purchase!
0
no purchase button! close toast!
purchase!
0
no purchase button! close toast!
purchase!
0
no purchase button! close toast!
purchase!
0
no purchase button! close toast!
purchase!
0
no purchase button! close toast!
purchase!
0
no purchase button! close toast!
purchase!
0
no purchase button! close toast!
purchase!
0
no purchase button! close toast!
purchase!
0
no purchase button! close toast!
purchase!
0
no purchase button! close toast!
purchase!
0
no purchase button! close toast!
purchase!
0
no purchase button! close toast!
purchase!
0
no purchase button! close toast!
purchase!
0
no purchase button! close toast!
purchase!
0
no purchase button! close toast!
purchase!
0
no purchase button! close toast!
purchase!
0
no purchase button! close toast!
purchase!
0
no purchase button! close toast!
purchase!
0
no purchase button! close toast!
purchase!
0
no purchase button! close toast!
purchase!
0
no purchase button! close toast!
purchase!
0
no purchase button! close toast!
purchase!
0
no purchase button! close toast!
purchase!
0
no purchase button! close toast!
purchase!
0
no purchase button! close toast!
purchase!
0
no purchase button! close toast!
purchase!
0
no purchase button! close toast!
purchase!
0
no purchase button! close toast!
purchase!
0
no purchase button! close toast!
purchase!
0
no purchase button! close toast!
purchase!
0
no purchase button! close toast!
purchase!
0
no purchase button! close toast!
purchase!
0
no purchase button! close toast!
purchase!
bye!
idx is:  0
try to login!
click login button!
---14.86713719367981 seconds ---
go to cart!
clear cart start!
clear Done!
item need to buy count:  6
item_to_buy:  {(0, 1): 1, (0, 2): 2, (0, 3): 2, (4, 1): 1}
item name you're checking is:  MONTHLY COLORS : OCTOBER 
product names are: 
(0, 1)
quantity to buy:  1
(0, 2)
quantity to buy:  2
(0, 3)
quantity to buy:  2
(4, 1)
quantity to buy:  1
There are 0 items you can buy!
---10.004931211471558 seconds ---
quantity:  0
No product to buy! sleep 10 secs
item name you're checking is:  MONTHLY COLORS : OCTOBER 
product names are: 
(0, 1)
quantity to buy:  1
(0, 2)
quantity to buy:  2
(0, 3)
quantity to buy:  2
(4, 1)
quantity to buy:  1
There are 0 items you can buy!
---1.757072925567627 seconds ---
current quantity:  0
No product to buy! sleep 10 secs
item name you're checking is:  MONTHLY COLORS : OCTOBER 
product names are: 
(0, 1)
quantity to buy:  1
(0, 2)
quantity to buy:  2
(0, 3)
quantity to buy:  2
(4, 1)
quantity to buy:  1
There are 0 items you can buy!
---1.2491047382354736 seconds ---
current quantity:  0
No product to buy! sleep 10 secs
item name you're checking is:  MONTHLY COLORS : OCTOBER 
product names are: 
(0, 1)
quantity to buy:  1
(0, 2)
quantity to buy:  2
(0, 3)
quantity to buy:  2
(4, 1)
quantity to buy:  1
There are 0 items you can buy!
---3.892709732055664 seconds ---
current quantity:  0
No product to buy! sleep 10 secs
item name you're checking is:  MONTHLY COLORS : OCTOBER 
product names are: 
(0, 1)
quantity to buy:  1
(0, 2)
quantity to buy:  2
(0, 3)
quantity to buy:  2
(4, 1)
quantity to buy:  1
There are 0 items you can buy!
---9.165749073028564 seconds ---
current quantity:  0
No product to buy! sleep 10 secs
item name you're checking is:  MONTHLY COLORS : OCTOBER 
product names are: 
(0, 1)
quantity to buy:  1
(0, 2)
quantity to buy:  2
(0, 3)
quantity to buy:  2
(4, 1)
quantity to buy:  1
There are 0 items you can buy!
---5.280126094818115 seconds ---
current quantity:  0
No product to buy! sleep 10 secs
item name you're checking is:  MONTHLY COLORS : OCTOBER 
product names are: 
(0, 1)
quantity to buy:  1
(0, 2)
quantity to buy:  2
(0, 3)
quantity to buy:  2
(4, 1)
quantity to buy:  1
There are 0 items you can buy!
---1.4014267921447754 seconds ---
current quantity:  0
No product to buy! sleep 10 secs
item name you're checking is:  MONTHLY COLORS : OCTOBER 
product names are: 
(0, 1)
quantity to buy:  1
(0, 2)
quantity to buy:  2
(0, 3)
quantity to buy:  2
(4, 1)
quantity to buy:  1
There are 0 items you can buy!
---1.139434814453125 seconds ---
current quantity:  0
No product to buy! sleep 10 secs
item name you're checking is:  MONTHLY COLORS : OCTOBER 
product names are: 
(0, 1)
quantity to buy:  1
(0, 2)
quantity to buy:  2
(0, 3)
quantity to buy:  2
(4, 1)
quantity to buy:  1
There are 0 items you can buy!
---1.04520583152771 seconds ---
current quantity:  0
No product to buy! sleep 10 secs
item name you're checking is:  MONTHLY COLORS : OCTOBER 
product names are: 
(0, 1)
quantity to buy:  1
(0, 2)
quantity to buy:  2
(0, 3)
quantity to buy:  2
(4, 1)
quantity to buy:  1
There are 0 items you can buy!
---3.0502967834472656 seconds ---
current quantity:  0
No product to buy! sleep 10 secs
item name you're checking is:  MONTHLY COLORS : OCTOBER 
product names are: 
(0, 1)
quantity to buy:  1
(0, 2)
quantity to buy:  2
(0, 3)
quantity to buy:  2
(4, 1)
quantity to buy:  1
There are 0 items you can buy!
---1.1547470092773438 seconds ---
current quantity:  0
No product to buy! sleep 10 secs
item name you're checking is:  MONTHLY COLORS : OCTOBER 
product names are: 
(0, 1)
quantity to buy:  1
(0, 2)
quantity to buy:  2
(0, 3)
quantity to buy:  2
(4, 1)
quantity to buy:  1
There are 0 items you can buy!
---1.2379357814788818 seconds ---
current quantity:  0
No product to buy! sleep 10 secs
item name you're checking is:  MONTHLY COLORS : OCTOBER 
product names are: 
(0, 1)
quantity to buy:  1
(0, 2)
quantity to buy:  2
(0, 3)
quantity to buy:  2
(4, 1)
quantity to buy:  1
There are 0 items you can buy!
---1.30348801612854 seconds ---
current quantity:  0
No product to buy! sleep 10 secs
item name you're checking is:  MONTHLY COLORS : OCTOBER 
product names are: 
(0, 1)
quantity to buy:  1
(0, 2)
quantity to buy:  2
(0, 3)
quantity to buy:  2
(4, 1)
quantity to buy:  1
There are 0 items you can buy!
---1.1717021465301514 seconds ---
current quantity:  0
No product to buy! sleep 10 secs
item name you're checking is:  MONTHLY COLORS : OCTOBER 
product names are: 
(0, 1)
quantity to buy:  1
(0, 2)
quantity to buy:  2
(0, 3)
quantity to buy:  2
(4, 1)
quantity to buy:  1
There are 0 items you can buy!
---1.14404296875 seconds ---
current quantity:  0
No product to buy! sleep 10 secs
item name you're checking is:  MONTHLY COLORS : OCTOBER 
product names are: 
(0, 1)
quantity to buy:  1
(0, 2)
quantity to buy:  2
(0, 3)
quantity to buy:  2
(4, 1)
quantity to buy:  1
There are 0 items you can buy!
---1.1922430992126465 seconds ---
current quantity:  0
No product to buy! sleep 10 secs
item name you're checking is:  MONTHLY COLORS : OCTOBER 
product names are: 
(0, 1)
quantity to buy:  1
(0, 2)
quantity to buy:  2
(0, 3)
quantity to buy:  2
(4, 1)
quantity to buy:  1
There are 0 items you can buy!
---1.313032865524292 seconds ---
current quantity:  0
No product to buy! sleep 10 secs
item name you're checking is:  MONTHLY COLORS : OCTOBER 
product names are: 
(0, 1)
quantity to buy:  1
(0, 2)
quantity to buy:  2
(0, 3)
quantity to buy:  2
(4, 1)
quantity to buy:  1
There are 0 items you can buy!
---12.411756992340088 seconds ---
current quantity:  0
No product to buy! sleep 10 secs
item name you're checking is:  MONTHLY COLORS : OCTOBER 
product names are: 
(0, 1)
quantity to buy:  1
(0, 2)
quantity to buy:  2
(0, 3)
quantity to buy:  2
(4, 1)
quantity to buy:  1
There are 0 items you can buy!
---14.43012809753418 seconds ---
current quantity:  0
No product to buy! sleep 10 secs
item name you're checking is:  MONTHLY COLORS : OCTOBER 
product names are: 
(0, 1)
quantity to buy:  1
(0, 2)
quantity to buy:  2
(0, 3)
quantity to buy:  2
(4, 1)
quantity to buy:  1
There are 0 items you can buy!
---8.87819504737854 seconds ---
current quantity:  0
No product to buy! sleep 10 secs
item name you're checking is:  MONTHLY COLORS : OCTOBER 
product names are: 
(0, 1)
quantity to buy:  1
(0, 2)
quantity to buy:  2
(0, 3)
quantity to buy:  2
(4, 1)
quantity to buy:  1
There are 0 items you can buy!
---11.917192935943604 seconds ---
current quantity:  0
No product to buy! sleep 10 secs
item name you're checking is:  MONTHLY COLORS : OCTOBER 
product names are: 
(0, 1)
quantity to buy:  1
(0, 2)
quantity to buy:  2
(0, 3)
quantity to buy:  2
(4, 1)
quantity to buy:  1
There are 0 items you can buy!
---4.890808820724487 seconds ---
current quantity:  0
No product to buy! sleep 10 secs
item name you're checking is:  MONTHLY COLORS : OCTOBER 
product names are: 
(0, 1)
quantity to buy:  1
(0, 2)
quantity to buy:  2
(0, 3)
quantity to buy:  2
(4, 1)
quantity to buy:  1
There are 0 items you can buy!
---7.140016317367554 seconds ---
current quantity:  0
No product to buy! sleep 10 secs
item name you're checking is:  MONTHLY COLORS : OCTOBER 
product names are: 
(0, 1)
quantity to buy:  1
(0, 2)
quantity to buy:  2
(0, 3)
quantity to buy:  2
(4, 1)
quantity to buy:  1
There are 0 items you can buy!
---1.2138299942016602 seconds ---
current quantity:  0
No product to buy! sleep 10 secs
item name you're checking is:  MONTHLY COLORS : OCTOBER 
product names are: 
(0, 1)
quantity to buy:  1
(0, 2)
quantity to buy:  2
(0, 3)
quantity to buy:  2
(4, 1)
quantity to buy:  1
There are 0 items you can buy!
---1.410522222518921 seconds ---
current quantity:  0
No product to buy! sleep 10 secs
item name you're checking is:  MONTHLY COLORS : OCTOBER 
product names are: 
(0, 1)
quantity to buy:  1
(0, 2)
quantity to buy:  2
(0, 3)
quantity to buy:  2
(4, 1)
quantity to buy:  1
There are 0 items you can buy!
---1.2870259284973145 seconds ---
current quantity:  0
No product to buy! sleep 10 secs
item name you're checking is:  MONTHLY COLORS : OCTOBER 
product names are: 
(0, 1)
quantity to buy:  1
(0, 2)
quantity to buy:  2
(0, 3)
quantity to buy:  2
(4, 1)
quantity to buy:  1
There are 0 items you can buy!
---1.3441460132598877 seconds ---
current quantity:  0
No product to buy! sleep 10 secs
item name you're checking is:  MONTHLY COLORS : OCTOBER 
product names are: 
(0, 1)
quantity to buy:  1
(0, 2)
quantity to buy:  2
(0, 3)
quantity to buy:  2
(4, 1)
quantity to buy:  1
There are 0 items you can buy!
---1.1938660144805908 seconds ---
current quantity:  0
No product to buy! sleep 10 secs
item name you're checking is:  MONTHLY COLORS : OCTOBER 
product names are: 
(0, 1)
quantity to buy:  1
(0, 2)
quantity to buy:  2
(0, 3)
quantity to buy:  2
(4, 1)
quantity to buy:  1
There are 0 items you can buy!
---1.246652364730835 seconds ---
current quantity:  0
No product to buy! sleep 10 secs
item name you're checking is:  MONTHLY COLORS : OCTOBER 
product names are: 
(0, 1)
quantity to buy:  1
(0, 2)
quantity to buy:  2
(0, 3)
quantity to buy:  2
(4, 1)
quantity to buy:  1
There are 0 items you can buy!
---1.2562229633331299 seconds ---
current quantity:  0
No product to buy! sleep 10 secs
item name you're checking is:  MONTHLY COLORS : OCTOBER 
product names are: 
(0, 1)
quantity to buy:  1
(0, 2)
quantity to buy:  2
(0, 3)
quantity to buy:  2
(4, 1)
quantity to buy:  1
There are 0 items you can buy!
---1.0762009620666504 seconds ---
current quantity:  0
No product to buy! sleep 10 secs
item name you're checking is:  MONTHLY COLORS : OCTOBER 
product names are: 
(0, 1)
quantity to buy:  1
(0, 2)
quantity to buy:  2
(0, 3)
quantity to buy:  2
(4, 1)
quantity to buy:  1
There are 0 items you can buy!
---1.677461862564087 seconds ---
current quantity:  0
No product to buy! sleep 10 secs
item name you're checking is:  MONTHLY COLORS : OCTOBER 
product names are: 
(0, 1)
quantity to buy:  1
(0, 2)
quantity to buy:  2
(0, 3)
quantity to buy:  2
(4, 1)
quantity to buy:  1
There are 0 items you can buy!
---1.142880916595459 seconds ---
current quantity:  0
No product to buy! sleep 10 secs
item name you're checking is:  MONTHLY COLORS : OCTOBER 
product names are: 
(0, 1)
quantity to buy:  1
(0, 2)
quantity to buy:  2
(0, 3)
quantity to buy:  2
(4, 1)
quantity to buy:  1
There are 0 items you can buy!
---1.0987701416015625 seconds ---
current quantity:  0
No product to buy! sleep 10 secs
item name you're checking is:  MONTHLY COLORS : OCTOBER 
product names are: 
(0, 1)
quantity to buy:  1
(0, 2)
quantity to buy:  2
(0, 3)
quantity to buy:  2
(4, 1)
quantity to buy:  1
There are 0 items you can buy!
---1.1198818683624268 seconds ---
current quantity:  0
No product to buy! sleep 10 secs
item name you're checking is:  MONTHLY COLORS : OCTOBER 
product names are: 
(0, 1)
quantity to buy:  1
(0, 2)
quantity to buy:  2
(0, 3)
quantity to buy:  2
(4, 1)
quantity to buy:  1
There are 0 items you can buy!
---1.1812808513641357 seconds ---
current quantity:  0
No product to buy! sleep 10 secs
item name you're checking is:  MONTHLY COLORS : OCTOBER 
product names are: 
(0, 1)
quantity to buy:  1
(0, 2)
quantity to buy:  2
(0, 3)
quantity to buy:  2
(4, 1)
quantity to buy:  1
There are 0 items you can buy!
---1.1285197734832764 seconds ---
current quantity:  0
No product to buy! sleep 10 secs
item name you're checking is:  MONTHLY COLORS : OCTOBER 
product names are: 
(0, 1)
quantity to buy:  1
(0, 2)
quantity to buy:  2
(0, 3)
quantity to buy:  2
(4, 1)
quantity to buy:  1
There are 0 items you can buy!
---1.1138858795166016 seconds ---
current quantity:  0
No product to buy! sleep 10 secs
item name you're checking is:  MONTHLY COLORS : OCTOBER 
product names are: 
(0, 1)
quantity to buy:  1
(0, 2)
quantity to buy:  2
(0, 3)
quantity to buy:  2
(4, 1)
quantity to buy:  1
There are 0 items you can buy!
---0.9204151630401611 seconds ---
current quantity:  0
No product to buy! sleep 10 secs
item name you're checking is:  MONTHLY COLORS : OCTOBER 
product names are: 
(0, 1)
quantity to buy:  1
(0, 2)
quantity to buy:  2
(0, 3)
quantity to buy:  2
(4, 1)
quantity to buy:  1
There are 0 items you can buy!
---1.1332197189331055 seconds ---
current quantity:  0
No product to buy! sleep 10 secs
item name you're checking is:  MONTHLY COLORS : OCTOBER 
product names are: 
(0, 1)
quantity to buy:  1
(0, 2)
quantity to buy:  2
(0, 3)
quantity to buy:  2
(4, 1)
quantity to buy:  1
There are 0 items you can buy!
---1.4205942153930664 seconds ---
current quantity:  0
No product to buy! sleep 10 secs
item name you're checking is:  MONTHLY COLORS : OCTOBER 
product names are: 
(0, 1)
quantity to buy:  1
(0, 2)
quantity to buy:  2
(0, 3)
quantity to buy:  2
(4, 1)
quantity to buy:  1
There are 0 items you can buy!
---1.207949161529541 seconds ---
current quantity:  0
No product to buy! sleep 10 secs
item name you're checking is:  MONTHLY COLORS : OCTOBER 
product names are: 
(0, 1)
quantity to buy:  1
(0, 2)
quantity to buy:  2
(0, 3)
quantity to buy:  2
(4, 1)
quantity to buy:  1
There are 0 items you can buy!
---1.0133049488067627 seconds ---
current quantity:  0
No product to buy! sleep 10 secs
item name you're checking is:  MONTHLY COLORS : OCTOBER 
product names are: 
(0, 1)
quantity to buy:  1
(0, 2)
quantity to buy:  2
(0, 3)
quantity to buy:  2
(4, 1)
quantity to buy:  1
There are 0 items you can buy!
---1.2594549655914307 seconds ---
current quantity:  0
No product to buy! sleep 10 secs
item name you're checking is:  MONTHLY COLORS : OCTOBER 
product names are: 
(0, 1)
quantity to buy:  1
(0, 2)
quantity to buy:  2
(0, 3)
quantity to buy:  2
(4, 1)
quantity to buy:  1
There are 0 items you can buy!
---1.27174711227417 seconds ---
current quantity:  0
No product to buy! sleep 10 secs
item name you're checking is:  MONTHLY COLORS : OCTOBER 
product names are: 
(0, 1)
quantity to buy:  1
(0, 2)
quantity to buy:  2
(0, 3)
quantity to buy:  2
(4, 1)
quantity to buy:  1
There are 0 items you can buy!
---1.1560173034667969 seconds ---
current quantity:  0
No product to buy! sleep 10 secs
item name you're checking is:  MONTHLY COLORS : OCTOBER 
product names are: 
(0, 1)
quantity to buy:  1
(0, 2)
quantity to buy:  2
(0, 3)
quantity to buy:  2
(4, 1)
quantity to buy:  1
There are 0 items you can buy!
---1.537233829498291 seconds ---
current quantity:  0
No product to buy! sleep 10 secs
item name you're checking is:  MONTHLY COLORS : OCTOBER 
product names are: 
(0, 1)
quantity to buy:  1
(0, 2)
quantity to buy:  2
(0, 3)
quantity to buy:  2
(4, 1)
quantity to buy:  1
There are 0 items you can buy!
---1.190185785293579 seconds ---
current quantity:  0
No product to buy! sleep 10 secs
item name you're checking is:  MONTHLY COLORS : OCTOBER 
product names are: 
(0, 1)
quantity to buy:  1
(0, 2)
quantity to buy:  2
(0, 3)
quantity to buy:  2
(4, 1)
quantity to buy:  1
There are 0 items you can buy!
---1.0683088302612305 seconds ---
current quantity:  0
No product to buy! sleep 10 secs
item name you're checking is:  MONTHLY COLORS : OCTOBER 
product names are: 
(0, 1)
quantity to buy:  1
(0, 2)
quantity to buy:  2
(0, 3)
quantity to buy:  2
(4, 1)
quantity to buy:  1
There are 0 items you can buy!
---1.1041321754455566 seconds ---
current quantity:  0
No product to buy! sleep 10 secs
item name you're checking is:  MONTHLY COLORS : OCTOBER 
product names are: 
(0, 1)
quantity to buy:  1
(0, 2)
quantity to buy:  2
(0, 3)
quantity to buy:  2
(4, 1)
quantity to buy:  1
There are 0 items you can buy!
---1.1200361251831055 seconds ---
current quantity:  0
No product to buy! sleep 10 secs
item name you're checking is:  MONTHLY COLORS : OCTOBER 
product names are: 
(0, 1)
quantity to buy:  1
(0, 2)
quantity to buy:  2
(0, 3)
quantity to buy:  2
(4, 1)
quantity to buy:  1
There are 0 items you can buy!
---1.1332499980926514 seconds ---
current quantity:  0
No product to buy! sleep 10 secs
item name you're checking is:  MONTHLY COLORS : OCTOBER 
product names are: 
(0, 1)
quantity to buy:  1
(0, 2)
quantity to buy:  2
(0, 3)
quantity to buy:  2
(4, 1)
quantity to buy:  1
There are 0 items you can buy!
---1.1417980194091797 seconds ---
current quantity:  0
No product to buy! sleep 10 secs
item name you're checking is:  MONTHLY COLORS : OCTOBER 
product names are: 
(0, 1)
quantity to buy:  1
(0, 2)
quantity to buy: 