idx is:  1
try to login!
click login button!
---12.999314069747925 seconds ---
go to cart!
clear cart start!
clear Done!
item need to buy count:  3
item_to_buy:  {(0, 0): 1, (0, 1): 1, (0, 2): 1}
item name you're checking is:  TYPE-O-006 
product names are: 
(0, 0)
quantity to buy:  1
There are 0 items you can buy!
---12.792174100875854 seconds ---
quantity:  0
No product to buy! sleep 10 secs
item name you're checking is:  TYPE-O-006 
product names are: 
(0, 0)
quantity to buy:  1
There are 0 items you can buy!
---1.0271432399749756 seconds ---
current quantity:  0
No product to buy! sleep 10 secs
item name you're checking is:  TYPE-O-006 
product names are: 
(0, 0)
quantity to buy:  1
There are 0 items you can buy!
---1.2254672050476074 seconds ---
current quantity:  0
No product to buy! sleep 10 secs
item name you're checking is:  TYPE-O-006 
product names are: 
(0, 0)
quantity to buy:  1
There are 0 items you can buy!
---1.2712860107421875 seconds ---
current quantity:  0
No product to buy! sleep 10 secs
item name you're checking is:  TYPE-O-006 
product names are: 
(0, 0)
quantity to buy:  1
There are 0 items you can buy!
---1.168083906173706 seconds ---
current quantity:  0
No product to buy! sleep 10 secs
item name you're checking is:  TYPE-O-006 
product names are: 
(0, 0)
quantity to buy:  1
There are 0 items you can buy!
---5.1812357902526855 seconds ---
current quantity:  0
No product to buy! sleep 10 secs
item name you're checking is:  TYPE-O-006 
product names are: 
(0, 0)
quantity to buy:  1
There are 0 items you can buy!
---3.6179661750793457 seconds ---
current quantity:  0
No product to buy! sleep 10 secs
item name you're checking is:  TYPE-O-006 
product names are: 
(0, 0)
quantity to buy:  1
There are 0 items you can buy!
---1.1142687797546387 seconds ---
current quantity:  0
No product to buy! sleep 10 secs
item name you're checking is:  TYPE-O-006 
product names are: 
(0, 0)
quantity to buy:  1
There are 0 items you can buy!
---1.5785210132598877 seconds ---
current quantity:  0
No product to buy! sleep 10 secs
item name you're checking is:  TYPE-O-006 
product names are: 
(0, 0)
quantity to buy:  1
There are 0 items you can buy!
---2.4238321781158447 seconds ---
current quantity:  0
No product to buy! sleep 10 secs
item name you're checking is:  TYPE-O-006 
product names are: 
(0, 0)
quantity to buy:  1
There are 0 items you can buy!
---0.7148609161376953 seconds ---
current quantity:  0
No product to buy! sleep 10 secs
item name you're checking is:  TYPE-O-006 
product names are: 
(0, 0)
quantity to buy:  1
There are 0 items you can buy!
---0.820904016494751 seconds ---
current quantity:  0
No product to buy! sleep 10 secs
item name you're checking is:  TYPE-O-006 
product names are: 
(0, 0)
quantity to buy:  1
There are 0 items you can buy!
---0.7894678115844727 seconds ---
current quantity:  0
No product to buy! sleep 10 secs
item name you're checking is:  TYPE-O-006 
product names are: 
(0, 0)
quantity to buy:  1
There are 0 items you can buy!
---1.1146306991577148 seconds ---
current quantity:  0
No product to buy! sleep 10 secs
item name you're checking is:  TYPE-O-006 
product names are: 
(0, 0)
quantity to buy:  1
There are 0 items you can buy!
---1.4308192729949951 seconds ---
current quantity:  0
No product to buy! sleep 10 secs
item name you're checking is:  TYPE-O-006 
product names are: 
(0, 0)
quantity to buy:  1
There are 0 items you can buy!
---1.0484118461608887 seconds ---
current quantity:  0
No product to buy! sleep 10 secs
item name you're checking is:  TYPE-O-006 
product names are: 
(0, 0)
quantity to buy:  1
There are 0 items you can buy!
---1.1720027923583984 seconds ---
current quantity:  0
No product to buy! sleep 10 secs
item name you're checking is:  TYPE-O-006 
product names are: 
(0, 0)
quantity to buy:  1
There are 0 items you can buy!
---1.2130861282348633 seconds ---
current quantity:  0
No product to buy! sleep 10 secs
item name you're checking is:  TYPE-O-006 
product names are: 
(0, 0)
quantity to buy:  1
There are 0 items you can buy!
---3.7602651119232178 seconds ---
current quantity:  0
No product to buy! sleep 10 secs
item name you're checking is:  TYPE-O-006 
product names are: 
(0, 0)
quantity to buy:  1
There are 0 items you can buy!
---0.9990279674530029 seconds ---
current quantity:  0
No product to buy! sleep 10 secs
item name you're checking is:  TYPE-O-006 
product names are: 
(0, 0)
quantity to buy:  1
There are 0 items you can buy!
---0.9773728847503662 seconds ---
current quantity:  0
No product to buy! sleep 10 secs
item name you're checking is:  TYPE-O-006 
product names are: 
(0, 0)
quantity to buy:  1
There are 0 items you can buy!
---1.0381760597229004 seconds ---
current quantity:  0
No product to buy! sleep 10 secs
item name you're checking is:  TYPE-O-006 
product names are: 
(0, 0)
quantity to buy:  1
There are 0 items you can buy!
---0.9964289665222168 seconds ---
current quantity:  0
No product to buy! sleep 10 secs
item name you're checking is:  TYPE-O-006 
product names are: 
(0, 0)
quantity to buy:  1
There are 0 items you can buy!
---0.7543020248413086 seconds ---
current quantity:  0
No product to buy! sleep 10 secs
item name you're checking is:  TYPE-O-006 
product names are: 
(0, 0)
quantity to buy:  1
There are 0 items you can buy!
---0.9082412719726562 seconds ---
current quantity:  0
No product to buy! sleep 10 secs
item name you're checking is:  TYPE-O-006 
product names are: 
(0, 0)
quantity to buy:  1
There are 0 items you can buy!
---0.7929561138153076 seconds ---
current quantity:  0
No product to buy! sleep 10 secs
item name you're checking is:  TYPE-O-006 
product names are: 
(0, 0)
quantity to buy:  1
There are 0 items you can buy!
---1.0382752418518066 seconds ---
current quantity:  0
No product to buy! sleep 10 secs
item name you're checking is:  TYPE-O-006 
product names are: 
(0, 0)
quantity to buy:  1
There are 0 items you can buy!
---0.7845776081085205 seconds ---
current quantity:  0
No product to buy! sleep 10 secs
item name you're checking is:  TYPE-O-006 
product names are: 
(0, 0)
quantity to buy:  1
There are 0 items you can buy!
---0.8865599632263184 seconds ---
current quantity:  0
No product to buy! sleep 10 secs
item name you're checking is:  TYPE-O-006 
product names are: 
(0, 0)
quantity to buy:  1
There are 0 items you can buy!
---0.9052181243896484 seconds ---
current quantity:  0
No product to buy! sleep 10 secs
item name you're checking is:  TYPE-O-006 
product names are: 
(0, 0)
quantity to buy:  1
There are 0 items you can buy!
---0.7931928634643555 seconds ---
current quantity:  0
No product to buy! sleep 10 secs
item name you're checking is:  TYPE-O-006 
product names are: 
(0, 0)
quantity to buy:  1
There are 0 items you can buy!
---1.0356812477111816 seconds ---
current quantity:  0
No product to buy! sleep 10 secs
item name you're checking is:  TYPE-O-006 
product names are: 
(0, 0)
quantity to buy:  1
There are 0 items you can buy!
---0.8466377258300781 seconds ---
current quantity:  0
No product to buy! sleep 10 secs
item name you're checking is:  TYPE-O-006 
product names are: 
(0, 0)
quantity to buy:  1
There are 0 items you can buy!
---0.8632099628448486 seconds ---
current quantity:  0
No product to buy! sleep 10 secs
item name you're checking is:  TYPE-O-006 
product names are: 
(0, 0)
quantity to buy:  1
There are 0 items you can buy!
---1.4160211086273193 seconds ---
current quantity:  0
No product to buy! sleep 10 secs
item name you're checking is:  TYPE-O-006 
product names are: 
(0, 0)
quantity to buy:  1
There are 0 items you can buy!
---1.0267181396484375 seconds ---
current quantity:  0
No product to buy! sleep 10 secs
item name you're checking is:  TYPE-O-006 
product names are: 
(0, 0)
quantity to buy:  1
There are 0 items you can buy!
---0.9518418312072754 seconds ---
current quantity:  0
No product to buy! sleep 10 secs
item name you're checking is:  TYPE-O-006 
product names are: 
(0, 0)
quantity to buy:  1
There are 0 items you can buy!
---1.025951862335205 seconds ---
current quantity:  0
No product to buy! sleep 10 secs
item name you're checking is:  TYPE-O-006 
product names are: 
(0, 0)
quantity to buy:  1
There are 0 items you can buy!
---1.064100980758667 seconds ---
current quantity:  0
No product to buy! sleep 10 secs
item name you're checking is:  TYPE-O-006 
product names are: 
(0, 0)
quantity to buy:  1
There are 0 items you can buy!
---1.0837371349334717 seconds ---
current quantity:  0
No product to buy! sleep 10 secs
item name you're checking is:  TYPE-O-006 
product names are: 
(0, 0)
quantity to buy:  1
There are 0 items you can buy!
---0.9547131061553955 seconds ---
current quantity:  0
No product to buy! sleep 10 secs
item name you're checking is:  TYPE-O-006 
product names are: 
(0, 0)
quantity to buy:  1
There are 0 items you can buy!
---0.9765889644622803 seconds ---
current quantity:  0
No product to buy! sleep 10 secs
item name you're checking is:  TYPE-O-006 
product names are: 
(0, 0)
quantity to buy:  1
There are 0 items you can buy!
---0.8488402366638184 seconds ---
current quantity:  0
No product to buy! sleep 10 secs
item name you're checking is:  TYPE-O-006 
product names are: 
(0, 0)
quantity to buy:  1
There are 0 items you can buy!
---0.8506660461425781 seconds ---
current quantity:  0
No product to buy! sleep 10 secs
item name you're checking is:  TYPE-O-006 
product names are: 
(0, 0)
quantity to buy:  1
There are 0 items you can buy!
---0.7170279026031494 seconds ---
current quantity:  0
No product to buy! sleep 10 secs
item name you're checking is:  TYPE-O-006 
product names are: 
(0, 0)
quantity to buy:  1
There are 0 items you can buy!
---0.7166941165924072 seconds ---
current quantity:  0
No product to buy! sleep 10 secs
item name you're checking is:  TYPE-O-006 
product names are: 
(0, 0)
quantity to buy:  1
There are 0 items you can buy!
---0.7990057468414307 seconds ---
current quantity:  0
No product to buy! sleep 10 secs
item name you're checking is:  TYPE-O-006 
product names are: 
(0, 0)
quantity to buy:  1
There are 0 items you can buy!
---0.9217090606689453 seconds ---
current quantity:  0
No product to buy! sleep 10 secs
item name you're checking is:  TYPE-O-006 
product names are: 
(0, 0)
quantity to buy:  1
There are 0 items you can buy!
---0.6955790519714355 seconds ---
current quantity:  0
No product to buy! sleep 10 secs
item name you're checking is:  TYPE-O-006 
product names are: 
(0, 0)
quantity to buy:  1
There are 0 items you can buy!
---1.3397388458251953 seconds ---
current quantity:  0
No product to buy! sleep 10 secs
item name you're checking is:  TYPE-O-006 
product names are: 
(0, 0)
quantity to buy:  1
There are 0 items you can buy!
---1.106283187866211 seconds ---
current quantity:  0
No product to buy! sleep 10 secs
item name you're checking is:  TYPE-O-006 
product names are: 
(0, 0)
quantity to buy:  1
There are 0 items you can buy!
---0.8949737548828125 seconds ---
current quantity:  0
No product to buy! sleep 10 secs
item name you're checking is:  TYPE-O-006 
product names are: 
(0, 0)
quantity to buy:  1
There are 0 items you can buy!
---1.170680046081543 seconds ---
current quantity:  0
No product to buy! sleep 10 secs
item name you're checking is:  TYPE-O-006 
product names are: 
(0, 0)
quantity to buy:  1
There are 0 items you can buy!
---0.9354209899902344 seconds ---
current quantity:  0
No product to buy! sleep 10 secs
item name you're checking is:  TYPE-O-006 
product names are: 
(0, 0)
quantity to buy:  1
There are 0 items you can buy!
---2.512205123901367 seconds ---
current quantity:  0
No product to buy! sleep 10 secs
item name you're checking is:  TYPE-O-006 
product names are: 
(0, 0)
quantity to buy:  1
There are 0 items you can buy!
---0.7697899341583252 seconds ---
current quantity:  0
No product to buy! sleep 10 secs
item name you're checking is:  TYPE-O-006 
product names are: 
(0, 0)
quantity to buy:  1
There are 0 items you can buy!
---0.9865989685058594 seconds ---
current quantity:  0
No product to buy! sleep 10 secs
item name you're checking is:  TYPE-O-006 
product names are: 
(0, 0)
quantity to buy:  1
There are 0 items you can buy!
---0.8314061164855957 seconds ---
current quantity:  0
No product to buy! sleep 10 secs
item name you're checking is:  TYPE-O-006 
product names are: 
(0, 0)
quantity to buy:  1
There are 0 items you can buy!
---0.830009937286377 seconds ---
current quantity:  0
No product to buy! sleep 10 secs
item name you're checking is:  TYPE-O-006 
product names are: 
(0, 0)
quantity to buy:  1
There are 0 items you can buy!
---1.0135276317596436 seconds ---
current quantity:  0
No product to buy! sleep 10 secs
item name you're checking is:  TYPE-O-006 
product names are: 
(0, 0)
quantity to buy:  1
There are 0 items you can buy!
---0.9553611278533936 seconds ---
current quantity:  0
No product to buy! sleep 10 secs
item name you're checking is:  TYPE-O-006 
product names are: 
(0, 0)
quantity to buy:  1
There are 0 items you can buy!
---1.0610542297363281 seconds ---
current quantity:  0
No product to buy! sleep 10 secs
item name you're checking is:  TYPE-O-006 
product names are: 
(0, 0)
quantity to buy:  1
There are 0 items you can buy!
---1.1362099647521973 seconds ---
current quantity:  0
No product to buy! sleep 10 secs
item name you're checking is:  TYPE-O-006 
product names are: 
(0, 0)
quantity to buy:  1
There are 0 items you can buy!
---0.9966719150543213 seconds ---
current quantity:  0
No product to buy! sleep 10 secs
item name you're checking is:  TYPE-O-006 
product names are: 
(0, 0)
quantity to buy:  1
There are 0 items you can buy!
---0.7530739307403564 seconds ---
current quantity:  0
No product to buy! sleep 10 secs
item name you're checking is:  TYPE-O-006 
product names are: 
(0, 0)
quantity to buy:  1
There are 0 items you can buy!
---0.9382429122924805 seconds ---
current quantity:  0
No product to buy! sleep 10 secs
item name you're checking is:  TYPE-O-006 
product names are: 
(0, 0)
quantity to buy:  1
There are 0 items you can buy!
---0.9435238838195801 seconds ---
current quantity:  0
No product to buy! sleep 10 secs
item name you're checking is:  TYPE-O-006 
product names are: 
(0, 0)
quantity to buy:  1
There are 0 items you can buy!
---0.9269280433654785 seconds ---
current quantity:  0
No product to buy! sleep 10 secs
item name you're checking is:  TYPE-O-006 
product names are: 
(0, 0)
quantity to buy:  1
There are 0 items you can buy!
---1.4377601146697998 seconds ---
current quantity:  0
No product to buy! sleep 10 secs
item name you're checking is:  TYPE-O-006 
product names are: 
(0, 0)
quantity to buy:  1
There are 0 items you can buy!
---0.8786911964416504 seconds ---
current quantity:  0
No product to buy! sleep 10 secs
item name you're checking is:  TYPE-O-006 
product names are: 
(0, 0)
quantity to buy:  1
There are 0 items you can buy!
---0.8152561187744141 seconds ---
current quantity:  0
No product to buy! sleep 10 secs
item name you're checking is:  TYPE-O-006 
product names are: 
(0, 0)
quantity to buy:  1
There are 0 items you can buy!
---1.6705198287963867 seconds ---
current quantity:  0
No product to buy! sleep 10 secs
item name you're checking is:  TYPE-O-006 
product names are: 
(0, 0)
quantity to buy:  1
There are 0 items you can buy!
---0.925929069519043 seconds ---
current quantity:  0
No product to buy! sleep 10 secs
item name you're checking is:  TYPE-O-006 
product names are: 
(0, 0)
quantity to buy:  1
There are 0 items you can buy!
---1.0457758903503418 seconds ---
current quantity:  0
No product to buy! sleep 10 secs
item name you're checking is:  TYPE-O-006 
product names are: 
(0, 0)
quantity to buy:  1
There are 0 items you can buy!
---0.8157749176025391 seconds ---
current quantity:  0
No product to buy! sleep 10 secs
item name you're checking is:  TYPE-O-006 
product names are: 
(0, 0)
quantity to buy:  1
There are 0 items you can buy!
---0.8852841854095459 seconds ---
current quantity:  0
No product to buy! sleep 10 secs
item name you're checking is:  TYPE-O-006 
product names are: 
(0, 0)
quantity to buy:  1
There are 0 items you can buy!
---0.9726657867431641 seconds ---
current quantity:  0
No product to buy! sleep 10 secs
item name you're checking is:  TYPE-O-006 
product names are: 
(0, 0)
quantity to buy:  1
There are 0 items you can buy!
---0.8245387077331543 seconds ---
current quantity:  0
No product to buy! sleep 10 secs
item name you're checking is:  TYPE-O-006 
product names are: 
(0, 0)
quantity to buy:  1
There are 0 items you can buy!
---1.029693841934204 seconds ---
current quantity:  0
No product to buy! sleep 10 secs
item name you're checking is:  TYPE-O-006 
product names are: 
(0, 0)
quantity to buy:  1
There are 0 items you can buy!
---0.8788778781890869 seconds ---
current quantity:  0
No product to buy! sleep 10 secs
item name you're checking is:  TYPE-O-006 
product names are: 
(0, 0)
quantity to buy:  1
There are 0 items you can buy!
---1.197519063949585 seconds ---
current quantity:  0
No product to buy! sleep 10 secs
item name you're checking is:  TYPE-O-006 
product names are: 
(0, 0)
quantity to buy:  1
There are 0 items you can buy!
---1.4252958297729492 seconds ---
current quantity:  0
No product to buy! sleep 10 secs
item name you're checking is:  TYPE-O-006 
product names are: 
(0, 0)
quantity to buy:  1
There are 0 items you can buy!
---1.2869389057159424 seconds ---
current quantity:  0
No product to buy! sleep 10 secs
item name you're checking is:  TYPE-O-006 
product names are: 
(0, 0)
quantity to buy:  1
There are 0 items you can buy!
---0.9433469772338867 seconds ---
current quantity:  0
No product to buy! sleep 10 secs
item name you're checking is:  TYPE-O-006 
product names are: 
(0, 0)
quantity to buy:  1
There are 0 items you can buy!
---0.7726390361785889 seconds ---
current quantity:  0
No product to buy! sleep 10 secs
item name you're checking is:  TYPE-O-006 
product names are: 
(0, 0)
quantity to buy:  1
There are 0 items you can buy!
---0.850106954574585 seconds ---
current quantity:  0
No product to buy! sleep 10 secs
item name you're checking is:  TYPE-O-006 
product names are: 
(0, 0)
quantity to buy:  1
There are 0 items you can buy!
---0.7806241512298584 seconds ---
current quantity:  0
No product to buy! sleep 10 secs
item name you're checking is:  TYPE-O-006 
product names are: 
(0, 0)
quantity to buy:  1
There are 0 items you can buy!
---0.854863166809082 seconds ---
current quantity:  0
No product to buy! sleep 10 secs
item name you're checking is:  TYPE-O-006 
product names are: 
(0, 0)
quantity to buy:  1
There are 0 items you can buy!
---0.7973959445953369 seconds ---
current quantity:  0
No product to buy! sleep 10 secs
item name you're checking is:  TYPE-O-006 
product names are: 
(0, 0)
quantity to buy:  1
There are 0 items you can buy!
---0.8049700260162354 seconds ---
current quantity:  0
No product to buy! sleep 10 secs
item name you're checking is:  TYPE-O-006 
product names are: 
(0, 0)
quantity to buy:  1
There are 0 items you can buy!
---0.930351734161377 seconds ---
current quantity:  0
No product to buy! sleep 10 secs
item name you're checking is:  TYPE-O-006 
product names are: 
(0, 0)
quantity to buy:  1
There are 0 items you can buy!
---0.9917881488800049 seconds ---
current quantity:  0
No product to buy! sleep 10 secs
item name you're checking is:  TYPE-O-006 
product names are: 
(0, 0)
quantity to buy:  1
There are 0 items you can buy!
---1.0918169021606445 seconds ---
current quantity:  0
No product to buy! sleep 10 secs
item name you're checking is:  TYPE-O-006 
product names are: 
(0, 0)
quantity to buy:  1
There are 0 items you can buy!
---0.9198908805847168 seconds ---
current quantity:  0
No product to buy! sleep 10 secs
item name you're checking is:  TYPE-O-006 
product names are: 
(0, 0)
quantity to buy:  1
There are 0 items you can buy!
---2.8532087802886963 seconds ---
current quantity:  0
No product to buy! sleep 10 secs
item name you're checking is:  TYPE-O-006 
product names are: 
(0, 0)
quantity to buy:  1
There are 0 items you can buy!
---0.7459981441497803 seconds ---
current quantity:  0
No product to buy! sleep 10 secs
item name you're checking is:  TYPE-O-006 
product names are: 
(0, 0)
quantity to buy:  1
There are 0 items you can buy!
---0.9873971939086914 seconds ---
current quantity:  0
No product to buy! sleep 10 secs
item name you're checking is:  TYPE-O-006 
product names are: 
(0, 0)
quantity to buy:  1
There are 0 items you can buy!
---1.1418538093566895 seconds ---
current quantity:  0
No product to buy! sleep 10 secs
item name you're checking is:  TYPE-O-006 
product names are: 
(0, 0)
quantity to buy:  1
There are 0 items you can buy!
---1.167367935180664 seconds ---
current quantity:  0
No product to buy! sleep 10 secs
item name you're checking is:  TYPE-O-006 
product names are: 
(0, 0)
quantity to buy:  1
There are 0 items you can buy!
---0.7279629707336426 seconds ---
current quantity:  0
No product to buy! sleep 10 secs
item name you're checking is:  TYPE-O-006 
product names are: 
(0, 0)
quantity to buy:  1
There are 0 items you can buy!
---3.03068208694458 seconds ---
current quantity:  0
No product to buy! sleep 10 secs
item name you're checking is:  TYPE-O-006 
product names are: 
(0, 0)
quantity to buy:  1
click button!
There are 1 items you can buy!
---1.237380027770996 seconds ---
current quantity:  1
real buy:  0
go to cart!
purchase!
0
no purchase button! close toast!
purchase!
0
no purchase button! close toast!
purchase!
0
no purchase button! close toast!
purchase!
0
no purchase button! close toast!
purchase!
0
no purchase button! close toast!
purchase!
0
no purchase button! close toast!
purchase!
0
no purchase button! close toast!
purchase!
0
no purchase button! close toast!
purchase!
0
no purchase button! close toast!
purchase!
0
no purchase button! close toast!
purchase!
0
no purchase button! close toast!
purchase!
0
no purchase button! close toast!
purchase!
0
no purchase button! close toast!
purchase!
0
no purchase button! close toast!
purchase!
0
no purchase button! close toast!
purchase!
bye!
idx is:  1
try to login!
click login button!
---13.850054025650024 seconds ---
go to cart!
clear cart start!
clear Done!
item need to buy count:  3
item_to_buy:  {(0, 0): 1, (0, 1): 1, (0, 2): 1}
item name you're checking is:  TYPE-O-006 
product names are: 
(0, 0)
quantity to buy:  1
There are 0 items you can buy!
---12.558830738067627 seconds ---
quantity:  0
No product to buy! sleep 10 secs
item name you're checking is:  TYPE-O-006 
product names are: 
(0, 0)
quantity to buy:  1
There are 0 items you can buy!
---1.600599765777588 seconds ---
current quantity:  0
No product to buy! sleep 10 secs
item name you're checking is:  TYPE-O-006 
product names are: 
(0, 0)
quantity to buy:  1
There are 0 items you can buy!
---1.4013340473175049 seconds ---
current quantity:  0
No product to buy! sleep 10 secs
item name you're checking is:  TYPE-O-006 
product names are: 
(0, 0)
quantity to buy:  1
There are 0 items you can buy!
---1.542541742324829 seconds ---
current quantity:  0
No product to buy! sleep 10 secs
item name you're checking is:  TYPE-O-006 
product names are: 
(0, 0)
quantity to buy:  1
There are 0 items you can buy!
---1.2463898658752441 seconds ---
current quantity:  0
No product to buy! sleep 10 secs
item name you're checking is:  TYPE-O-006 
product names are: 
(0, 0)
quantity to buy:  1
There are 0 items you can buy!
---2.281398057937622 seconds ---
current quantity:  0
No product to buy! sleep 10 secs
item name you're checking is:  TYPE-O-006 
product names are: 
(0, 0)
quantity to buy:  1
There are 0 items you can buy!
---2.7219648361206055 seconds ---
current quantity:  0
No product to buy! sleep 10 secs
item name you're checking is:  TYPE-O-006 
product names are: 
(0, 0)
quantity to buy:  1
There are 0 items you can buy!
---1.0395400524139404 seconds ---
current quantity:  0
No product to buy! sleep 10 secs
item name you're checking is:  TYPE-O-006 
product names are: 
(0, 0)
quantity to buy:  1
There are 0 items you can buy!
---1.5998573303222656 seconds ---
current quantity:  0
No product to buy! sleep 10 secs
item name you're checking is:  TYPE-O-006 
product names are: 
(0, 0)
quantity to buy:  1
There are 0 items you can buy!
---3.4827260971069336 seconds ---
current quantity:  0
No product to buy! sleep 10 secs
item name you're checking is:  TYPE-O-006 
product names are: 
(0, 0)
quantity to buy:  1
There are 0 items you can buy!
---0.7764930725097656 seconds ---
current quantity:  0
No product to buy! sleep 10 secs
item name you're checking is:  TYPE-O-006 
product names are: 
(0, 0)
quantity to buy:  1
There are 0 items you can buy!
---0.8245279788970947 seconds ---
current quantity:  0
No product to buy! sleep 10 secs
item name you're checking is:  TYPE-O-006 
product names are: 
(0, 0)
quantity to buy:  1
There are 0 items you can buy!
---0.8713610172271729 seconds ---
current quantity:  0
No product to buy! sleep 10 secs
item name you're checking is:  TYPE-O-006 
product names are: 
(0, 0)
quantity to buy:  1
There are 0 items you can buy!
---1.0050580501556396 seconds ---
current quantity:  0
No product to buy! sleep 10 secs
item name you're checking is:  TYPE-O-006 
product names are: 
(0, 0)
quantity to buy:  1
There are 0 items you can buy!
---0.8316936492919922 seconds ---
current quantity:  0
No product to buy! sleep 10 secs
item name you're checking is:  TYPE-O-006 
product names are: 
(0, 0)
quantity to buy:  1
There are 0 items you can buy!
---0.744185209274292 seconds ---
current quantity:  0
No product to buy! sleep 10 secs
item name you're checking is:  TYPE-O-006 
product names are: 
(0, 0)
quantity to buy:  1
There are 0 items you can buy!
---0.743358850479126 seconds ---
current quantity:  0
No product to buy! sleep 10 secs
item name you're checking is:  TYPE-O-006 
product names are: 
(0, 0)
quantity to buy:  1
There are 0 items you can buy!
---0.9085540771484375 seconds ---
current quantity:  0
No product to buy! sleep 10 secs
item name you're checking is:  TYPE-O-006 
product names are: 
(0, 0)
quantity to buy:  1
There are 0 items you can buy!
---0.7154781818389893 seconds ---
current quantity:  0
No product to buy! sleep 10 secs
item name you're checking is:  TYPE-O-006 
product names are: 
(0, 0)
quantity to buy:  1
There are 0 items you can buy!
---0.7929677963256836 seconds ---
current quantity:  0
No product to buy! sleep 10 secs
item name you're checking is:  TYPE-O-006 
product names are: 
(0, 0)
quantity to buy:  1
There are 0 items you can buy!
---0.6829037666320801 seconds ---
current quantity:  0
No product to buy! sleep 10 secs
item name you're checking is:  TYPE-O-006 
product names are: 
(0, 0)
quantity to buy:  1
There are 0 items you can buy!
---0.709373950958252 seconds ---
current quantity:  0
No product to buy! sleep 10 secs
item name you're checking is:  TYPE-O-006 
product names are: 
(0, 0)
quantity to buy:  1
There are 0 items you can buy!
---0.8881123065948486 seconds ---
current quantity:  0
No product to buy! sleep 10 secs
item name you're checking is:  TYPE-O-006 
product names are: 
(0, 0)
quantity to buy:  1
There are 0 items you can buy!
---0.8992650508880615 seconds ---
current quantity:  0
No product to buy! sleep 10 secs
item name you're checking is:  TYPE-O-006 
product names are: 
(0, 0)
quantity to buy:  1
There are 0 items you can buy!
---1.0086090564727783 seconds ---
current quantity:  0
No product to buy! sleep 10 secs
item name you're checking is:  TYPE-O-006 
product names are: 
(0, 0)
quantity to buy:  1
There are 0 items you can buy!
---1.0781850814819336 seconds ---
current quantity:  0
No product to buy! sleep 10 secs
item name you're checking is:  TYPE-O-006 
product names are: 
(0, 0)
quantity to buy:  1
There are 0 items you can buy!
---0.7189991474151611 seconds ---
current quantity:  0
No product to buy! sleep 10 secs
item name you're checking is:  TYPE-O-006 
product names are: 
(0, 0)
quantity to buy:  1
There are 0 items you can buy!
---0.7128009796142578 seconds ---
current quantity:  0
No product to buy! sleep 10 secs
item name you're checking is:  TYPE-O-006 
product names are: 
(0, 0)
quantity to buy:  1
There are 0 items you can buy!
---0.7960610389709473 seconds ---
current quantity:  0
No product to buy! sleep 10 secs
item name you're checking is:  TYPE-O-006 
product names are: 
(0, 0)
quantity to buy:  1
There are 0 items you can buy!
---0.682873010635376 seconds ---
current quantity:  0
No product to buy! sleep 10 secs
item name you're checking is:  TYPE-O-006 
product names are: 
(0, 0)
quantity to buy:  1
There are 0 items you can buy!
---0.7442879676818848 seconds ---
current quantity:  0
No product to buy! sleep 10 secs
item name you're checking is:  TYPE-O-006 
product names are: 
(0, 0)
quantity to buy:  1
There are 0 items you can buy!
---0.7751572132110596 seconds ---
current quantity:  0
No product to buy! sleep 10 secs
item name you're checking is:  TYPE-O-006 
product names are: 
(0, 0)
quantity to buy:  1
There are 0 items you can buy!
---0.7828500270843506 seconds ---
current quantity:  0
No product to buy! sleep 10 secs
item name you're checking is:  TYPE-O-006 
product names are: 
(0, 0)
quantity to buy:  1
There are 0 items you can buy!
---0.9496719837188721 seconds ---
current quantity:  0
No product to buy! sleep 10 secs
item name you're checking is:  TYPE-O-006 
product names are: 
(0, 0)
quantity to buy:  1
There are 0 items you can buy!
---1.2166218757629395 seconds ---
current quantity:  0
No product to buy! sleep 10 secs
item name you're checking is:  TYPE-O-006 
product names are: 
(0, 0)
quantity to buy:  1
There are 0 items you can buy!
---0.9810338020324707 seconds ---
current quantity:  0
No product to buy! sleep 10 secs
item name you're checking is:  TYPE-O-006 
product names are: 
(0, 0)
quantity to buy:  1
There are 0 items you can buy!
---0.9278719425201416 seconds ---
current quantity:  0
No product to buy! sleep 10 secs
item name you're checking is:  TYPE-O-006 
product names are: 
(0, 0)
quantity to buy:  1
There are 0 items you can buy!
---0.8189940452575684 seconds ---
current quantity:  0
No product to buy! sleep 10 secs
item name you're checking is:  TYPE-O-006 
product names are: 
(0, 0)
quantity to buy:  1
There are 0 items you can buy!
---0.9600000381469727 seconds ---
current quantity:  0
No product to buy! sleep 10 secs
item name you're checking is:  TYPE-O-006 
product names are: 
(0, 0)
quantity to buy:  1
There are 0 items you can buy!
---0.9593737125396729 seconds ---
current quantity:  0
No product to buy! sleep 10 secs
item name you're checking is:  TYPE-O-006 
product names are: 
(0, 0)
quantity to buy:  1
There are 0 items you can buy!
---1.0108389854431152 seconds ---
current quantity:  0
No product to buy! sleep 10 secs
idx is:  1
try to login!
click login button!
---12.204803705215454 seconds ---
go to cart!
clear cart start!
clear Done!
item need to buy count:  3
item_to_buy:  {(0, 0): 1, (0, 1): 1, (0, 2): 1}
item name you're checking is:  TYPE-O-006 
product names are: 
(0, 0)
quantity to buy:  1
There are 0 items you can buy!
---6.264198064804077 seconds ---
quantity:  0
No product to buy! sleep 10 secs
item name you're checking is:  TYPE-O-006 
product names are: 
(0, 0)
quantity to buy:  1
There are 0 items you can buy!
---0.9748170375823975 seconds ---
current quantity:  0
No product to buy! sleep 10 secs
item name you're checking is:  TYPE-O-006 
product names are: 
(0, 0)
quantity to buy:  1
There are 0 items you can buy!
---1.1857059001922607 seconds ---
current quantity:  0
No product to buy! sleep 10 secs
item name you're checking is:  TYPE-O-006 
product names are: 
(0, 0)
quantity to buy:  1
There are 0 items you can buy!
---0.9602048397064209 seconds ---
current quantity:  0
No product to buy! sleep 10 secs
item name you're checking is:  TYPE-O-006 
product names are: 
(0, 0)
quantity to buy:  1
There are 0 items you can buy!
---0.9806017875671387 seconds ---
current quantity:  0
No product to buy! sleep 10 secs
item name you're checking is:  TYPE-O-006 
product names are: 
(0, 0)
quantity to buy:  1
There are 0 items you can buy!
---1.1632928848266602 seconds ---
current quantity:  0
No product to buy! sleep 10 secs
item name you're checking is:  TYPE-O-006 
product names are: 
(0, 0)
quantity to buy:  1
There are 0 items you can buy!
---1.2350590229034424 seconds ---
current quantity:  0
No product to buy! sleep 10 secs
item name you're checking is:  TYPE-O-006 
product names are: 
(0, 0)
quantity to buy:  1
There are 0 items you can buy!
---1.0706937313079834 seconds ---
current quantity:  0
No product to buy! sleep 10 secs
item name you're checking is:  TYPE-O-006 
product names are: 
(0, 0)
quantity to buy:  1
There are 0 items you can buy!
---0.8102948665618896 seconds ---
current quantity:  0
No product to buy! sleep 10 secs
item name you're checking is:  TYPE-O-006 
product names are: 
(0, 0)
quantity to buy:  1
There are 0 items you can buy!
---0.8290400505065918 seconds ---
current quantity:  0
No product to buy! sleep 10 secs
item name you're checking is:  TYPE-O-006 
product names are: 
(0, 0)
quantity to buy:  1
There are 0 items you can buy!
---5.23549485206604 seconds ---
current quantity:  0
No product to buy! sleep 10 secs
item name you're checking is:  TYPE-O-006 
product names are: 
(0, 0)
quantity to buy:  1
There are 0 items you can buy!
---1.2314870357513428 seconds ---
current quantity:  0
No product to buy! sleep 10 secs
item name you're checking is:  TYPE-O-006 
product names are: 
(0, 0)
quantity to buy:  1
There are 0 items you can buy!
---1.6334168910980225 seconds ---
current quantity:  0
No product to buy! sleep 10 secs
item name you're checking is:  TYPE-O-006 
product names are: 
(0, 0)
quantity to buy:  1
There are 0 items you can buy!
---1.0197689533233643 seconds ---
current quantity:  0
No product to buy! sleep 10 secs
item name you're checking is:  TYPE-O-006 
product names are: 
(0, 0)
quantity to buy:  1
There are 0 items you can buy!
---1.0170269012451172 seconds ---
current quantity:  0
No product to buy! sleep 10 secs
item name you're checking is:  TYPE-O-006 
product names are: 
(0, 0)
quantity to buy:  1
There are 0 items you can buy!
---1.0595567226409912 seconds ---
current quantity:  0
No product to buy! sleep 10 secs
item name you're checking is:  TYPE-O-006 
product names are: 
(0, 0)
quantity to buy:  1
There are 0 items you can buy!
---1.1168708801269531 seconds ---
current quantity:  0
No product to buy! sleep 10 secs
item name you're checking is:  TYPE-O-006 
product names are: 
(0, 0)
quantity to buy:  1
There are 0 items you can buy!
---2.2857468128204346 seconds ---
current quantity:  0
No product to buy! sleep 10 secs
item name you're checking is:  TYPE-O-006 
product names are: 
(0, 0)
quantity to buy:  1
There are 0 items you can buy!
---3.61224102973938 seconds ---
current quantity:  0
No product to buy! sleep 10 secs
item name you're checking is:  TYPE-O-006 
product names are: 
(0, 0)
quantity to buy:  1
There are 0 items you can buy!
---3.9739670753479004 seconds ---
current quantity:  0
No product to buy! sleep 10 secs
item name you're checking is:  TYPE-O-006 
product names are: 
(0, 0)
quantity to buy:  1
There are 0 items you can buy!
---12.287868022918701 seconds ---
current quantity:  0
No product to buy! sleep 10 secs
item name you're checking is:  TYPE-O-006 
product names are: 
(0, 0)
quantity to buy:  1
There are 0 items you can buy!
---7.272135257720947 seconds ---
current quantity:  0
No product to buy! sleep 10 secs
item name you're checking is:  TYPE-O-006 
product names are: 
(0, 0)
quantity to buy:  1
There are 0 items you can buy!
---4.400297403335571 seconds ---
current quantity:  0
No product to buy! sleep 10 secs
item name you're checking is:  TYPE-O-006 
product names are: 
(0, 0)
quantity to buy:  1
There are 0 items you can buy!
---5.253432035446167 seconds ---
current quantity:  0
No product to buy! sleep 10 secs
item name you're checking is:  TYPE-O-006 
product names are: 
(0, 0)
quantity to buy:  1
There are 0 items you can buy!
---4.319037914276123 seconds ---
current quantity:  0
No product to buy! sleep 10 secs
item name you're checking is:  TYPE-O-006 
product names are: 
(0, 0)
quantity to buy:  1
There are 0 items you can buy!
---4.23376989364624 seconds ---
current quantity:  0
No product to buy! sleep 10 secs
item name you're checking is:  TYPE-O-006 
product names are: 
(0, 0)
quantity to buy:  1
There are 0 items you can buy!
---4.728367805480957 seconds ---
current quantity:  0
No product to buy! sleep 10 secs
item name you're checking is:  TYPE-O-006 
product names are: 
(0, 0)
quantity to buy:  1
There are 0 items you can buy!
---0.7428252696990967 seconds ---
current quantity:  0
No product to buy! sleep 10 secs
item name you're checking is:  TYPE-O-006 
product names are: 
(0, 0)
quantity to buy:  1
There are 0 items you can buy!
---0.8743259906768799 seconds ---
current quantity:  0
No product to buy! sleep 10 secs
item name you're checking is:  TYPE-O-006 
product names are: 
(0, 0)
quantity to buy:  1
There are 0 items you can buy!
---0.8935329914093018 seconds ---
current quantity:  0
No product to buy! sleep 10 secs
item name you're checking is:  TYPE-O-006 
product names are: 
(0, 0)
quantity to buy:  1
There are 0 items you can buy!
---0.7410590648651123 seconds ---
current quantity:  0
No product to buy! sleep 10 secs
item name you're checking is:  TYPE-O-006 
product names are: 
(0, 0)
quantity to buy:  1
There are 0 items you can buy!
---0.7378110885620117 seconds ---
current quantity:  0
No product to buy! sleep 10 secs
item name you're checking is:  TYPE-O-006 
product names are: 
(0, 0)
quantity to buy:  1
There are 0 items you can buy!
---1.1063551902770996 seconds ---
current quantity:  0
No product to buy! sleep 10 secs
item name you're checking is:  TYPE-O-006 
product names are: 
(0, 0)
quantity to buy:  1
There are 0 items you can buy!
---0.8039112091064453 seconds ---
current quantity:  0
No product to buy! sleep 10 secs
item name you're checking is:  TYPE-O-006 
product names are: 
(0, 0)
quantity to buy:  1
There are 0 items you can buy!
---1.0769271850585938 seconds ---
current quantity:  0
No product to buy! sleep 10 secs
item name you're checking is:  TYPE-O-006 
product names are: 
(0, 0)
quantity to buy:  1
There are 0 items you can buy!
---1.0452702045440674 seconds ---
current quantity:  0
No product to buy! sleep 10 secs
item name you're checking is:  TYPE-O-006 
product names are: 
(0, 0)
quantity to buy:  1
There are 0 items you can buy!
---0.853851318359375 seconds ---
current quantity:  0
No product to buy! sleep 10 secs
item name you're checking is:  TYPE-O-006 
product names are: 
(0, 0)
quantity to buy:  1
There are 0 items you can buy!
---0.7811241149902344 seconds ---
current quantity:  0
No product to buy! sleep 10 secs
item name you're checking is:  TYPE-O-006 
product names are: 
(0, 0)
quantity to buy:  1
There are 0 items you can buy!
---0.8304638862609863 seconds ---
current quantity:  0
No product to buy! sleep 10 secs
item name you're checking is:  TYPE-O-006 
product names are: 
(0, 0)
quantity to buy:  1
There are 0 items you can buy!
---1.6750481128692627 seconds ---
current quantity:  0
No product to buy! sleep 10 secs
item name you're checking is:  TYPE-O-006 
product names are: 
(0, 0)
quantity to buy:  1
There are 0 items you can buy!
---0.8776350021362305 seconds ---
current quantity:  0
No product to buy! sleep 10 secs
item name you're checking is:  TYPE-O-006 
product names are: 
(0, 0)
quantity to buy:  1
There are 0 items you can buy!
---0.886167049407959 seconds ---
current quantity:  0
No product to buy! sleep 10 secs
item name you're checking is:  TYPE-O-006 
product names are: 
(0, 0)
quantity to buy:  1
There are 0 items you can buy!
---0.9944508075714111 seconds ---
current quantity:  0
No product to buy! sleep 10 secs
item name you're checking is:  TYPE-O-006 
product names are: 
(0, 0)
quantity to buy:  1
There are 0 items you can buy!
---0.7254190444946289 seconds ---
current quantity:  0
No product to buy! sleep 10 secs
item name you're checking is:  TYPE-O-006 
product names are: 
(0, 0)
quantity to buy:  1
There are 0 items you can buy!
---0.8310537338256836 seconds ---
current quantity:  0
No product to buy! sleep 10 secs
item name you're checking is:  TYPE-O-006 
product names are: 
(0, 0)
quantity to buy:  1
There are 0 items you can buy!
---0.9977390766143799 seconds ---
current quantity:  0
No product to buy! sleep 10 secs
item name you're checking is:  TYPE-O-006 
product names are: 
(0, 0)
quantity to buy:  1
There are 0 items you can buy!
---0.9924988746643066 seconds ---
current quantity:  0
No product to buy! sleep 10 secs
item name you're checking is:  TYPE-O-006 
product names are: 
(0, 0)
quantity to buy:  1
There are 0 items you can buy!
---0.7974112033843994 seconds ---
current quantity:  0
No product to buy! sleep 10 secs
item name you're checking is:  TYPE-O-006 
product names are: 
(0, 0)
quantity to buy:  1
There are 0 items you can buy!
---0.8662137985229492 seconds ---
current quantity:  0
No product to buy! sleep 10 secs
item name you're checking is:  TYPE-O-006 
product names are: 
(0, 0)
quantity to buy:  1
There are 0 items you can buy!
---0.8765890598297119 seconds ---
current quantity:  0
No product to buy! sleep 10 secs
item name you're checking is:  TYPE-O-006 
product names are: 
(0, 0)
quantity to buy:  1
There are 0 items you can buy!
---0.9885349273681641 seconds ---
current quantity:  0
No product to buy! sleep 10 secs
item name you're checking is:  TYPE-O-006 
product names are: 
(0, 0)
quantity to buy:  1
There are 0 items you can buy!
---0.7007601261138916 seconds ---
current quantity:  0
No product to buy! sleep 10 secs
item name you're checking is:  TYPE-O-006 
product names are: 
(0, 0)
quantity to buy:  1
There are 0 items you can buy!
---1.073288917541504 seconds ---
current quantity:  0
No product to buy! sleep 10 secs
item name you're checking is:  TYPE-O-006 
product names are: 
(0, 0)
quantity to buy:  1
There are 0 items you can buy!
---0.9600777626037598 seconds ---
current quantity:  0
No product to buy! sleep 10 secs
item name you're checking is:  TYPE-O-006 
product names are: 
(0, 0)
quantity to buy:  1
There are 0 items you can buy!
---0.945044994354248 seconds ---
current quantity:  0
No product to buy! sleep 10 secs
item name you're checking is:  TYPE-O-006 
product names are: 
(0, 0)
quantity to buy:  1
There are 0 items you can buy!
---0.9657330513000488 seconds ---
current quantity:  0
No product to buy! sleep 10 secs
item name you're checking is:  TYPE-O-006 
product names are: 
(0, 0)
quantity to buy:  1
There are 0 items you can buy!
---1.0281262397766113 seconds ---
current quantity:  0
No product to buy! sleep 10 secs
item name you're checking is:  TYPE-O-006 
product names are: 
(0, 0)
quantity to buy:  1
There are 0 items you can buy!
---0.957683801651001 seconds ---
current quantity:  0
No product to buy! sleep 10 secs
item name you're checking is:  TYPE-O-006 
product names are: 
(0, 0)
quantity to buy:  1
There are 0 items you can buy!
---0.977531909942627 seconds ---
current quantity:  0
No product to buy! sleep 10 secs
item name you're checking is:  TYPE-O-006 
product names are: 
(0, 0)
quantity to buy:  1
There are 0 items you can buy!
---1.0275089740753174 seconds ---
current quantity:  0
No product to buy! sleep 10 secs
item name you're checking is:  TYPE-O-006 
product names are: 
(0, 0)
quantity to buy:  1
There are 0 items you can buy!
---0.9226701259613037 seconds ---
current quantity:  0
No product to buy! sleep 10 secs
item name you're checking is:  TYPE-O-006 
product names are: 
(0, 0)
quantity to buy:  1
There are 0 items you can buy!
---0.732534646987915 seconds ---
current quantity:  0
No product to buy! sleep 10 secs
item name you're checking is:  TYPE-O-006 
product names are: 
(0, 0)
quantity to buy:  1
There are 0 items you can buy!
---0.8942070007324219 seconds ---
current quantity:  0
No product to buy! sleep 10 secs
item name you're checking is:  TYPE-O-006 
product names are: 
(0, 0)
quantity to buy:  1
There are 0 items you can buy!
---1.0826990604400635 seconds ---
current quantity:  0
No product to buy! sleep 10 secs
item name you're checking is:  TYPE-O-006 
product names are: 
(0, 0)
quantity to buy:  1
There are 0 items you can buy!
---0.9337940216064453 seconds ---
current quantity:  0
No product to buy! sleep 10 secs
item name you're checking is:  TYPE-O-006 
product names are: 
(0, 0)
quantity to buy:  1
There are 0 items you can buy!
---0.8798782825469971 seconds ---
current quantity:  0
No product to buy! sleep 10 secs
item name you're checking is:  TYPE-O-006 
product names are: 
(0, 0)
quantity to buy:  1
There are 0 items you can buy!
---1.0143601894378662 seconds ---
current quantity:  0
No product to buy! sleep 10 secs
item name you're checking is:  TYPE-O-006 
product names are: 
(0, 0)
quantity to buy:  1
There are 0 items you can buy!
---1.0625889301300049 seconds ---
current quantity:  0
No product to buy! sleep 10 secs
item name you're checking is:  TYPE-O-006 
product names are: 
(0, 0)
quantity to buy:  1
There are 0 items you can buy!
---1.5544648170471191 seconds ---
current quantity:  0
No product to buy! sleep 10 secs
item name you're checking is:  TYPE-O-006 
product names are: 
(0, 0)
quantity to buy:  1
There are 0 items you can buy!
---1.4950370788574219 seconds ---
current quantity:  0
No product to buy! sleep 10 secs
item name you're checking is:  TYPE-O-006 
product names are: 
(0, 0)
quantity to buy:  1
There are 0 items you can buy!
---1.0463769435882568 seconds ---
current quantity:  0
No product to buy! sleep 10 secs
item name you're checking is:  TYPE-O-006 
product names are: 
(0, 0)
quantity to buy:  1
There are 0 items you can buy!
---0.9169838428497314 seconds ---
current quantity:  0
No product to buy! sleep 10 secs
item name you're checking is:  TYPE-O-006 
product names are: 
(0, 0)
quantity to buy:  1
There are 0 items you can buy!
---5.120114088058472 seconds ---
current quantity:  0
No product to buy! sleep 10 secs
item name you're checking is:  TYPE-O-006 
product names are: 
(0, 0)
quantity to buy:  1
There are 0 items you can buy!
---3.2456488609313965 seconds ---
current quantity:  0
No product to buy! sleep 10 secs
item name you're checking is:  TYPE-O-006 
product names are: 
(0, 0)
quantity to buy:  1
There are 0 items you can buy!
---4.3988118171691895 seconds ---
current quantity:  0
No product to buy! sleep 10 secs
item name you're checking is:  TYPE-O-006 
product names are: 
(0, 0)
quantity to buy:  1
There are 0 items you can buy!
---1.6990199089050293 seconds ---
current quantity:  0
No product to buy! sleep 10 secs
item name you're checking is:  TYPE-O-006 
product names are: 
(0, 0)
quantity to buy:  1
There are 0 items you can buy!
---1.534804105758667 seconds ---
current quantity:  0
No product to buy! sleep 10 secs
item name you're checking is:  TYPE-O-006 
product names are: 
(0, 0)
quantity to buy:  1
There are 0 items you can buy!
---1.2710862159729004 seconds ---
current quantity:  0
No product to buy! sleep 10 secs
item name you're checking is:  TYPE-O-006 
product names are: 
(0, 0)
quantity to buy:  1
There are 0 items you can buy!
---1.0830788612365723 seconds ---
current quantity:  0
No product to buy! sleep 10 secs
item name you're checking is:  TYPE-O-006 
product names are: 
(0, 0)
quantity to buy:  1
There are 0 items you can buy!
---1.0525531768798828 seconds ---
current quantity:  0
No product to buy! sleep 10 secs
item name you're checking is:  TYPE-O-006 
product names are: 
(0, 0)
quantity to buy:  1
There are 0 items you can buy!
---0.9930171966552734 seconds ---
current quantity:  0
No product to buy! sleep 10 secs
item name you're checking is:  TYPE-O-006 
product names are: 
(0, 0)
quantity to buy:  1
There are 0 items you can buy!
---1.2574567794799805 seconds ---
current quantity:  0
No product to buy! sleep 10 secs
item name you're checking is:  TYPE-O-006 
product names are: 
(0, 0)
quantity to buy:  1
There are 0 items you can buy!
---1.386174201965332 seconds ---
current quantity:  0
No product to buy! sleep 10 secs
item name you're checking is:  TYPE-O-006 
product names are: 
(0, 0)
quantity to buy:  1
There are 0 items you can buy!
---0.9239029884338379 seconds ---
current quantity:  0
No product to buy! sleep 10 secs
item name you're checking is:  TYPE-O-006 
product names are: 
(0, 0)
quantity to buy:  1
There are 0 items you can buy!
---1.1793501377105713 seconds ---
current quantity:  0
No product to buy! sleep 10 secs
item name you're checking is:  TYPE-O-006 
product names are: 
(0, 0)
quantity to buy:  1
There are 0 items you can buy!
---1.3646209239959717 seconds ---
current quantity:  0
No product to buy! sleep 10 secs
item name you're checking is:  TYPE-O-006 
product names are: 
(0, 0)
quantity to buy:  1
There are 0 items you can buy!
---1.4351260662078857 seconds ---
current quantity:  0
No product to buy! sleep 10 secs
item name you're checking is:  TYPE-O-006 
product names are: 
(0, 0)
quantity to buy:  1
There are 0 items you can buy!
---1.1246201992034912 seconds ---
current quantity:  0
No product to buy! sleep 10 secs
item name you're checking is:  TYPE-O-006 
product names are: 
(0, 0)
quantity to buy:  1
There are 0 items you can buy!
---1.0836920738220215 seconds ---
current quantity:  0
No product to buy! sleep 10 secs
item name you're checking is:  TYPE-O-006 
product names are: 
(0, 0)
quantity to buy:  1
There are 0 items you can buy!
---1.035952091217041 seconds ---
current quantity:  0
No product to buy! sleep 10 secs
item name you're checking is:  TYPE-O-006 
product names are: 
(0, 0)
quantity to buy:  1
There are 0 items you can buy!
---1.4807689189910889 seconds ---
current quantity:  0
No product to buy! sleep 10 secs
item name you're checking is:  TYPE-O-006 
product names are: 
(0, 0)
quantity to buy:  1
There are 0 items you can buy!
---1.085839033126831 seconds ---
current quantity:  0
No product to buy! sleep 10 secs
item name you're checking is:  TYPE-O-006 
product names are: 
(0, 0)
quantity to buy:  1
There are 0 items you can buy!
---1.4163718223571777 seconds ---
current quantity:  0
No product to buy! sleep 10 secs
item name you're checking is:  TYPE-O-006 
product names are: 
(0, 0)
quantity to buy:  1
There are 0 items you can buy!
---1.134943962097168 seconds ---
current quantity:  0
No product to buy! sleep 10 secs
item name you're checking is:  TYPE-O-006 
product names are: 
(0, 0)
quantity to buy:  1
There are 0 items you can buy!
---0.924523115158081 seconds ---
current quantity:  0
No product to buy! sleep 10 secs
item name you're checking is:  TYPE-O-006 
product names are: 
(0, 0)
quantity to buy:  1
There are 0 items you can buy!
---1.087799072265625 seconds ---
current quantity:  0
No product to buy! sleep 10 secs
item name you're checking is:  TYPE-O-006 
product names are: 
(0, 0)
quantity to buy:  1
There are 0 items you can buy!
---1.0169646739959717 seconds ---
current quantity:  0
No product to buy! sleep 10 secs
item name you're checking is:  TYPE-O-006 
product names are: 
(0, 0)
quantity to buy:  1
There are 0 items you can buy!
---1.0400679111480713 seconds ---
current quantity:  0
No product to buy! sleep 10 secs
item name you're checking is:  TYPE-O-006 
product names are: 
(0, 0)
quantity to buy:  1
There are 0 items you can buy!
---1.0161468982696533 seconds ---
current quantity:  0
No product to buy! sleep 10 secs
item name you're checking is:  TYPE-O-006 
product names are: 
(0, 0)
quantity to buy:  1
There are 0 items you can buy!
---0.8645009994506836 seconds ---
current quantity:  0
No product to buy! sleep 10 secs
item name you're checking is:  TYPE-O-006 
product names are: 
(0, 0)
quantity to buy:  1
There are 0 items you can buy!
---1.0529060363769531 seconds ---
current quantity:  0
No product to buy! sleep 10 secs
item name you're checking is:  TYPE-O-006 
product names are: 
(0, 0)
quantity to buy:  1
There are 0 items you can buy!
---1.0419049263000488 seconds ---
current quantity:  0
No product to buy! sleep 10 secs
item name you're checking is:  TYPE-O-006 
product names are: 
(0, 0)
quantity to buy:  1
There are 0 items you can buy!
---1.1330749988555908 seconds ---
current quantity:  0
No product to buy! sleep 10 secs
item name you're checking is:  TYPE-O-006 
product names are: 
(0, 0)
quantity to buy:  1
There are 0 items you can buy!
---0.9737148284912109 seconds ---
current quantity:  0
No product to buy! sleep 10 secs
item name you're checking is:  TYPE-O-006 
product names are: 
(0, 0)
quantity to buy:  1
There are 0 items you can buy!
---1.0119292736053467 seconds ---
current quantity:  0
No product to buy! sleep 10 secs
item name you're checking is:  TYPE-O-006 
product names are: 
(0, 0)
quantity to buy:  1
There are 0 items you can buy!
---0.9491710662841797 seconds ---
current quantity:  0
No product to buy! sleep 10 secs
item name you're checking is:  TYPE-O-006 
product names are: 
(0, 0)
quantity to buy:  1
There are 0 items you can buy!
---1.0532560348510742 seconds ---
current quantity:  0
No product to buy! sleep 10 secs
item name you're checking is:  TYPE-O-006 
product names are: 
(0, 0)
quantity to buy:  1
There are 0 items you can buy!
---1.152224063873291 seconds ---
current quantity:  0
No product to buy! sleep 10 secs
item name you're checking is:  TYPE-O-006 
product names are: 
(0, 0)
quantity to buy:  1
There are 0 items you can buy!
---0.9883730411529541 seconds ---
current quantity:  0
No product to buy! sleep 10 secs
item name you're checking is:  TYPE-O-006 
product names are: 
(0, 0)
quantity to buy:  1
There are 0 items you can buy!
---1.186800241470337 seconds ---
current quantity:  0
No product to buy! sleep 10 secs
item name you're checking is:  TYPE-O-006 
product names are: 
(0, 0)
quantity to buy:  1
There are 0 items you can buy!
---1.428844690322876 seconds ---
current quantity:  0
No product to buy! sleep 10 secs
item name you're checking is:  TYPE-O-006 
product names are: 
(0, 0)
quantity to buy:  1
There are 0 items you can buy!
---1.1118383407592773 seconds ---
current quantity:  0
No product to buy! sleep 10 secs
item name you're checking is:  TYPE-O-006 
product names are: 
(0, 0)
quantity to buy:  1
There are 0 items you can buy!
---1.4618921279907227 seconds ---
current quantity:  0
No product to buy! sleep 10 secs
item name you're checking is:  TYPE-O-006 
product names are: 
(0, 0)
quantity to buy:  1
There are 0 items you can buy!
---1.2456748485565186 seconds ---
current quantity:  0
No product to buy! sleep 10 secs
item name you're checking is:  TYPE-O-006 
product names are: 
(0, 0)
quantity to buy:  1
There are 0 items you can buy!
---1.0817790031433105 seconds ---
current quantity:  0
No product to buy! sleep 10 secs
item name you're checking is:  TYPE-O-006 
product names are: 
(0, 0)
quantity to buy:  1
There are 0 items you can buy!
---0.9549131393432617 seconds ---
current quantity:  0
No product to buy! sleep 10 secs
item name you're checking is:  TYPE-O-006 
product names are: 
(0, 0)
quantity to buy:  1
There are 0 items you can buy!
---1.0223286151885986 seconds ---
current quantity:  0
No product to buy! sleep 10 secs
item name you're checking is:  TYPE-O-006 
product names are: 
(0, 0)
quantity to buy:  1
There are 0 items you can buy!
---1.4568922519683838 seconds ---
current quantity:  0
No product to buy! sleep 10 secs
item name you're checking is:  TYPE-O-006 
product names are: 
(0, 0)
quantity to buy:  1
There are 0 items you can buy!
---0.8653559684753418 seconds ---
current quantity:  0
No product to buy! sleep 10 secs
item name you're checking is:  TYPE-O-006 
product names are: 
(0, 0)
quantity to buy:  1
There are 0 items you can buy!
---0.9897730350494385 seconds ---
current quantity:  0
No product to buy! sleep 10 secs
item name you're checking is:  TYPE-O-006 
product names are: 
(0, 0)
quantity to buy:  1
There are 0 items you can buy!
---0.9861719608306885 seconds ---
current quantity:  0
No product to buy! sleep 10 secs
item name you're checking is:  TYPE-O-006 
product names are: 
(0, 0)
quantity to buy:  1
There are 0 items you can buy!
---1.0054688453674316 seconds ---
current quantity:  0
No product to buy! sleep 10 secs
item name you're checking is:  TYPE-O-006 
product names are: 
(0, 0)
quantity to buy:  1
There are 0 items you can buy!
---0.915708065032959 seconds ---
current quantity:  0
No product to buy! sleep 10 secs
item name you're checking is:  TYPE-O-006 
product names are: 
(0, 0)
quantity to buy:  1
There are 0 items you can buy!
---1.0201349258422852 seconds ---
current quantity:  0
No product to buy! sleep 10 secs
item name you're checking is:  TYPE-O-006 
product names are: 
(0, 0)
quantity to buy:  1
There are 0 items you can buy!
---1.0448360443115234 seconds ---
current quantity:  0
No product to buy! sleep 10 secs
item name you're checking is:  TYPE-O-006 
product names are: 
(0, 0)
quantity to buy:  1
There are 0 items you can buy!
---0.9896421432495117 seconds ---
current quantity:  0
No product to buy! sleep 10 secs
item name you're checking is:  TYPE-O-006 
product names are: 
(0, 0)
quantity to buy:  1
There are 0 items you can buy!
---0.8709230422973633 seconds ---
current quantity:  0
No product to buy! sleep 10 secs
item name you're checking is:  TYPE-O-006 
product names are: 
(0, 0)
quantity to buy:  1
There are 0 items you can buy!
---1.0085039138793945 seconds ---
current quantity:  0
No product to buy! sleep 10 secs
item name you're checking is:  TYPE-O-006 
product names are: 
(0, 0)
quantity to buy:  1
There are 0 items you can buy!
---0.9900989532470703 seconds ---
current quantity:  0
No product to buy! sleep 10 secs
item name you're checking is:  TYPE-O-006 
product names are: 
(0, 0)
quantity to buy:  1
There are 0 items you can buy!
---0.9915220737457275 seconds ---
current quantity:  0
No product to buy! sleep 10 secs
item name you're checking is:  TYPE-O-006 
product names are: 
(0, 0)
quantity to buy:  1
There are 0 items you can buy!
---1.0148789882659912 seconds ---
current quantity:  0
No product to buy! sleep 10 secs
item name you're checking is:  TYPE-O-006 
product names are: 
(0, 0)
quantity to buy:  1
There are 0 items you can buy!
---0.906195878982544 seconds ---
current quantity:  0
No product to buy! sleep 10 secs
item name you're checking is:  TYPE-O-006 
product names are: 
(0, 0)
quantity to buy:  1
There are 0 items you can buy!
---0.9862730503082275 seconds ---
current quantity:  0
No product to buy! sleep 10 secs
item name you're checking is:  TYPE-O-006 
product names are: 
(0, 0)
quantity to buy:  1
There are 0 items you can buy!
---2.0174620151519775 seconds ---
current quantity:  0
No product to buy! sleep 10 secs
item name you're checking is:  TYPE-O-006 
product names are: 
(0, 0)
quantity to buy:  1
There are 0 items you can buy!
---0.8102931976318359 seconds ---
current quantity:  0
No product to buy! sleep 10 secs
item name you're checking is:  TYPE-O-006 
product names are: 
(0, 0)
quantity to buy:  1
There are 0 items you can buy!
---1.0001342296600342 seconds ---
current quantity:  0
No product to buy! sleep 10 secs
item name you're checking is:  TYPE-O-006 
product names are: 
(0, 0)
quantity to buy:  1
There are 0 items you can buy!
---0.9580750465393066 seconds ---
current quantity:  0
No product to buy! sleep 10 secs
item name you're checking is:  TYPE-O-006 
product names are: 
(0, 0)
quantity to buy:  1
There are 0 items you can buy!
---1.0215117931365967 seconds ---
current quantity:  0
No product to buy! sleep 10 secs
item name you're checking is:  TYPE-O-006 
product names are: 
(0, 0)
quantity to buy:  1
There are 0 items you can buy!
---0.9772999286651611 seconds ---
current quantity:  0
No product to buy! sleep 10 secs
item name you're checking is:  TYPE-O-006 
product names are: 
(0, 0)
quantity to buy:  1
There are 0 items you can buy!
---0.9448552131652832 seconds ---
current quantity:  0
No product to buy! sleep 10 secs
item name you're checking is:  TYPE-O-006 
product names are: 
(0, 0)
quantity to buy:  1
There are 0 items you can buy!
---0.9933278560638428 seconds ---
current quantity:  0
No product to buy! sleep 10 secs
item name you're checking is:  TYPE-O-006 
product names are: 
(0, 0)
quantity to buy:  1
There are 0 items you can buy!
---1.1074769496917725 seconds ---
current quantity:  0
No product to buy! sleep 10 secs
item name you're checking is:  TYPE-O-006 
product names are: 
(0, 0)
quantity to buy:  1
There are 0 items you can buy!
---1.0318801403045654 seconds ---
current quantity:  0
No product to buy! sleep 10 secs
item name you're checking is:  TYPE-O-006 
product names are: 
(0, 0)
quantity to buy:  1
There are 0 items you can buy!
---0.9042689800262451 seconds ---
current quantity:  0
No product to buy! sleep 10 secs
item name you're checking is:  TYPE-O-006 
product names are: 
(0, 0)
quantity to buy:  1
There are 0 items you can buy!
---0.9674270153045654 seconds ---
current quantity:  0
No product to buy! sleep 10 secs
item name you're checking is:  TYPE-O-006 
product names are: 
(0, 0)
quantity to buy:  1
There are 0 items you can buy!
---1.017319917678833 seconds ---
current quantity:  0
No product to buy! sleep 10 secs
item name you're checking is:  TYPE-O-006 
product names are: 
(0, 0)
quantity to buy:  1
There are 0 items you can buy!
---1.0939719676971436 seconds ---
current quantity:  0
No product to buy! sleep 10 secs
item name you're checking is:  TYPE-O-006 
product names are: 
(0, 0)
quantity to buy:  1
There are 0 items you can buy!
---1.271273136138916 seconds ---
current quantity:  0
No product to buy! sleep 10 secs
item name you're checking is:  TYPE-O-006 
product names are: 
(0, 0)
quantity to buy:  1
There are 0 items you can buy!
---1.1329059600830078 seconds ---
current quantity:  0
No product to buy! sleep 10 secs
item name you're checking is:  TYPE-O-006 
product names are: 
(0, 0)
quantity to buy:  1
There are 0 items you can buy!
---1.2189247608184814 seconds ---
current quantity:  0
No product to buy! sleep 10 secs
item name you're checking is:  TYPE-O-006 
product names are: 
(0, 0)
quantity to buy:  1
There are 0 items you can buy!
---0.976064920425415 seconds ---
current quantity:  0
No product to buy! sleep 10 secs
item name you're checking is:  TYPE-O-006 
product names are: 
(0, 0)
quantity to buy:  1
There are 0 items you can buy!
---0.9267752170562744 seconds ---
current quantity:  0
No product to buy! sleep 10 secs
item name you're checking is:  TYPE-O-006 
product names are: 
(0, 0)
quantity to buy:  1
There are 0 items you can buy!
---0.8216550350189209 seconds ---
current quantity:  0
No product to buy! sleep 10 secs
item name you're checking is:  TYPE-O-006 
product names are: 
(0, 0)
quantity to buy:  1
There are 0 items you can buy!
---1.100126028060913 seconds ---
current quantity:  0
No product to buy! sleep 10 secs
item name you're checking is:  TYPE-O-006 
product names are: 
(0, 0)
quantity to buy:  1
There are 0 items you can buy!
---1.1189320087432861 seconds ---
current quantity:  0
No product to buy! sleep 10 secs
item name you're checking is:  TYPE-O-006 
product names are: 
(0, 0)
quantity to buy:  1
There are 0 items you can buy!
---1.0623390674591064 seconds ---
current quantity:  0
No product to buy! sleep 10 secs
item name you're checking is:  TYPE-O-006 
product names are: 
(0, 0)
quantity to buy:  1
There are 0 items you can buy!
---0.8964359760284424 seconds ---
current quantity:  0
No product to buy! sleep 10 secs
item name you're checking is:  TYPE-O-006 
product names are: 
(0, 0)
quantity to buy:  1
There are 0 items you can buy!
---1.1651320457458496 seconds ---
current quantity:  0
No product to buy! sleep 10 secs
item name you're checking is:  TYPE-O-006 
product names are: 
(0, 0)
quantity to buy:  1
There are 0 items you can buy!
---0.9055001735687256 seconds ---
current quantity:  0
No product to buy! sleep 10 secs
item name you're checking is:  TYPE-O-006 
product names are: 
(0, 0)
quantity to buy:  1
There are 0 items you can buy!
---1.309441089630127 seconds ---
current quantity:  0
No product to buy! sleep 10 secs
item name you're checking is:  TYPE-O-006 
product names are: 
(0, 0)
quantity to buy:  1
There are 0 items you can buy!
---1.0962820053100586 seconds ---
current quantity:  0
No product to buy! sleep 10 secs
item name you're checking is:  TYPE-O-006 
product names are: 
(0, 0)
quantity to buy:  1
There are 0 items you can buy!
---1.2157340049743652 seconds ---
current quantity:  0
No product to buy! sleep 10 secs
item name you're checking is:  TYPE-O-006 
product names are: 
(0, 0)
quantity to buy:  1
There are 0 items you can buy!
---1.0555148124694824 seconds ---
current quantity:  0
No product to buy! sleep 10 secs
item name you're checking is:  TYPE-O-006 
product names are: 
(0, 0)
quantity to buy:  1
There are 0 items you can buy!
---0.9030647277832031 seconds ---
current quantity:  0
No product to buy! sleep 10 secs
item name you're checking is:  TYPE-O-006 
product names are: 
(0, 0)
quantity to buy:  1
There are 0 items you can buy!
---1.0643198490142822 seconds ---
current quantity:  0
No product to buy! sleep 10 secs
item name you're checking is:  TYPE-O-006 
product names are: 
(0, 0)
quantity to buy:  1
There are 0 items you can buy!
---1.2828178405761719 seconds ---
current quantity:  0
No product to buy! sleep 10 secs
item name you're checking is:  TYPE-O-006 
product names are: 
(0, 0)
quantity to buy:  1
There are 0 items you can buy!
---1.145085096359253 seconds ---
current quantity:  0
No product to buy! sleep 10 secs
item name you're checking is:  TYPE-O-006 
product names are: 
(0, 0)
quantity to buy:  1
There are 0 items you can buy!
---0.9705510139465332 seconds ---
current quantity:  0
No product to buy! sleep 10 secs
item name you're checking is:  TYPE-O-006 
product names are: 
(0, 0)
quantity to buy:  1
There are 0 items you can buy!
---1.0220460891723633 seconds ---
current quantity:  0
No product to buy! sleep 10 secs
item name you're checking is:  TYPE-O-006 
product names are: 
(0, 0)
quantity to buy:  1
There are 0 items you can buy!
---1.17022705078125 seconds ---
current quantity:  0
No product to buy! sleep 10 secs
item name you're checking is:  TYPE-O-006 
product names are: 
(0, 0)
quantity to buy:  1
There are 0 items you can buy!
---0.9521899223327637 seconds ---
current quantity:  0
No product to buy! sleep 10 secs
item name you're checking is:  TYPE-O-006 
product names are: 
(0, 0)
quantity to buy:  1
There are 0 items you can buy!
---1.1654179096221924 seconds ---
current quantity:  0
No product to buy! sleep 10 secs
item name you're checking is:  TYPE-O-006 
product names are: 
(0, 0)
quantity to buy:  1
There are 0 items you can buy!
---1.7302489280700684 seconds ---
current quantity:  0
No product to buy! sleep 10 secs
item name you're checking is:  TYPE-O-006 
product names are: 
(0, 0)
quantity to buy:  1
There are 0 items you can buy!
---1.3143291473388672 seconds ---
current quantity:  0
No product to buy! sleep 10 secs
item name you're checking is:  TYPE-O-006 
product names are: 
(0, 0)
quantity to buy:  1
There are 0 items you can buy!
---0.9059679508209229 seconds ---
current quantity:  0
No product to buy! sleep 10 secs
item name you're checking is:  TYPE-O-006 
product names are: 
(0, 0)
quantity to buy:  1
There are 0 items you can buy!
---1.0606558322906494 seconds ---
current quantity:  0
No product to buy! sleep 10 secs
item name you're checking is:  TYPE-O-006 
product names are: 
(0, 0)
quantity to buy:  1
There are 0 items you can buy!
---0.9677019119262695 seconds ---
current quantity:  0
No product to buy! sleep 10 secs
bye!
