idx is:  2
try to login!
click login button!
---12.112287998199463 seconds ---
go to cart!
clear cart start!
clear Done!
item need to buy count:  10
item_to_buy:  {(0, 0): 5, (0, 1): 4, (0, 2): 1}
item name you're checking is:  TYPE-O-006 
product names are: 
(0, 0)
quantity to buy:  5
There are 0 items you can buy!
---5.396007061004639 seconds ---
quantity:  0
No product to buy! sleep 10 secs
item name you're checking is:  TYPE-O-006 
product names are: 
(0, 0)
quantity to buy:  5
There are 0 items you can buy!
---1.494109869003296 seconds ---
current quantity:  0
No product to buy! sleep 10 secs
item name you're checking is:  TYPE-O-006 
product names are: 
(0, 0)
quantity to buy:  5
There are 0 items you can buy!
---1.0811569690704346 seconds ---
current quantity:  0
No product to buy! sleep 10 secs
item name you're checking is:  TYPE-O-006 
product names are: 
(0, 0)
quantity to buy:  5
There are 0 items you can buy!
---1.4147729873657227 seconds ---
current quantity:  0
No product to buy! sleep 10 secs
item name you're checking is:  TYPE-O-006 
product names are: 
(0, 0)
quantity to buy:  5
There are 0 items you can buy!
---1.0160536766052246 seconds ---
current quantity:  0
No product to buy! sleep 10 secs
item name you're checking is:  TYPE-O-006 
product names are: 
(0, 0)
quantity to buy:  5
There are 0 items you can buy!
---1.2958159446716309 seconds ---
current quantity:  0
No product to buy! sleep 10 secs
item name you're checking is:  TYPE-O-006 
product names are: 
(0, 0)
quantity to buy:  5
There are 0 items you can buy!
---8.441442728042603 seconds ---
current quantity:  0
No product to buy! sleep 10 secs
item name you're checking is:  TYPE-O-006 
product names are: 
(0, 0)
quantity to buy:  5
There are 0 items you can buy!
---0.8262650966644287 seconds ---
current quantity:  0
No product to buy! sleep 10 secs
item name you're checking is:  TYPE-O-006 
product names are: 
(0, 0)
quantity to buy:  5
There are 0 items you can buy!
---1.092829942703247 seconds ---
current quantity:  0
No product to buy! sleep 10 secs
item name you're checking is:  TYPE-O-006 
product names are: 
(0, 0)
quantity to buy:  5
There are 0 items you can buy!
---1.3217530250549316 seconds ---
current quantity:  0
No product to buy! sleep 10 secs
item name you're checking is:  TYPE-O-006 
product names are: 
(0, 0)
quantity to buy:  5
There are 0 items you can buy!
---1.8994710445404053 seconds ---
current quantity:  0
No product to buy! sleep 10 secs
item name you're checking is:  TYPE-O-006 
product names are: 
(0, 0)
quantity to buy:  5
There are 0 items you can buy!
---1.1633317470550537 seconds ---
current quantity:  0
No product to buy! sleep 10 secs
item name you're checking is:  TYPE-O-006 
product names are: 
(0, 0)
quantity to buy:  5
There are 0 items you can buy!
---1.1168313026428223 seconds ---
current quantity:  0
No product to buy! sleep 10 secs
item name you're checking is:  TYPE-O-006 
product names are: 
(0, 0)
quantity to buy:  5
There are 0 items you can buy!
---3.6723392009735107 seconds ---
current quantity:  0
No product to buy! sleep 10 secs
item name you're checking is:  TYPE-O-006 
product names are: 
(0, 0)
quantity to buy:  5
There are 0 items you can buy!
---1.8227612972259521 seconds ---
current quantity:  0
No product to buy! sleep 10 secs
item name you're checking is:  TYPE-O-006 
product names are: 
(0, 0)
quantity to buy:  5
There are 0 items you can buy!
---1.0962498188018799 seconds ---
current quantity:  0
No product to buy! sleep 10 secs
item name you're checking is:  TYPE-O-006 
product names are: 
(0, 0)
quantity to buy:  5
There are 0 items you can buy!
---1.0125551223754883 seconds ---
current quantity:  0
No product to buy! sleep 10 secs
item name you're checking is:  TYPE-O-006 
product names are: 
(0, 0)
quantity to buy:  5
There are 0 items you can buy!
---0.9850349426269531 seconds ---
current quantity:  0
No product to buy! sleep 10 secs
item name you're checking is:  TYPE-O-006 
product names are: 
(0, 0)
quantity to buy:  5
There are 0 items you can buy!
---3.2212061882019043 seconds ---
current quantity:  0
No product to buy! sleep 10 secs
item name you're checking is:  TYPE-O-006 
product names are: 
(0, 0)
quantity to buy:  5
There are 0 items you can buy!
---1.7026009559631348 seconds ---
current quantity:  0
No product to buy! sleep 10 secs
item name you're checking is:  TYPE-O-006 
product names are: 
(0, 0)
quantity to buy:  5
There are 0 items you can buy!
---1.178511142730713 seconds ---
current quantity:  0
No product to buy! sleep 10 secs
item name you're checking is:  TYPE-O-006 
product names are: 
(0, 0)
quantity to buy:  5
There are 0 items you can buy!
---1.1838610172271729 seconds ---
current quantity:  0
No product to buy! sleep 10 secs
item name you're checking is:  TYPE-O-006 
product names are: 
(0, 0)
quantity to buy:  5
There are 0 items you can buy!
---1.0955619812011719 seconds ---
current quantity:  0
No product to buy! sleep 10 secs
item name you're checking is:  TYPE-O-006 
product names are: 
(0, 0)
quantity to buy:  5
There are 0 items you can buy!
---1.1077148914337158 seconds ---
current quantity:  0
No product to buy! sleep 10 secs
item name you're checking is:  TYPE-O-006 
product names are: 
(0, 0)
quantity to buy:  5
There are 0 items you can buy!
---0.9328010082244873 seconds ---
current quantity:  0
No product to buy! sleep 10 secs
item name you're checking is:  TYPE-O-006 
product names are: 
(0, 0)
quantity to buy:  5
There are 0 items you can buy!
---0.8130309581756592 seconds ---
current quantity:  0
No product to buy! sleep 10 secs
item name you're checking is:  TYPE-O-006 
product names are: 
(0, 0)
quantity to buy:  5
There are 0 items you can buy!
---0.86419677734375 seconds ---
current quantity:  0
No product to buy! sleep 10 secs
item name you're checking is:  TYPE-O-006 
product names are: 
(0, 0)
quantity to buy:  5
There are 0 items you can buy!
---0.7123682498931885 seconds ---
current quantity:  0
No product to buy! sleep 10 secs
item name you're checking is:  TYPE-O-006 
product names are: 
(0, 0)
quantity to buy:  5
There are 0 items you can buy!
---1.3683679103851318 seconds ---
current quantity:  0
No product to buy! sleep 10 secs
item name you're checking is:  TYPE-O-006 
product names are: 
(0, 0)
quantity to buy:  5
There are 0 items you can buy!
---0.7432870864868164 seconds ---
current quantity:  0
No product to buy! sleep 10 secs
item name you're checking is:  TYPE-O-006 
product names are: 
(0, 0)
quantity to buy:  5
There are 0 items you can buy!
---0.8174562454223633 seconds ---
current quantity:  0
No product to buy! sleep 10 secs
item name you're checking is:  TYPE-O-006 
product names are: 
(0, 0)
quantity to buy:  5
There are 0 items you can buy!
---0.7605078220367432 seconds ---
current quantity:  0
No product to buy! sleep 10 secs
item name you're checking is:  TYPE-O-006 
product names are: 
(0, 0)
quantity to buy:  5
There are 0 items you can buy!
---0.7785730361938477 seconds ---
current quantity:  0
No product to buy! sleep 10 secs
item name you're checking is:  TYPE-O-006 
product names are: 
(0, 0)
quantity to buy:  5
There are 0 items you can buy!
---0.7880311012268066 seconds ---
current quantity:  0
No product to buy! sleep 10 secs
item name you're checking is:  TYPE-O-006 
product names are: 
(0, 0)
quantity to buy:  5
There are 0 items you can buy!
---0.8992691040039062 seconds ---
current quantity:  0
No product to buy! sleep 10 secs
item name you're checking is:  TYPE-O-006 
product names are: 
(0, 0)
quantity to buy:  5
There are 0 items you can buy!
---0.8517048358917236 seconds ---
current quantity:  0
No product to buy! sleep 10 secs
item name you're checking is:  TYPE-O-006 
product names are: 
(0, 0)
quantity to buy:  5
There are 0 items you can buy!
---1.107785940170288 seconds ---
current quantity:  0
No product to buy! sleep 10 secs
item name you're checking is:  TYPE-O-006 
product names are: 
(0, 0)
quantity to buy:  5
There are 0 items you can buy!
---1.0520167350769043 seconds ---
current quantity:  0
No product to buy! sleep 10 secs
item name you're checking is:  TYPE-O-006 
product names are: 
(0, 0)
quantity to buy:  5
There are 0 items you can buy!
---1.0937800407409668 seconds ---
current quantity:  0
No product to buy! sleep 10 secs
item name you're checking is:  TYPE-O-006 
product names are: 
(0, 0)
quantity to buy:  5
There are 0 items you can buy!
---0.9380621910095215 seconds ---
current quantity:  0
No product to buy! sleep 10 secs
item name you're checking is:  TYPE-O-006 
product names are: 
(0, 0)
quantity to buy:  5
There are 0 items you can buy!
---0.7581219673156738 seconds ---
current quantity:  0
No product to buy! sleep 10 secs
item name you're checking is:  TYPE-O-006 
product names are: 
(0, 0)
quantity to buy:  5
There are 0 items you can buy!
---1.1842310428619385 seconds ---
current quantity:  0
No product to buy! sleep 10 secs
item name you're checking is:  TYPE-O-006 
product names are: 
(0, 0)
quantity to buy:  5
There are 0 items you can buy!
---0.76375412940979 seconds ---
current quantity:  0
No product to buy! sleep 10 secs
item name you're checking is:  TYPE-O-006 
product names are: 
(0, 0)
quantity to buy:  5
There are 0 items you can buy!
---0.9435269832611084 seconds ---
current quantity:  0
No product to buy! sleep 10 secs
item name you're checking is:  TYPE-O-006 
product names are: 
(0, 0)
quantity to buy:  5
There are 0 items you can buy!
---0.7780919075012207 seconds ---
current quantity:  0
No product to buy! sleep 10 secs
item name you're checking is:  TYPE-O-006 
product names are: 
(0, 0)
quantity to buy:  5
There are 0 items you can buy!
---1.6676433086395264 seconds ---
current quantity:  0
No product to buy! sleep 10 secs
item name you're checking is:  TYPE-O-006 
product names are: 
(0, 0)
quantity to buy:  5
There are 0 items you can buy!
---0.7834770679473877 seconds ---
current quantity:  0
No product to buy! sleep 10 secs
item name you're checking is:  TYPE-O-006 
product names are: 
(0, 0)
quantity to buy:  5
There are 0 items you can buy!
---0.957733154296875 seconds ---
current quantity:  0
No product to buy! sleep 10 secs
item name you're checking is:  TYPE-O-006 
product names are: 
(0, 0)
quantity to buy:  5
There are 0 items you can buy!
---0.958899974822998 seconds ---
current quantity:  0
No product to buy! sleep 10 secs
item name you're checking is:  TYPE-O-006 
product names are: 
(0, 0)
quantity to buy:  5
There are 0 items you can buy!
---2.259559154510498 seconds ---
current quantity:  0
No product to buy! sleep 10 secs
item name you're checking is:  TYPE-O-006 
product names are: 
(0, 0)
quantity to buy:  5
There are 0 items you can buy!
---0.9417459964752197 seconds ---
current quantity:  0
No product to buy! sleep 10 secs
item name you're checking is:  TYPE-O-006 
product names are: 
(0, 0)
quantity to buy:  5
There are 0 items you can buy!
---1.1712172031402588 seconds ---
current quantity:  0
No product to buy! sleep 10 secs
item name you're checking is:  TYPE-O-006 
product names are: 
(0, 0)
quantity to buy:  5
There are 0 items you can buy!
---1.0169050693511963 seconds ---
current quantity:  0
No product to buy! sleep 10 secs
item name you're checking is:  TYPE-O-006 
product names are: 
(0, 0)
quantity to buy:  5
There are 0 items you can buy!
---0.923227071762085 seconds ---
current quantity:  0
No product to buy! sleep 10 secs
item name you're checking is:  TYPE-O-006 
product names are: 
(0, 0)
quantity to buy:  5
There are 0 items you can buy!
---0.873938798904419 seconds ---
current quantity:  0
No product to buy! sleep 10 secs
item name you're checking is:  TYPE-O-006 
product names are: 
(0, 0)
quantity to buy:  5
There are 0 items you can buy!
---0.934229850769043 seconds ---
current quantity:  0
No product to buy! sleep 10 secs
item name you're checking is:  TYPE-O-006 
product names are: 
(0, 0)
quantity to buy:  5
There are 0 items you can buy!
---0.760124921798706 seconds ---
current quantity:  0
No product to buy! sleep 10 secs
item name you're checking is:  TYPE-O-006 
product names are: 
(0, 0)
quantity to buy:  5
There are 0 items you can buy!
---0.8025028705596924 seconds ---
current quantity:  0
No product to buy! sleep 10 secs
item name you're checking is:  TYPE-O-006 
product names are: 
(0, 0)
quantity to buy:  5
There are 0 items you can buy!
---0.8048641681671143 seconds ---
current quantity:  0
No product to buy! sleep 10 secs
item name you're checking is:  TYPE-O-006 
product names are: 
(0, 0)
quantity to buy:  5
There are 0 items you can buy!
---0.8231308460235596 seconds ---
current quantity:  0
No product to buy! sleep 10 secs
item name you're checking is:  TYPE-O-006 
product names are: 
(0, 0)
quantity to buy:  5
There are 0 items you can buy!
---0.8204951286315918 seconds ---
current quantity:  0
No product to buy! sleep 10 secs
item name you're checking is:  TYPE-O-006 
product names are: 
(0, 0)
quantity to buy:  5
There are 0 items you can buy!
---0.6842319965362549 seconds ---
current quantity:  0
No product to buy! sleep 10 secs
item name you're checking is:  TYPE-O-006 
product names are: 
(0, 0)
quantity to buy:  5
There are 0 items you can buy!
---0.7892301082611084 seconds ---
current quantity:  0
No product to buy! sleep 10 secs
item name you're checking is:  TYPE-O-006 
product names are: 
(0, 0)
quantity to buy:  5
There are 0 items you can buy!
---0.6852936744689941 seconds ---
current quantity:  0
No product to buy! sleep 10 secs
item name you're checking is:  TYPE-O-006 
product names are: 
(0, 0)
quantity to buy:  5
There are 0 items you can buy!
---0.8760240077972412 seconds ---
current quantity:  0
No product to buy! sleep 10 secs
item name you're checking is:  TYPE-O-006 
product names are: 
(0, 0)
quantity to buy:  5
There are 0 items you can buy!
---0.8493549823760986 seconds ---
current quantity:  0
No product to buy! sleep 10 secs
item name you're checking is:  TYPE-O-006 
product names are: 
(0, 0)
quantity to buy:  5
There are 0 items you can buy!
---0.8572158813476562 seconds ---
current quantity:  0
No product to buy! sleep 10 secs
item name you're checking is:  TYPE-O-006 
product names are: 
(0, 0)
quantity to buy:  5
There are 0 items you can buy!
---0.7458438873291016 seconds ---
current quantity:  0
No product to buy! sleep 10 secs
item name you're checking is:  TYPE-O-006 
product names are: 
(0, 0)
quantity to buy:  5
There are 0 items you can buy!
---0.6869828701019287 seconds ---
current quantity:  0
No product to buy! sleep 10 secs
item name you're checking is:  TYPE-O-006 
product names are: 
(0, 0)
quantity to buy:  5
There are 0 items you can buy!
---0.6900150775909424 seconds ---
current quantity:  0
No product to buy! sleep 10 secs
item name you're checking is:  TYPE-O-006 
product names are: 
(0, 0)
quantity to buy:  5
There are 0 items you can buy!
---0.840094804763794 seconds ---
current quantity:  0
No product to buy! sleep 10 secs
item name you're checking is:  TYPE-O-006 
product names are: 
(0, 0)
quantity to buy:  5
There are 0 items you can buy!
---0.6930768489837646 seconds ---
current quantity:  0
No product to buy! sleep 10 secs
item name you're checking is:  TYPE-O-006 
product names are: 
(0, 0)
quantity to buy:  5
There are 0 items you can buy!
---0.6875960826873779 seconds ---
current quantity:  0
No product to buy! sleep 10 secs
item name you're checking is:  TYPE-O-006 
product names are: 
(0, 0)
quantity to buy:  5
There are 0 items you can buy!
---0.8180458545684814 seconds ---
current quantity:  0
No product to buy! sleep 10 secs
item name you're checking is:  TYPE-O-006 
product names are: 
(0, 0)
quantity to buy:  5
There are 0 items you can buy!
---0.7672889232635498 seconds ---
current quantity:  0
No product to buy! sleep 10 secs
item name you're checking is:  TYPE-O-006 
product names are: 
(0, 0)
quantity to buy:  5
There are 0 items you can buy!
---0.7574610710144043 seconds ---
current quantity:  0
No product to buy! sleep 10 secs
item name you're checking is:  TYPE-O-006 
product names are: 
(0, 0)
quantity to buy:  5
There are 0 items you can buy!
---0.828995943069458 seconds ---
current quantity:  0
No product to buy! sleep 10 secs
item name you're checking is:  TYPE-O-006 
product names are: 
(0, 0)
quantity to buy:  5
There are 0 items you can buy!
---0.7947661876678467 seconds ---
current quantity:  0
No product to buy! sleep 10 secs
item name you're checking is:  TYPE-O-006 
product names are: 
(0, 0)
quantity to buy:  5
There are 0 items you can buy!
---0.8222129344940186 seconds ---
current quantity:  0
No product to buy! sleep 10 secs
item name you're checking is:  TYPE-O-006 
product names are: 
(0, 0)
quantity to buy:  5
There are 0 items you can buy!
---1.018874168395996 seconds ---
current quantity:  0
No product to buy! sleep 10 secs
item name you're checking is:  TYPE-O-006 
product names are: 
(0, 0)
quantity to buy:  5
There are 0 items you can buy!
---0.8911139965057373 seconds ---
current quantity:  0
No product to buy! sleep 10 secs
item name you're checking is:  TYPE-O-006 
product names are: 
(0, 0)
quantity to buy:  5
There are 0 items you can buy!
---0.7339777946472168 seconds ---
current quantity:  0
No product to buy! sleep 10 secs
item name you're checking is:  TYPE-O-006 
product names are: 
(0, 0)
quantity to buy:  5
There are 0 items you can buy!
---1.4367539882659912 seconds ---
current quantity:  0
No product to buy! sleep 10 secs
item name you're checking is:  TYPE-O-006 
product names are: 
(0, 0)
quantity to buy:  5
There are 0 items you can buy!
---1.0605318546295166 seconds ---
current quantity:  0
No product to buy! sleep 10 secs
item name you're checking is:  TYPE-O-006 
product names are: 
(0, 0)
quantity to buy:  5
There are 0 items you can buy!
---0.9574389457702637 seconds ---
current quantity:  0
No product to buy! sleep 10 secs
item name you're checking is:  TYPE-O-006 
product names are: 
(0, 0)
quantity to buy:  5
There are 0 items you can buy!
---0.7817609310150146 seconds ---
current quantity:  0
No product to buy! sleep 10 secs
item name you're checking is:  TYPE-O-006 
product names are: 
(0, 0)
quantity to buy:  5
There are 0 items you can buy!
---0.7751269340515137 seconds ---
current quantity:  0
No product to buy! sleep 10 secs
item name you're checking is:  TYPE-O-006 
product names are: 
(0, 0)
quantity to buy:  5
There are 0 items you can buy!
---0.7115070819854736 seconds ---
current quantity:  0
No product to buy! sleep 10 secs
item name you're checking is:  TYPE-O-006 
product names are: 
(0, 0)
quantity to buy:  5
There are 0 items you can buy!
---0.7237896919250488 seconds ---
current quantity:  0
No product to buy! sleep 10 secs
item name you're checking is:  TYPE-O-006 
product names are: 
(0, 0)
quantity to buy:  5
There are 0 items you can buy!
---0.7974488735198975 seconds ---
current quantity:  0
No product to buy! sleep 10 secs
item name you're checking is:  TYPE-O-006 
product names are: 
(0, 0)
quantity to buy:  5
There are 0 items you can buy!
---0.9140946865081787 seconds ---
current quantity:  0
No product to buy! sleep 10 secs
item name you're checking is:  TYPE-O-006 
product names are: 
(0, 0)
quantity to buy:  5
There are 0 items you can buy!
---0.7250220775604248 seconds ---
current quantity:  0
No product to buy! sleep 10 secs
item name you're checking is:  TYPE-O-006 
product names are: 
(0, 0)
quantity to buy:  5
There are 0 items you can buy!
---0.8672938346862793 seconds ---
current quantity:  0
No product to buy! sleep 10 secs
item name you're checking is:  TYPE-O-006 
product names are: 
(0, 0)
quantity to buy:  5
There are 0 items you can buy!
---0.9043419361114502 seconds ---
current quantity:  0
No product to buy! sleep 10 secs
item name you're checking is:  TYPE-O-006 
product names are: 
(0, 0)
quantity to buy:  5
There are 0 items you can buy!
---0.9814620018005371 seconds ---
current quantity:  0
No product to buy! sleep 10 secs
item name you're checking is:  TYPE-O-006 
product names are: 
(0, 0)
quantity to buy:  5
There are 0 items you can buy!
---0.9490399360656738 seconds ---
current quantity:  0
No product to buy! sleep 10 secs
item name you're checking is:  TYPE-O-006 
product names are: 
(0, 0)
quantity to buy:  5
There are 0 items you can buy!
---0.7921249866485596 seconds ---
current quantity:  0
No product to buy! sleep 10 secs
item name you're checking is:  TYPE-O-006 
product names are: 
(0, 0)
quantity to buy:  5
There are 0 items you can buy!
---0.9177191257476807 seconds ---
current quantity:  0
No product to buy! sleep 10 secs
item name you're checking is:  TYPE-O-006 
product names are: 
(0, 0)
quantity to buy:  5
There are 0 items you can buy!
---0.6985559463500977 seconds ---
current quantity:  0
No product to buy! sleep 10 secs
item name you're checking is:  TYPE-O-006 
product names are: 
(0, 0)
quantity to buy:  5
There are 0 items you can buy!
---0.743297815322876 seconds ---
current quantity:  0
No product to buy! sleep 10 secs
item name you're checking is:  TYPE-O-006 
product names are: 
(0, 0)
quantity to buy:  5
There are 0 items you can buy!
---0.7084970474243164 seconds ---
current quantity:  0
No product to buy! sleep 10 secs
item name you're checking is:  TYPE-O-006 
product names are: 
(0, 0)
quantity to buy:  5
click button!
element not exist!
There are 0 items you can buy!
---4.335564851760864 seconds ---
current quantity:  0
No product to buy! sleep 10 secs
item name you're checking is:  TYPE-O-006 
product names are: 
(0, 0)
quantity to buy:  5
click button!
element not exist!
There are 0 items you can buy!
---1.1654400825500488 seconds ---
current quantity:  0
No product to buy! sleep 10 secs
item name you're checking is:  TYPE-O-006 
product names are: 
(0, 0)
quantity to buy:  5
click button!
element not exist!
There are 0 items you can buy!
---1.0497760772705078 seconds ---
current quantity:  0
No product to buy! sleep 10 secs
item name you're checking is:  TYPE-O-006 
product names are: 
(0, 0)
quantity to buy:  5
There are 0 items you can buy!
---2.5062050819396973 seconds ---
current quantity:  0
No product to buy! sleep 10 secs
item name you're checking is:  TYPE-O-006 
product names are: 
(0, 0)
quantity to buy:  5
There are 0 items you can buy!
---1.232254981994629 seconds ---
current quantity:  0
No product to buy! sleep 10 secs
bye!
idx is:  2
try to login!
click login button!
---11.954366207122803 seconds ---
go to cart!
clear cart start!
clear Done!
item need to buy count:  10
item_to_buy:  {(0, 0): 5, (0, 1): 4, (0, 2): 1}
item name you're checking is:  TYPE-O-006 
product names are: 
(0, 0)
quantity to buy:  5
There are 0 items you can buy!
---13.608479976654053 seconds ---
quantity:  0
No product to buy! sleep 10 secs
item name you're checking is:  TYPE-O-006 
product names are: 
(0, 0)
quantity to buy:  5
There are 0 items you can buy!
---1.5728182792663574 seconds ---
current quantity:  0
No product to buy! sleep 10 secs
item name you're checking is:  TYPE-O-006 
product names are: 
(0, 0)
quantity to buy:  5
There are 0 items you can buy!
---1.476633071899414 seconds ---
current quantity:  0
No product to buy! sleep 10 secs
item name you're checking is:  TYPE-O-006 
product names are: 
(0, 0)
quantity to buy:  5
There are 0 items you can buy!
---1.1392338275909424 seconds ---
current quantity:  0
No product to buy! sleep 10 secs
item name you're checking is:  TYPE-O-006 
product names are: 
(0, 0)
quantity to buy:  5
There are 0 items you can buy!
---0.9993100166320801 seconds ---
current quantity:  0
No product to buy! sleep 10 secs
item name you're checking is:  TYPE-O-006 
product names are: 
(0, 0)
quantity to buy:  5
There are 0 items you can buy!
---2.964726209640503 seconds ---
current quantity:  0
No product to buy! sleep 10 secs
item name you're checking is:  TYPE-O-006 
product names are: 
(0, 0)
quantity to buy:  5
There are 0 items you can buy!
---1.1052320003509521 seconds ---
current quantity:  0
No product to buy! sleep 10 secs
item name you're checking is:  TYPE-O-006 
product names are: 
(0, 0)
quantity to buy:  5
There are 0 items you can buy!
---1.0429861545562744 seconds ---
current quantity:  0
No product to buy! sleep 10 secs
item name you're checking is:  TYPE-O-006 
product names are: 
(0, 0)
quantity to buy:  5
There are 0 items you can buy!
---1.4750871658325195 seconds ---
current quantity:  0
No product to buy! sleep 10 secs
item name you're checking is:  TYPE-O-006 
product names are: 
(0, 0)
quantity to buy:  5
There are 0 items you can buy!
---0.7402219772338867 seconds ---
current quantity:  0
No product to buy! sleep 10 secs
item name you're checking is:  TYPE-O-006 
product names are: 
(0, 0)
quantity to buy:  5
There are 0 items you can buy!
---0.7327218055725098 seconds ---
current quantity:  0
No product to buy! sleep 10 secs
item name you're checking is:  TYPE-O-006 
product names are: 
(0, 0)
quantity to buy:  5
There are 0 items you can buy!
---0.854468822479248 seconds ---
current quantity:  0
No product to buy! sleep 10 secs
item name you're checking is:  TYPE-O-006 
product names are: 
(0, 0)
quantity to buy:  5
There are 0 items you can buy!
---0.8345949649810791 seconds ---
current quantity:  0
No product to buy! sleep 10 secs
item name you're checking is:  TYPE-O-006 
product names are: 
(0, 0)
quantity to buy:  5
There are 0 items you can buy!
---0.8266947269439697 seconds ---
current quantity:  0
No product to buy! sleep 10 secs
item name you're checking is:  TYPE-O-006 
product names are: 
(0, 0)
quantity to buy:  5
There are 0 items you can buy!
---0.7360069751739502 seconds ---
current quantity:  0
No product to buy! sleep 10 secs
item name you're checking is:  TYPE-O-006 
product names are: 
(0, 0)
quantity to buy:  5
There are 0 items you can buy!
---0.8028712272644043 seconds ---
current quantity:  0
No product to buy! sleep 10 secs
item name you're checking is:  TYPE-O-006 
product names are: 
(0, 0)
quantity to buy:  5
There are 0 items you can buy!
---0.8710360527038574 seconds ---
current quantity:  0
No product to buy! sleep 10 secs
item name you're checking is:  TYPE-O-006 
product names are: 
(0, 0)
quantity to buy:  5
There are 0 items you can buy!
---1.539492130279541 seconds ---
current quantity:  0
No product to buy! sleep 10 secs
item name you're checking is:  TYPE-O-006 
product names are: 
(0, 0)
quantity to buy:  5
There are 0 items you can buy!
---0.8444948196411133 seconds ---
current quantity:  0
No product to buy! sleep 10 secs
item name you're checking is:  TYPE-O-006 
product names are: 
(0, 0)
quantity to buy:  5
There are 0 items you can buy!
---0.803800106048584 seconds ---
current quantity:  0
No product to buy! sleep 10 secs
item name you're checking is:  TYPE-O-006 
product names are: 
(0, 0)
quantity to buy:  5
There are 0 items you can buy!
---0.9358749389648438 seconds ---
current quantity:  0
No product to buy! sleep 10 secs
item name you're checking is:  TYPE-O-006 
product names are: 
(0, 0)
quantity to buy:  5
There are 0 items you can buy!
---0.892611026763916 seconds ---
current quantity:  0
No product to buy! sleep 10 secs
item name you're checking is:  TYPE-O-006 
product names are: 
(0, 0)
quantity to buy:  5
There are 0 items you can buy!
---0.7389781475067139 seconds ---
current quantity:  0
No product to buy! sleep 10 secs
item name you're checking is:  TYPE-O-006 
product names are: 
(0, 0)
quantity to buy:  5
There are 0 items you can buy!
---0.7789490222930908 seconds ---
current quantity:  0
No product to buy! sleep 10 secs
item name you're checking is:  TYPE-O-006 
product names are: 
(0, 0)
quantity to buy:  5
There are 0 items you can buy!
---0.8370668888092041 seconds ---
current quantity:  0
No product to buy! sleep 10 secs
item name you're checking is:  TYPE-O-006 
product names are: 
(0, 0)
quantity to buy:  5
There are 0 items you can buy!
---0.7537820339202881 seconds ---
current quantity:  0
No product to buy! sleep 10 secs
item name you're checking is:  TYPE-O-006 
product names are: 
(0, 0)
quantity to buy:  5
There are 0 items you can buy!
---1.0604071617126465 seconds ---
current quantity:  0
No product to buy! sleep 10 secs
item name you're checking is:  TYPE-O-006 
product names are: 
(0, 0)
quantity to buy:  5
There are 0 items you can buy!
---0.8223168849945068 seconds ---
current quantity:  0
No product to buy! sleep 10 secs
item name you're checking is:  TYPE-O-006 
product names are: 
(0, 0)
quantity to buy:  5
There are 0 items you can buy!
---0.9239151477813721 seconds ---
current quantity:  0
No product to buy! sleep 10 secs
item name you're checking is:  TYPE-O-006 
product names are: 
(0, 0)
quantity to buy:  5
There are 0 items you can buy!
---0.7893891334533691 seconds ---
current quantity:  0
No product to buy! sleep 10 secs
item name you're checking is:  TYPE-O-006 
product names are: 
(0, 0)
quantity to buy:  5
There are 0 items you can buy!
---0.744143009185791 seconds ---
current quantity:  0
No product to buy! sleep 10 secs
item name you're checking is:  TYPE-O-006 
product names are: 
(0, 0)
quantity to buy:  5
There are 0 items you can buy!
---0.8503720760345459 seconds ---
current quantity:  0
No product to buy! sleep 10 secs
item name you're checking is:  TYPE-O-006 
product names are: 
(0, 0)
quantity to buy:  5
There are 0 items you can buy!
---0.7259058952331543 seconds ---
current quantity:  0
No product to buy! sleep 10 secs
item name you're checking is:  TYPE-O-006 
product names are: 
(0, 0)
quantity to buy:  5
There are 0 items you can buy!
---0.7927610874176025 seconds ---
current quantity:  0
No product to buy! sleep 10 secs
item name you're checking is:  TYPE-O-006 
product names are: 
(0, 0)
quantity to buy:  5
There are 0 items you can buy!
---1.3760020732879639 seconds ---
current quantity:  0
No product to buy! sleep 10 secs
item name you're checking is:  TYPE-O-006 
product names are: 
(0, 0)
quantity to buy:  5
There are 0 items you can buy!
---0.972182035446167 seconds ---
current quantity:  0
No product to buy! sleep 10 secs
item name you're checking is:  TYPE-O-006 
product names are: 
(0, 0)
quantity to buy:  5
There are 0 items you can buy!
---0.9746558666229248 seconds ---
current quantity:  0
No product to buy! sleep 10 secs
item name you're checking is:  TYPE-O-006 
product names are: 
(0, 0)
quantity to buy:  5
There are 0 items you can buy!
---1.0393640995025635 seconds ---
current quantity:  0
No product to buy! sleep 10 secs
item name you're checking is:  TYPE-O-006 
product names are: 
(0, 0)
quantity to buy:  5
There are 0 items you can buy!
---1.2475860118865967 seconds ---
current quantity:  0
No product to buy! sleep 10 secs
item name you're checking is:  TYPE-O-006 
product names are: 
(0, 0)
quantity to buy:  5
There are 0 items you can buy!
---0.9859089851379395 seconds ---
current quantity:  0
No product to buy! sleep 10 secs
item name you're checking is:  TYPE-O-006 
product names are: 
(0, 0)
quantity to buy:  5
There are 0 items you can buy!
---0.7553248405456543 seconds ---
current quantity:  0
No product to buy! sleep 10 secs
item name you're checking is:  TYPE-O-006 
product names are: 
(0, 0)
quantity to buy:  5
There are 0 items you can buy!
---1.835294246673584 seconds ---
current quantity:  0
No product to buy! sleep 10 secs
item name you're checking is:  TYPE-O-006 
product names are: 
(0, 0)
quantity to buy:  5
There are 0 items you can buy!
---1.7589008808135986 seconds ---
current quantity:  0
No product to buy! sleep 10 secs
item name you're checking is:  TYPE-O-006 
product names are: 
(0, 0)
quantity to buy:  5
button text:  
click button!
element not exist!
There are 0 items you can buy!
---4.710134029388428 seconds ---
current quantity:  0
No product to buy! sleep 10 secs
item name you're checking is:  TYPE-O-006 
product names are: 
(0, 0)
quantity to buy:  5
There are 0 items you can buy!
---0.9787938594818115 seconds ---
current quantity:  0
No product to buy! sleep 10 secs
item name you're checking is:  TYPE-O-006 
product names are: 
(0, 0)
quantity to buy:  5
There are 0 items you can buy!
---0.875258207321167 seconds ---
current quantity:  0
No product to buy! sleep 10 secs
item name you're checking is:  TYPE-O-006 
product names are: 
(0, 0)
quantity to buy:  5
There are 0 items you can buy!
---0.8733818531036377 seconds ---
current quantity:  0
No product to buy! sleep 10 secs
item name you're checking is:  TYPE-O-006 
product names are: 
(0, 0)
quantity to buy:  5
There are 0 items you can buy!
---3.95575213432312 seconds ---
current quantity:  0
No product to buy! sleep 10 secs
item name you're checking is:  TYPE-O-006 
product names are: 
(0, 0)
quantity to buy:  5
There are 0 items you can buy!
---0.8494200706481934 seconds ---
current quantity:  0
No product to buy! sleep 10 secs
item name you're checking is:  TYPE-O-006 
product names are: 
(0, 0)
quantity to buy:  5
There are 0 items you can buy!
---0.8085939884185791 seconds ---
current quantity:  0
No product to buy! sleep 10 secs
item name you're checking is:  TYPE-O-006 
product names are: 
(0, 0)
quantity to buy:  5
There are 0 items you can buy!
---0.7378878593444824 seconds ---
current quantity:  0
No product to buy! sleep 10 secs
item name you're checking is:  TYPE-O-006 
product names are: 
(0, 0)
quantity to buy:  5
There are 0 items you can buy!
---0.7958040237426758 seconds ---
current quantity:  0
No product to buy! sleep 10 secs
item name you're checking is:  TYPE-O-006 
product names are: 
(0, 0)
quantity to buy:  5
There are 0 items you can buy!
---0.8731317520141602 seconds ---
current quantity:  0
No product to buy! sleep 10 secs
item name you're checking is:  TYPE-O-006 
product names are: 
(0, 0)
quantity to buy:  5
There are 0 items you can buy!
---0.8381369113922119 seconds ---
current quantity:  0
No product to buy! sleep 10 secs
item name you're checking is:  TYPE-O-006 
product names are: 
(0, 0)
quantity to buy:  5
There are 0 items you can buy!
---0.8488860130310059 seconds ---
current quantity:  0
No product to buy! sleep 10 secs
item name you're checking is:  TYPE-O-006 
product names are: 
(0, 0)
quantity to buy:  5
There are 0 items you can buy!
---0.9677581787109375 seconds ---
current quantity:  0
No product to buy! sleep 10 secs
item name you're checking is:  TYPE-O-006 
product names are: 
(0, 0)
quantity to buy:  5
There are 0 items you can buy!
---0.9030940532684326 seconds ---
current quantity:  0
No product to buy! sleep 10 secs
item name you're checking is:  TYPE-O-006 
product names are: 
(0, 0)
quantity to buy:  5
There are 0 items you can buy!
---0.8946819305419922 seconds ---
current quantity:  0
No product to buy! sleep 10 secs
item name you're checking is:  TYPE-O-006 
product names are: 
(0, 0)
quantity to buy:  5
There are 0 items you can buy!
---0.9718079566955566 seconds ---
current quantity:  0
No product to buy! sleep 10 secs
item name you're checking is:  TYPE-O-006 
product names are: 
(0, 0)
quantity to buy:  5
There are 0 items you can buy!
---0.7967948913574219 seconds ---
current quantity:  0
No product to buy! sleep 10 secs
item name you're checking is:  TYPE-O-006 
product names are: 
(0, 0)
quantity to buy:  5
There are 0 items you can buy!
---0.7970631122589111 seconds ---
current quantity:  0
No product to buy! sleep 10 secs
item name you're checking is:  TYPE-O-006 
product names are: 
(0, 0)
quantity to buy:  5
There are 0 items you can buy!
---0.7526700496673584 seconds ---
current quantity:  0
No product to buy! sleep 10 secs
item name you're checking is:  TYPE-O-006 
product names are: 
(0, 0)
quantity to buy:  5
There are 0 items you can buy!
---0.8370261192321777 seconds ---
current quantity:  0
No product to buy! sleep 10 secs
item name you're checking is:  TYPE-O-006 
product names are: 
(0, 0)
quantity to buy:  5
There are 0 items you can buy!
---0.8111691474914551 seconds ---
current quantity:  0
No product to buy! sleep 10 secs
item name you're checking is:  TYPE-O-006 
product names are: 
(0, 0)
quantity to buy:  5
There are 0 items you can buy!
---0.7647848129272461 seconds ---
current quantity:  0
No product to buy! sleep 10 secs
item name you're checking is:  TYPE-O-006 
product names are: 
(0, 0)
quantity to buy:  5
There are 0 items you can buy!
---0.8304600715637207 seconds ---
current quantity:  0
No product to buy! sleep 10 secs
item name you're checking is:  TYPE-O-006 
product names are: 
(0, 0)
quantity to buy:  5
There are 0 items you can buy!
---0.8227620124816895 seconds ---
current quantity:  0
No product to buy! sleep 10 secs
item name you're checking is:  TYPE-O-006 
product names are: 
(0, 0)
quantity to buy:  5
There are 0 items you can buy!
---0.7000021934509277 seconds ---
current quantity:  0
No product to buy! sleep 10 secs
item name you're checking is:  TYPE-O-006 
product names are: 
(0, 0)
quantity to buy:  5
There are 0 items you can buy!
---0.9110088348388672 seconds ---
current quantity:  0
No product to buy! sleep 10 secs
item name you're checking is:  TYPE-O-006 
product names are: 
(0, 0)
quantity to buy:  5
There are 0 items you can buy!
---0.8585963249206543 seconds ---
current quantity:  0
No product to buy! sleep 10 secs
item name you're checking is:  TYPE-O-006 
product names are: 
(0, 0)
quantity to buy:  5
There are 0 items you can buy!
---1.241636037826538 seconds ---
current quantity:  0
No product to buy! sleep 10 secs
item name you're checking is:  TYPE-O-006 
product names are: 
(0, 0)
quantity to buy:  5
There are 0 items you can buy!
---1.8502650260925293 seconds ---
current quantity:  0
No product to buy! sleep 10 secs
item name you're checking is:  TYPE-O-006 
product names are: 
(0, 0)
quantity to buy:  5
There are 0 items you can buy!
---0.7617900371551514 seconds ---
current quantity:  0
No product to buy! sleep 10 secs
item name you're checking is:  TYPE-O-006 
product names are: 
(0, 0)
quantity to buy:  5
There are 0 items you can buy!
---1.885976791381836 seconds ---
current quantity:  0
No product to buy! sleep 10 secs
item name you're checking is:  TYPE-O-006 
product names are: 
(0, 0)
quantity to buy:  5
There are 0 items you can buy!
---0.8047518730163574 seconds ---
current quantity:  0
No product to buy! sleep 10 secs
item name you're checking is:  TYPE-O-006 
product names are: 
(0, 0)
quantity to buy:  5
There are 0 items you can buy!
---0.9363141059875488 seconds ---
current quantity:  0
No product to buy! sleep 10 secs
item name you're checking is:  TYPE-O-006 
product names are: 
(0, 0)
quantity to buy:  5
button text:  
click button!
element not exist!
There are 0 items you can buy!
---1.4728913307189941 seconds ---
current quantity:  0
No product to buy! sleep 10 secs
item name you're checking is:  TYPE-O-006 
product names are: 
(0, 0)
quantity to buy:  5
button text:  
click button!
element not exist!
There are 0 items you can buy!
---1.517007827758789 seconds ---
current quantity:  0
No product to buy! sleep 10 secs
item name you're checking is:  TYPE-O-006 
product names are: 
(0, 0)
quantity to buy:  5
button text:  
click button!
element not exist!
There are 0 items you can buy!
---1.5540196895599365 seconds ---
current quantity:  0
No product to buy! sleep 10 secs
item name you're checking is:  TYPE-O-006 
product names are: 
(0, 0)
quantity to buy:  5
button text:  
click button!
element not exist!
There are 0 items you can buy!
---1.9674417972564697 seconds ---
current quantity:  0
No product to buy! sleep 10 secs
item name you're checking is:  TYPE-O-006 
product names are: 
(0, 0)
quantity to buy:  5
button text:  
click button!
element not exist!
There are 0 items you can buy!
---2.3355181217193604 seconds ---
current quantity:  0
No product to buy! sleep 10 secs
item name you're checking is:  TYPE-O-006 
product names are: 
(0, 0)
quantity to buy:  5
button text:  
click button!
element not exist!
There are 0 items you can buy!
---1.4481220245361328 seconds ---
current quantity:  0
No product to buy! sleep 10 secs
item name you're checking is:  TYPE-O-006 
product names are: 
(0, 0)
quantity to buy:  5
button text:  
click button!
element not exist!
There are 0 items you can buy!
---1.5227940082550049 seconds ---
current quantity:  0
No product to buy! sleep 10 secs
item name you're checking is:  TYPE-O-006 
product names are: 
(0, 0)
quantity to buy:  5
button text:  
click button!
element not exist!
There are 0 items you can buy!
---1.6995320320129395 seconds ---
current quantity:  0
No product to buy! sleep 10 secs
item name you're checking is:  TYPE-O-006 
product names are: 
(0, 0)
quantity to buy:  5
button text:  
click button!
element not exist!
There are 0 items you can buy!
---1.4267241954803467 seconds ---
current quantity:  0
No product to buy! sleep 10 secs
bye!
idx is:  2
try to login!
click login button!
---14.798432111740112 seconds ---
go to cart!
clear cart start!
clear Done!
item need to buy count:  10
item_to_buy:  {(0, 0): 5, (0, 1): 4, (0, 2): 1}
item name you're checking is:  TYPE-O-006 
product names are: 
(0, 0)
quantity to buy:  5
There are 0 items you can buy!
---8.784987926483154 seconds ---
quantity:  0
No product to buy! sleep 10 secs
item name you're checking is:  TYPE-O-006 
product names are: 
(0, 0)
quantity to buy:  5
There are 0 items you can buy!
---0.9082858562469482 seconds ---
current quantity:  0
No product to buy! sleep 10 secs
item name you're checking is:  TYPE-O-006 
product names are: 
(0, 0)
quantity to buy:  5
There are 0 items you can buy!
---0.8203370571136475 seconds ---
current quantity:  0
No product to buy! sleep 10 secs
item name you're checking is:  TYPE-O-006 
product names are: 
(0, 0)
quantity to buy:  5
There are 0 items you can buy!
---0.9129221439361572 seconds ---
current quantity:  0
No product to buy! sleep 10 secs
item name you're checking is:  TYPE-O-006 
product names are: 
(0, 0)
quantity to buy:  5
There are 0 items you can buy!
---0.9659669399261475 seconds ---
current quantity:  0
No product to buy! sleep 10 secs
item name you're checking is:  TYPE-O-006 
product names are: 
(0, 0)
quantity to buy:  5
There are 0 items you can buy!
---0.943760871887207 seconds ---
current quantity:  0
No product to buy! sleep 10 secs
item name you're checking is:  TYPE-O-006 
product names are: 
(0, 0)
quantity to buy:  5
There are 0 items you can buy!
---6.3210906982421875 seconds ---
current quantity:  0
No product to buy! sleep 10 secs
item name you're checking is:  TYPE-O-006 
product names are: 
(0, 0)
quantity to buy:  5
There are 0 items you can buy!
---1.32072114944458 seconds ---
current quantity:  0
No product to buy! sleep 10 secs
item name you're checking is:  TYPE-O-006 
product names are: 
(0, 0)
quantity to buy:  5
There are 0 items you can buy!
---2.916660785675049 seconds ---
current quantity:  0
No product to buy! sleep 10 secs
item name you're checking is:  TYPE-O-006 
product names are: 
(0, 0)
quantity to buy:  5
There are 0 items you can buy!
---0.8199598789215088 seconds ---
current quantity:  0
No product to buy! sleep 10 secs
item name you're checking is:  TYPE-O-006 
product names are: 
(0, 0)
quantity to buy:  5
There are 0 items you can buy!
---0.9140369892120361 seconds ---
current quantity:  0
No product to buy! sleep 10 secs
item name you're checking is:  TYPE-O-006 
product names are: 
(0, 0)
quantity to buy:  5
There are 0 items you can buy!
---2.192412853240967 seconds ---
current quantity:  0
No product to buy! sleep 10 secs
item name you're checking is:  TYPE-O-006 
product names are: 
(0, 0)
quantity to buy:  5
There are 0 items you can buy!
---1.0024757385253906 seconds ---
current quantity:  0
No product to buy! sleep 10 secs
item name you're checking is:  TYPE-O-006 
product names are: 
(0, 0)
quantity to buy:  5
There are 0 items you can buy!
---1.399630069732666 seconds ---
current quantity:  0
No product to buy! sleep 10 secs
item name you're checking is:  TYPE-O-006 
product names are: 
(0, 0)
quantity to buy:  5
There are 0 items you can buy!
---1.0450670719146729 seconds ---
current quantity:  0
No product to buy! sleep 10 secs
item name you're checking is:  TYPE-O-006 
product names are: 
(0, 0)
quantity to buy:  5
There are 0 items you can buy!
---0.999967098236084 seconds ---
current quantity:  0
No product to buy! sleep 10 secs
item name you're checking is:  TYPE-O-006 
product names are: 
(0, 0)
quantity to buy:  5
There are 0 items you can buy!
---0.9136340618133545 seconds ---
current quantity:  0
No product to buy! sleep 10 secs
item name you're checking is:  TYPE-O-006 
product names are: 
(0, 0)
quantity to buy:  5
There are 0 items you can buy!
---1.0694892406463623 seconds ---
current quantity:  0
No product to buy! sleep 10 secs
item name you're checking is:  TYPE-O-006 
product names are: 
(0, 0)
quantity to buy:  5
There are 0 items you can buy!
---0.9965381622314453 seconds ---
current quantity:  0
No product to buy! sleep 10 secs
item name you're checking is:  TYPE-O-006 
product names are: 
(0, 0)
quantity to buy:  5
There are 0 items you can buy!
---31.381824016571045 seconds ---
current quantity:  0
No product to buy! sleep 10 secs
item name you're checking is:  TYPE-O-006 
product names are: 
(0, 0)
quantity to buy:  5
There are 0 items you can buy!
---24.14154887199402 seconds ---
current quantity:  0
No product to buy! sleep 10 secs
item name you're checking is:  TYPE-O-006 
product names are: 
(0, 0)
quantity to buy:  5
There are 0 items you can buy!
---9.479874849319458 seconds ---
current quantity:  0
No product to buy! sleep 10 secs
item name you're checking is:  TYPE-O-006 
product names are: 
(0, 0)
quantity to buy:  5
There are 0 items you can buy!
---2.2766530513763428 seconds ---
current quantity:  0
No product to buy! sleep 10 secs
item name you're checking is:  TYPE-O-006 
product names are: 
(0, 0)
quantity to buy:  5
There are 0 items you can buy!
---1.3971350193023682 seconds ---
current quantity:  0
No product to buy! sleep 10 secs
item name you're checking is:  TYPE-O-006 
product names are: 
(0, 0)
quantity to buy:  5
There are 0 items you can buy!
---1.1579840183258057 seconds ---
current quantity:  0
No product to buy! sleep 10 secs
item name you're checking is:  TYPE-O-006 
product names are: 
(0, 0)
quantity to buy:  5
There are 0 items you can buy!
---1.0293371677398682 seconds ---
current quantity:  0
No product to buy! sleep 10 secs
item name you're checking is:  TYPE-O-006 
product names are: 
(0, 0)
quantity to buy:  5
There are 0 items you can buy!
---0.9378869533538818 seconds ---
current quantity:  0
No product to buy! sleep 10 secs
item name you're checking is:  TYPE-O-006 
product names are: 
(0, 0)
quantity to buy:  5
There are 0 items you can buy!
---1.1953039169311523 seconds ---
current quantity:  0
No product to buy! sleep 10 secs
item name you're checking is:  TYPE-O-006 
product names are: 
(0, 0)
quantity to buy:  5
There are 0 items you can buy!
---1.0728929042816162 seconds ---
current quantity:  0
No product to buy! sleep 10 secs
item name you're checking is:  TYPE-O-006 
product names are: 
(0, 0)
quantity to buy:  5
There are 0 items you can buy!
---1.6139731407165527 seconds ---
current quantity:  0
No product to buy! sleep 10 secs
item name you're checking is:  TYPE-O-006 
product names are: 
(0, 0)
quantity to buy:  5
There are 0 items you can buy!
---1.5769641399383545 seconds ---
current quantity:  0
No product to buy! sleep 10 secs
item name you're checking is:  TYPE-O-006 
product names are: 
(0, 0)
quantity to buy:  5
There are 0 items you can buy!
---0.8893518447875977 seconds ---
current quantity:  0
No product to buy! sleep 10 secs
item name you're checking is:  TYPE-O-006 
product names are: 
(0, 0)
quantity to buy:  5
There are 0 items you can buy!
---1.014059066772461 seconds ---
current quantity:  0
No product to buy! sleep 10 secs
item name you're checking is:  TYPE-O-006 
product names are: 
(0, 0)
quantity to buy:  5
There are 0 items you can buy!
---0.9629979133605957 seconds ---
current quantity:  0
No product to buy! sleep 10 secs
item name you're checking is:  TYPE-O-006 
product names are: 
(0, 0)
quantity to buy:  5
There are 0 items you can buy!
---1.0604000091552734 seconds ---
current quantity:  0
No product to buy! sleep 10 secs
item name you're checking is:  TYPE-O-006 
product names are: 
(0, 0)
quantity to buy:  5
There are 0 items you can buy!
---0.830625057220459 seconds ---
current quantity:  0
No product to buy! sleep 10 secs
item name you're checking is:  TYPE-O-006 
product names are: 
(0, 0)
quantity to buy:  5
There are 0 items you can buy!
---0.9585440158843994 seconds ---
current quantity:  0
No product to buy! sleep 10 secs
item name you're checking is:  TYPE-O-006 
product names are: 
(0, 0)
quantity to buy:  5
There are 0 items you can buy!
---1.511929988861084 seconds ---
current quantity:  0
No product to buy! sleep 10 secs
item name you're checking is:  TYPE-O-006 
product names are: 
(0, 0)
quantity to buy:  5
There are 0 items you can buy!
---0.8620359897613525 seconds ---
current quantity:  0
No product to buy! sleep 10 secs
item name you're checking is:  TYPE-O-006 
product names are: 
(0, 0)
quantity to buy:  5
There are 0 items you can buy!
---0.9280140399932861 seconds ---
current quantity:  0
No product to buy! sleep 10 secs
item name you're checking is:  TYPE-O-006 
product names are: 
(0, 0)
quantity to buy:  5
There are 0 items you can buy!
---1.0441889762878418 seconds ---
current quantity:  0
No product to buy! sleep 10 secs
item name you're checking is:  TYPE-O-006 
product names are: 
(0, 0)
quantity to buy:  5
There are 0 items you can buy!
---0.987900972366333 seconds ---
current quantity:  0
No product to buy! sleep 10 secs
item name you're checking is:  TYPE-O-006 
product names are: 
(0, 0)
quantity to buy:  5
There are 0 items you can buy!
---0.919788122177124 seconds ---
current quantity:  0
No product to buy! sleep 10 secs
item name you're checking is:  TYPE-O-006 
product names are: 
(0, 0)
quantity to buy:  5
There are 0 items you can buy!
---0.8062839508056641 seconds ---
current quantity:  0
No product to buy! sleep 10 secs
item name you're checking is:  TYPE-O-006 
product names are: 
(0, 0)
quantity to buy:  5
There are 0 items you can buy!
---1.4493372440338135 seconds ---
current quantity:  0
No product to buy! sleep 10 secs
item name you're checking is:  TYPE-O-006 
product names are: 
(0, 0)
quantity to buy:  5
There are 0 items you can buy!
---0.943371057510376 seconds ---
current quantity:  0
No product to buy! sleep 10 secs
item name you're checking is:  TYPE-O-006 
product names are: 
(0, 0)
quantity to buy:  5
There are 0 items you can buy!
---1.0880138874053955 seconds ---
current quantity:  0
No product to buy! sleep 10 secs
item name you're checking is:  TYPE-O-006 
product names are: 
(0, 0)
quantity to buy:  5
There are 0 items you can buy!
---0.9351179599761963 seconds ---
current quantity:  0
No product to buy! sleep 10 secs
item name you're checking is:  TYPE-O-006 
product names are: 
(0, 0)
quantity to buy:  5
There are 0 items you can buy!
---1.0924930572509766 seconds ---
current quantity:  0
No product to buy! sleep 10 secs
item name you're checking is:  TYPE-O-006 
product names are: 
(0, 0)
quantity to buy:  5
There are 0 items you can buy!
---1.0928328037261963 seconds ---
current quantity:  0
No product to buy! sleep 10 secs
item name you're checking is:  TYPE-O-006 
product names are: 
(0, 0)
quantity to buy:  5
There are 0 items you can buy!
---0.8143091201782227 seconds ---
current quantity:  0
No product to buy! sleep 10 secs
item name you're checking is:  TYPE-O-006 
product names are: 
(0, 0)
quantity to buy:  5
There are 0 items you can buy!
---0.9570670127868652 seconds ---
current quantity:  0
No product to buy! sleep 10 secs
item name you're checking is:  TYPE-O-006 
product names are: 
(0, 0)
quantity to buy:  5
There are 0 items you can buy!
---0.8079259395599365 seconds ---
current quantity:  0
No product to buy! sleep 10 secs
item name you're checking is:  TYPE-O-006 
product names are: 
(0, 0)
quantity to buy:  5
There are 0 items you can buy!
---0.934593915939331 seconds ---
current quantity:  0
No product to buy! sleep 10 secs
item name you're checking is:  TYPE-O-006 
product names are: 
(0, 0)
quantity to buy:  5
There are 0 items you can buy!
---0.9873330593109131 seconds ---
current quantity:  0
No product to buy! sleep 10 secs
item name you're checking is:  TYPE-O-006 
product names are: 
(0, 0)
quantity to buy:  5
There are 0 items you can buy!
---1.041236162185669 seconds ---
current quantity:  0
No product to buy! sleep 10 secs
item name you're checking is:  TYPE-O-006 
product names are: 
(0, 0)
quantity to buy:  5
There are 0 items you can buy!
---0.760833740234375 seconds ---
current quantity:  0
No product to buy! sleep 10 secs
item name you're checking is:  TYPE-O-006 
product names are: 
(0, 0)
quantity to buy:  5
There are 0 items you can buy!
---1.023331880569458 seconds ---
current quantity:  0
No product to buy! sleep 10 secs
item name you're checking is:  TYPE-O-006 
product names are: 
(0, 0)
quantity to buy:  5
There are 0 items you can buy!
---0.8772110939025879 seconds ---
current quantity:  0
No product to buy! sleep 10 secs
item name you're checking is:  TYPE-O-006 
product names are: 
(0, 0)
quantity to buy:  5
There are 0 items you can buy!
---1.0179860591888428 seconds ---
current quantity:  0
No product to buy! sleep 10 secs
item name you're checking is:  TYPE-O-006 
product names are: 
(0, 0)
quantity to buy:  5
There are 0 items you can buy!
---0.8975188732147217 seconds ---
current quantity:  0
No product to buy! sleep 10 secs
item name you're checking is:  TYPE-O-006 
product names are: 
(0, 0)
quantity to buy:  5
There are 0 items you can buy!
---0.8696560859680176 seconds ---
current quantity:  0
No product to buy! sleep 10 secs
item name you're checking is:  TYPE-O-006 
product names are: 
(0, 0)
quantity to buy:  5
There are 0 items you can buy!
---1.0312628746032715 seconds ---
current quantity:  0
No product to buy! sleep 10 secs
item name you're checking is:  TYPE-O-006 
product names are: 
(0, 0)
quantity to buy:  5
There are 0 items you can buy!
---1.2558038234710693 seconds ---
current quantity:  0
No product to buy! sleep 10 secs
item name you're checking is:  TYPE-O-006 
product names are: 
(0, 0)
quantity to buy:  5
There are 0 items you can buy!
---1.30389404296875 seconds ---
current quantity:  0
No product to buy! sleep 10 secs
item name you're checking is:  TYPE-O-006 
product names are: 
(0, 0)
quantity to buy:  5
There are 0 items you can buy!
---1.03643798828125 seconds ---
current quantity:  0
No product to buy! sleep 10 secs
item name you're checking is:  TYPE-O-006 
product names are: 
(0, 0)
quantity to buy:  5
There are 0 items you can buy!
---1.7045750617980957 seconds ---
current quantity:  0
No product to buy! sleep 10 secs
item name you're checking is:  TYPE-O-006 
product names are: 
(0, 0)
quantity to buy:  5
There are 0 items you can buy!
---5.262494087219238 seconds ---
current quantity:  0
No product to buy! sleep 10 secs
item name you're checking is:  TYPE-O-006 
product names are: 
(0, 0)
quantity to buy:  5
There are 0 items you can buy!
---3.177924871444702 seconds ---
current quantity:  0
No product to buy! sleep 10 secs
item name you're checking is:  TYPE-O-006 
product names are: 
(0, 0)
quantity to buy:  5
There are 0 items you can buy!
---4.5669639110565186 seconds ---
current quantity:  0
No product to buy! sleep 10 secs
item name you're checking is:  TYPE-O-006 
product names are: 
(0, 0)
quantity to buy:  5
There are 0 items you can buy!
---1.3665971755981445 seconds ---
current quantity:  0
No product to buy! sleep 10 secs
item name you're checking is:  TYPE-O-006 
product names are: 
(0, 0)
quantity to buy:  5
There are 0 items you can buy!
---1.442573070526123 seconds ---
current quantity:  0
No product to buy! sleep 10 secs
item name you're checking is:  TYPE-O-006 
product names are: 
(0, 0)
quantity to buy:  5
There are 0 items you can buy!
---0.9732301235198975 seconds ---
current quantity:  0
No product to buy! sleep 10 secs
item name you're checking is:  TYPE-O-006 
product names are: 
(0, 0)
quantity to buy:  5
There are 0 items you can buy!
---1.0990519523620605 seconds ---
current quantity:  0
No product to buy! sleep 10 secs
item name you're checking is:  TYPE-O-006 
product names are: 
(0, 0)
quantity to buy:  5
There are 0 items you can buy!
---0.9914979934692383 seconds ---
current quantity:  0
No product to buy! sleep 10 secs
item name you're checking is:  TYPE-O-006 
product names are: 
(0, 0)
quantity to buy:  5
There are 0 items you can buy!
---1.0236849784851074 seconds ---
current quantity:  0
No product to buy! sleep 10 secs
item name you're checking is:  TYPE-O-006 
product names are: 
(0, 0)
quantity to buy:  5
There are 0 items you can buy!
---0.9631228446960449 seconds ---
current quantity:  0
No product to buy! sleep 10 secs
item name you're checking is:  TYPE-O-006 
product names are: 
(0, 0)
quantity to buy:  5
There are 0 items you can buy!
---0.9369511604309082 seconds ---
current quantity:  0
No product to buy! sleep 10 secs
item name you're checking is:  TYPE-O-006 
product names are: 
(0, 0)
quantity to buy:  5
There are 0 items you can buy!
---1.0185127258300781 seconds ---
current quantity:  0
No product to buy! sleep 10 secs
item name you're checking is:  TYPE-O-006 
product names are: 
(0, 0)
quantity to buy:  5
There are 0 items you can buy!
---1.0260422229766846 seconds ---
current quantity:  0
No product to buy! sleep 10 secs
item name you're checking is:  TYPE-O-006 
product names are: 
(0, 0)
quantity to buy:  5
There are 0 items you can buy!
---1.3256409168243408 seconds ---
current quantity:  0
No product to buy! sleep 10 secs
item name you're checking is:  TYPE-O-006 
product names are: 
(0, 0)
quantity to buy:  5
There are 0 items you can buy!
---1.5282409191131592 seconds ---
current quantity:  0
No product to buy! sleep 10 secs
item name you're checking is:  TYPE-O-006 
product names are: 
(0, 0)
quantity to buy:  5
There are 0 items you can buy!
---1.0951910018920898 seconds ---
current quantity:  0
No product to buy! sleep 10 secs
item name you're checking is:  TYPE-O-006 
product names are: 
(0, 0)
quantity to buy:  5
There are 0 items you can buy!
---1.0175139904022217 seconds ---
current quantity:  0
No product to buy! sleep 10 secs
item name you're checking is:  TYPE-O-006 
product names are: 
(0, 0)
quantity to buy:  5
There are 0 items you can buy!
---1.0785088539123535 seconds ---
current quantity:  0
No product to buy! sleep 10 secs
item name you're checking is:  TYPE-O-006 
product names are: 
(0, 0)
quantity to buy:  5
There are 0 items you can buy!
---1.7091078758239746 seconds ---
current quantity:  0
No product to buy! sleep 10 secs
item name you're checking is:  TYPE-O-006 
product names are: 
(0, 0)
quantity to buy:  5
There are 0 items you can buy!
---1.2495718002319336 seconds ---
current quantity:  0
No product to buy! sleep 10 secs
item name you're checking is:  TYPE-O-006 
product names are: 
(0, 0)
quantity to buy:  5
There are 0 items you can buy!
---1.2719430923461914 seconds ---
current quantity:  0
No product to buy! sleep 10 secs
item name you're checking is:  TYPE-O-006 
product names are: 
(0, 0)
quantity to buy:  5
There are 0 items you can buy!
---0.8530943393707275 seconds ---
current quantity:  0
No product to buy! sleep 10 secs
item name you're checking is:  TYPE-O-006 
product names are: 
(0, 0)
quantity to buy:  5
There are 0 items you can buy!
---0.8804490566253662 seconds ---
current quantity:  0
No product to buy! sleep 10 secs
item name you're checking is:  TYPE-O-006 
product names are: 
(0, 0)
quantity to buy:  5
There are 0 items you can buy!
---0.8752820491790771 seconds ---
current quantity:  0
No product to buy! sleep 10 secs
item name you're checking is:  TYPE-O-006 
product names are: 
(0, 0)
quantity to buy:  5
There are 0 items you can buy!
---1.0981101989746094 seconds ---
current quantity:  0
No product to buy! sleep 10 secs
item name you're checking is:  TYPE-O-006 
product names are: 
(0, 0)
quantity to buy:  5
There are 0 items you can buy!
---1.0508029460906982 seconds ---
current quantity:  0
No product to buy! sleep 10 secs
item name you're checking is:  TYPE-O-006 
product names are: 
(0, 0)
quantity to buy:  5
There are 0 items you can buy!
---1.036776065826416 seconds ---
current quantity:  0
No product to buy! sleep 10 secs
item name you're checking is:  TYPE-O-006 
product names are: 
(0, 0)
quantity to buy:  5
There are 0 items you can buy!
---1.2574570178985596 seconds ---
current quantity:  0
No product to buy! sleep 10 secs
item name you're checking is:  TYPE-O-006 
product names are: 
(0, 0)
quantity to buy:  5
There are 0 items you can buy!
---1.1691749095916748 seconds ---
current quantity:  0
No product to buy! sleep 10 secs
item name you're checking is:  TYPE-O-006 
product names are: 
(0, 0)
quantity to buy:  5
There are 0 items you can buy!
---1.131608009338379 seconds ---
current quantity:  0
No product to buy! sleep 10 secs
item name you're checking is:  TYPE-O-006 
product names are: 
(0, 0)
quantity to buy:  5
There are 0 items you can buy!
---1.595992088317871 seconds ---
current quantity:  0
No product to buy! sleep 10 secs
item name you're checking is:  TYPE-O-006 
product names are: 
(0, 0)
quantity to buy:  5
There are 0 items you can buy!
---1.063603162765503 seconds ---
current quantity:  0
No product to buy! sleep 10 secs
item name you're checking is:  TYPE-O-006 
product names are: 
(0, 0)
quantity to buy:  5
There are 0 items you can buy!
---1.3382399082183838 seconds ---
current quantity:  0
No product to buy! sleep 10 secs
item name you're checking is:  TYPE-O-006 
product names are: 
(0, 0)
quantity to buy:  5
There are 0 items you can buy!
---1.048340082168579 seconds ---
current quantity:  0
No product to buy! sleep 10 secs
item name you're checking is:  TYPE-O-006 
product names are: 
(0, 0)
quantity to buy:  5
There are 0 items you can buy!
---1.366549015045166 seconds ---
current quantity:  0
No product to buy! sleep 10 secs
item name you're checking is:  TYPE-O-006 
product names are: 
(0, 0)
quantity to buy:  5
There are 0 items you can buy!
---0.9665830135345459 seconds ---
current quantity:  0
No product to buy! sleep 10 secs
item name you're checking is:  TYPE-O-006 
product names are: 
(0, 0)
quantity to buy:  5
There are 0 items you can buy!
---1.0033740997314453 seconds ---
current quantity:  0
No product to buy! sleep 10 secs
item name you're checking is:  TYPE-O-006 
product names are: 
(0, 0)
quantity to buy:  5
There are 0 items you can buy!
---1.482985019683838 seconds ---
current quantity:  0
No product to buy! sleep 10 secs
item name you're checking is:  TYPE-O-006 
product names are: 
(0, 0)
quantity to buy:  5
There are 0 items you can buy!
---0.9547948837280273 seconds ---
current quantity:  0
No product to buy! sleep 10 secs
item name you're checking is:  TYPE-O-006 
product names are: 
(0, 0)
quantity to buy:  5
There are 0 items you can buy!
---1.4301302433013916 seconds ---
current quantity:  0
No product to buy! sleep 10 secs
item name you're checking is:  TYPE-O-006 
product names are: 
(0, 0)
quantity to buy:  5
There are 0 items you can buy!
---1.0171401500701904 seconds ---
current quantity:  0
No product to buy! sleep 10 secs
item name you're checking is:  TYPE-O-006 
product names are: 
(0, 0)
quantity to buy:  5
There are 0 items you can buy!
---1.45340895652771 seconds ---
current quantity:  0
No product to buy! sleep 10 secs
item name you're checking is:  TYPE-O-006 
product names are: 
(0, 0)
quantity to buy:  5
There are 0 items you can buy!
---1.0675857067108154 seconds ---
current quantity:  0
No product to buy! sleep 10 secs
item name you're checking is:  TYPE-O-006 
product names are: 
(0, 0)
quantity to buy:  5
There are 0 items you can buy!
---1.1025421619415283 seconds ---
current quantity:  0
No product to buy! sleep 10 secs
item name you're checking is:  TYPE-O-006 
product names are: 
(0, 0)
quantity to buy:  5
There are 0 items you can buy!
---1.0146539211273193 seconds ---
current quantity:  0
No product to buy! sleep 10 secs
item name you're checking is:  TYPE-O-006 
product names are: 
(0, 0)
quantity to buy:  5
There are 0 items you can buy!
---1.0617222785949707 seconds ---
current quantity:  0
No product to buy! sleep 10 secs
item name you're checking is:  TYPE-O-006 
product names are: 
(0, 0)
quantity to buy:  5
There are 0 items you can buy!
---1.0515820980072021 seconds ---
current quantity:  0
No product to buy! sleep 10 secs
item name you're checking is:  TYPE-O-006 
product names are: 
(0, 0)
quantity to buy:  5
There are 0 items you can buy!
---0.8896181583404541 seconds ---
current quantity:  0
No product to buy! sleep 10 secs
item name you're checking is:  TYPE-O-006 
product names are: 
(0, 0)
quantity to buy:  5
There are 0 items you can buy!
---0.9901061058044434 seconds ---
current quantity:  0
No product to buy! sleep 10 secs
item name you're checking is:  TYPE-O-006 
product names are: 
(0, 0)
quantity to buy:  5
There are 0 items you can buy!
---1.0174949169158936 seconds ---
current quantity:  0
No product to buy! sleep 10 secs
item name you're checking is:  TYPE-O-006 
product names are: 
(0, 0)
quantity to buy:  5
There are 0 items you can buy!
---1.031860113143921 seconds ---
current quantity:  0
No product to buy! sleep 10 secs
item name you're checking is:  TYPE-O-006 
product names are: 
(0, 0)
quantity to buy:  5
There are 0 items you can buy!
---0.8935601711273193 seconds ---
current quantity:  0
No product to buy! sleep 10 secs
item name you're checking is:  TYPE-O-006 
product names are: 
(0, 0)
quantity to buy:  5
There are 0 items you can buy!
---1.1848809719085693 seconds ---
current quantity:  0
No product to buy! sleep 10 secs
item name you're checking is:  TYPE-O-006 
product names are: 
(0, 0)
quantity to buy:  5
There are 0 items you can buy!
---0.8966100215911865 seconds ---
current quantity:  0
No product to buy! sleep 10 secs
item name you're checking is:  TYPE-O-006 
product names are: 
(0, 0)
quantity to buy:  5
There are 0 items you can buy!
---1.1194090843200684 seconds ---
current quantity:  0
No product to buy! sleep 10 secs
item name you're checking is:  TYPE-O-006 
product names are: 
(0, 0)
quantity to buy:  5
There are 0 items you can buy!
---0.8550920486450195 seconds ---
current quantity:  0
No product to buy! sleep 10 secs
item name you're checking is:  TYPE-O-006 
product names are: 
(0, 0)
quantity to buy:  5
There are 0 items you can buy!
---1.1316640377044678 seconds ---
current quantity:  0
No product to buy! sleep 10 secs
item name you're checking is:  TYPE-O-006 
product names are: 
(0, 0)
quantity to buy:  5
There are 0 items you can buy!
---0.915349006652832 seconds ---
current quantity:  0
No product to buy! sleep 10 secs
item name you're checking is:  TYPE-O-006 
product names are: 
(0, 0)
quantity to buy:  5
There are 0 items you can buy!
---0.9744288921356201 seconds ---
current quantity:  0
No product to buy! sleep 10 secs
item name you're checking is:  TYPE-O-006 
product names are: 
(0, 0)
quantity to buy:  5
There are 0 items you can buy!
---0.9923546314239502 seconds ---
current quantity:  0
No product to buy! sleep 10 secs
item name you're checking is:  TYPE-O-006 
product names are: 
(0, 0)
quantity to buy:  5
There are 0 items you can buy!
---1.093855857849121 seconds ---
current quantity:  0
No product to buy! sleep 10 secs
item name you're checking is:  TYPE-O-006 
product names are: 
(0, 0)
quantity to buy:  5
There are 0 items you can buy!
---1.0342490673065186 seconds ---
current quantity:  0
No product to buy! sleep 10 secs
item name you're checking is:  TYPE-O-006 
product names are: 
(0, 0)
quantity to buy:  5
There are 0 items you can buy!
---0.9620096683502197 seconds ---
current quantity:  0
No product to buy! sleep 10 secs
item name you're checking is:  TYPE-O-006 
product names are: 
(0, 0)
quantity to buy:  5
There are 0 items you can buy!
---1.00980806350708 seconds ---
current quantity:  0
No product to buy! sleep 10 secs
item name you're checking is:  TYPE-O-006 
product names are: 
(0, 0)
quantity to buy:  5
There are 0 items you can buy!
---1.2021980285644531 seconds ---
current quantity:  0
No product to buy! sleep 10 secs
item name you're checking is:  TYPE-O-006 
product names are: 
(0, 0)
quantity to buy:  5
There are 0 items you can buy!
---1.0257480144500732 seconds ---
current quantity:  0
No product to buy! sleep 10 secs
item name you're checking is:  TYPE-O-006 
product names are: 
(0, 0)
quantity to buy:  5
There are 0 items you can buy!
---1.0627920627593994 seconds ---
current quantity:  0
No product to buy! sleep 10 secs
item name you're checking is:  TYPE-O-006 
product names are: 
(0, 0)
quantity to buy:  5
There are 0 items you can buy!
---0.9354369640350342 seconds ---
current quantity:  0
No product to buy! sleep 10 secs
item name you're checking is:  TYPE-O-006 
product names are: 
(0, 0)
quantity to buy:  5
There are 0 items you can buy!
---1.0028102397918701 seconds ---
current quantity:  0
No product to buy! sleep 10 secs
item name you're checking is:  TYPE-O-006 
product names are: 
(0, 0)
quantity to buy:  5
There are 0 items you can buy!
---1.2552671432495117 seconds ---
current quantity:  0
No product to buy! sleep 10 secs
item name you're checking is:  TYPE-O-006 
product names are: 
(0, 0)
quantity to buy:  5
There are 0 items you can buy!
---1.0550918579101562 seconds ---
current quantity:  0
No product to buy! sleep 10 secs
item name you're checking is:  TYPE-O-006 
product names are: 
(0, 0)
quantity to buy:  5
There are 0 items you can buy!
---0.9245040416717529 seconds ---
current quantity:  0
No product to buy! sleep 10 secs
item name you're checking is:  TYPE-O-006 
product names are: 
(0, 0)
quantity to buy:  5
There are 0 items you can buy!
---1.1439208984375 seconds ---
current quantity:  0
No product to buy! sleep 10 secs
item name you're checking is:  TYPE-O-006 
product names are: 
(0, 0)
quantity to buy:  5
There are 0 items you can buy!
---0.9512648582458496 seconds ---
current quantity:  0
No product to buy! sleep 10 secs
item name you're checking is:  TYPE-O-006 
product names are: 
(0, 0)
quantity to buy:  5
There are 0 items you can buy!
---0.9727721214294434 seconds ---
current quantity:  0
No product to buy! sleep 10 secs
item name you're checking is:  TYPE-O-006 
product names are: 
(0, 0)
quantity to buy:  5
There are 0 items you can buy!
---1.1143858432769775 seconds ---
current quantity:  0
No product to buy! sleep 10 secs
item name you're checking is:  TYPE-O-006 
product names are: 
(0, 0)
quantity to buy:  5
There are 0 items you can buy!
---1.1878979206085205 seconds ---
current quantity:  0
No product to buy! sleep 10 secs
item name you're checking is:  TYPE-O-006 
product names are: 
(0, 0)
quantity to buy:  5
There are 0 items you can buy!
---1.0239181518554688 seconds ---
current quantity:  0
No product to buy! sleep 10 secs
item name you're checking is:  TYPE-O-006 
product names are: 
(0, 0)
quantity to buy:  5
There are 0 items you can buy!
---1.1943519115447998 seconds ---
current quantity:  0
No product to buy! sleep 10 secs
item name you're checking is:  TYPE-O-006 
product names are: 
(0, 0)
quantity to buy:  5
There are 0 items you can buy!
---1.0531792640686035 seconds ---
current quantity:  0
No product to buy! sleep 10 secs
item name you're checking is:  TYPE-O-006 
product names are: 
(0, 0)
quantity to buy:  5
There are 0 items you can buy!
---0.9868581295013428 seconds ---
current quantity:  0
No product to buy! sleep 10 secs
item name you're checking is:  TYPE-O-006 
product names are: 
(0, 0)
quantity to buy:  5
There are 0 items you can buy!
---0.8475332260131836 seconds ---
current quantity:  0
No product to buy! sleep 10 secs
item name you're checking is:  TYPE-O-006 
product names are: 
(0, 0)
quantity to buy:  5
There are 0 items you can buy!
---0.9199838638305664 seconds ---
current quantity:  0
No product to buy! sleep 10 secs
item name you're checking is:  TYPE-O-006 
product names are: 
(0, 0)
quantity to buy:  5
There are 0 items you can buy!
---0.8490498065948486 seconds ---
current quantity:  0
No product to buy! sleep 10 secs
item name you're checking is:  TYPE-O-006 
product names are: 
(0, 0)
quantity to buy:  5
There are 0 items you can buy!
---0.8231282234191895 seconds ---
current quantity:  0
No product to buy! sleep 10 secs
item name you're checking is:  TYPE-O-006 
product names are: 
(0, 0)
quantity to buy:  5
There are 0 items you can buy!
---1.0581541061401367 seconds ---
current quantity:  0
No product to buy! sleep 10 secs
item name you're checking is:  TYPE-O-006 
product names are: 
(0, 0)
quantity to buy:  5
There are 0 items you can buy!
---1.3186180591583252 seconds ---
current quantity:  0
No product to buy! sleep 10 secs
item name you're checking is:  TYPE-O-006 
product names are: 
(0, 0)
quantity to buy:  5
There are 0 items you can buy!
---1.0337750911712646 seconds ---
current quantity:  0
No product to buy! sleep 10 secs
item name you're checking is:  TYPE-O-006 
product names are: 
(0, 0)
quantity to buy:  5
There are 0 items you can buy!
---1.0520939826965332 seconds ---
current quantity:  0
No product to buy! sleep 10 secs
item name you're checking is:  TYPE-O-006 
product names are: 
(0, 0)
quantity to buy:  5
There are 0 items you can buy!
---0.8895399570465088 seconds ---
current quantity:  0
No product to buy! sleep 10 secs
item name you're checking is:  TYPE-O-006 
product names are: 
(0, 0)
quantity to buy:  5
There are 0 items you can buy!
---0.999945878982544 seconds ---
current quantity:  0
No product to buy! sleep 10 secs
item name you're checking is:  TYPE-O-006 
product names are: 
(0, 0)
quantity to buy:  5
There are 0 items you can buy!
---0.910332202911377 seconds ---
current quantity:  0
No product to buy! sleep 10 secs
item name you're checking is:  TYPE-O-006 
product names are: 
(0, 0)
quantity to buy:  5
There are 0 items you can buy!
---0.8280150890350342 seconds ---
current quantity:  0
No product to buy! sleep 10 secs
item name you're checking is:  TYPE-O-006 
product names are: 
(0, 0)
quantity to buy:  5
There are 0 items you can buy!
---1.314194917678833 seconds ---
current quantity:  0
No product to buy! sleep 10 secs
item name you're checking is:  TYPE-O-006 
product names are: 
(0, 0)
quantity to buy:  5
There are 0 items you can buy!
---0.8868601322174072 seconds ---
current quantity:  0
No product to buy! sleep 10 secs
item name you're checking is:  TYPE-O-006 
product names are: 
(0, 0)
quantity to buy:  5
There are 0 items you can buy!
---0.8349339962005615 seconds ---
current quantity:  0
No product to buy! sleep 10 secs
item name you're checking is:  TYPE-O-006 
product names are: 
(0, 0)
quantity to buy:  5
There are 0 items you can buy!
---1.0373048782348633 seconds ---
current quantity:  0
No product to buy! sleep 10 secs
item name you're checking is:  TYPE-O-006 
product names are: 
(0, 0)
quantity to buy:  5
There are 0 items you can buy!
---1.7900710105895996 seconds ---
current quantity:  0
No product to buy! sleep 10 secs
item name you're checking is:  TYPE-O-006 
product names are: 
(0, 0)
quantity to buy:  5
There are 0 items you can buy!
---2.594102144241333 seconds ---
current quantity:  0
No product to buy! sleep 10 secs
item name you're checking is:  TYPE-O-006 
product names are: 
(0, 0)
quantity to buy:  5
There are 0 items you can buy!
---1.9589130878448486 seconds ---
current quantity:  0
No product to buy! sleep 10 secs
item name you're checking is:  TYPE-O-006 
product names are: 
(0, 0)
quantity to buy:  5
There are 0 items you can buy!
---1.1261258125305176 seconds ---
current quantity:  0
No product to buy! sleep 10 secs
item name you're checking is:  TYPE-O-006 
product names are: 
(0, 0)
quantity to buy:  5
There are 0 items you can buy!
---1.122262954711914 seconds ---
current quantity:  0
No product to buy! sleep 10 secs
item name you're checking is:  TYPE-O-006 
product names are: 
(0, 0)
quantity to buy:  5
There are 0 items you can buy!
---0.9447338581085205 seconds ---
current quantity:  0
No product to buy! sleep 10 secs
item name you're checking is:  TYPE-O-006 
product names are: 
(0, 0)
quantity to buy:  5
There are 0 items you can buy!
---0.8959510326385498 seconds ---
current quantity:  0
No product to buy! sleep 10 secs
bye!
