idx is:  3
try to login!
click login button!
---13.821136951446533 seconds ---
go to cart!
clear cart start!
clear Done!
item need to buy count:  10
item_to_buy:  {(0, 0): 2, (0, 1): 7, (0, 2): 1}
item name you're checking is:  TYPE-O-006 
product names are: 
(0, 0)
quantity to buy:  2
There are 0 items you can buy!
---9.741932153701782 seconds ---
quantity:  0
No product to buy! sleep 10 secs
item name you're checking is:  TYPE-O-006 
product names are: 
(0, 0)
quantity to buy:  2
There are 0 items you can buy!
---0.7785260677337646 seconds ---
current quantity:  0
No product to buy! sleep 10 secs
item name you're checking is:  TYPE-O-006 
product names are: 
(0, 0)
quantity to buy:  2
There are 0 items you can buy!
---1.067511796951294 seconds ---
current quantity:  0
No product to buy! sleep 10 secs
item name you're checking is:  TYPE-O-006 
product names are: 
(0, 0)
quantity to buy:  2
There are 0 items you can buy!
---0.9391090869903564 seconds ---
current quantity:  0
No product to buy! sleep 10 secs
item name you're checking is:  TYPE-O-006 
product names are: 
(0, 0)
quantity to buy:  2
There are 0 items you can buy!
---0.795957088470459 seconds ---
current quantity:  0
No product to buy! sleep 10 secs
item name you're checking is:  TYPE-O-006 
product names are: 
(0, 0)
quantity to buy:  2
There are 0 items you can buy!
---0.7596161365509033 seconds ---
current quantity:  0
No product to buy! sleep 10 secs
item name you're checking is:  TYPE-O-006 
product names are: 
(0, 0)
quantity to buy:  2
There are 0 items you can buy!
---20.51262903213501 seconds ---
current quantity:  0
No product to buy! sleep 10 secs
item name you're checking is:  TYPE-O-006 
product names are: 
(0, 0)
quantity to buy:  2
There are 0 items you can buy!
---1.2399091720581055 seconds ---
current quantity:  0
No product to buy! sleep 10 secs
item name you're checking is:  TYPE-O-006 
product names are: 
(0, 0)
quantity to buy:  2
There are 0 items you can buy!
---1.0037050247192383 seconds ---
current quantity:  0
No product to buy! sleep 10 secs
item name you're checking is:  TYPE-O-006 
product names are: 
(0, 0)
quantity to buy:  2
There are 0 items you can buy!
---1.6083898544311523 seconds ---
current quantity:  0
No product to buy! sleep 10 secs
item name you're checking is:  TYPE-O-006 
product names are: 
(0, 0)
quantity to buy:  2
There are 0 items you can buy!
---1.2188217639923096 seconds ---
current quantity:  0
No product to buy! sleep 10 secs
item name you're checking is:  TYPE-O-006 
product names are: 
(0, 0)
quantity to buy:  2
There are 0 items you can buy!
---1.0533850193023682 seconds ---
current quantity:  0
No product to buy! sleep 10 secs
item name you're checking is:  TYPE-O-006 
product names are: 
(0, 0)
quantity to buy:  2
There are 0 items you can buy!
---1.4074079990386963 seconds ---
current quantity:  0
No product to buy! sleep 10 secs
item name you're checking is:  TYPE-O-006 
product names are: 
(0, 0)
quantity to buy:  2
There are 0 items you can buy!
---0.9299347400665283 seconds ---
current quantity:  0
No product to buy! sleep 10 secs
item name you're checking is:  TYPE-O-006 
product names are: 
(0, 0)
quantity to buy:  2
There are 0 items you can buy!
---0.775324821472168 seconds ---
current quantity:  0
No product to buy! sleep 10 secs
item name you're checking is:  TYPE-O-006 
product names are: 
(0, 0)
quantity to buy:  2
There are 0 items you can buy!
---0.8436858654022217 seconds ---
current quantity:  0
No product to buy! sleep 10 secs
item name you're checking is:  TYPE-O-006 
product names are: 
(0, 0)
quantity to buy:  2
There are 0 items you can buy!
---0.879979133605957 seconds ---
current quantity:  0
No product to buy! sleep 10 secs
item name you're checking is:  TYPE-O-006 
product names are: 
(0, 0)
quantity to buy:  2
There are 0 items you can buy!
---0.9088900089263916 seconds ---
current quantity:  0
No product to buy! sleep 10 secs
item name you're checking is:  TYPE-O-006 
product names are: 
(0, 0)
quantity to buy:  2
There are 0 items you can buy!
---1.3289079666137695 seconds ---
current quantity:  0
No product to buy! sleep 10 secs
item name you're checking is:  TYPE-O-006 
product names are: 
(0, 0)
quantity to buy:  2
There are 0 items you can buy!
---1.3820228576660156 seconds ---
current quantity:  0
No product to buy! sleep 10 secs
item name you're checking is:  TYPE-O-006 
product names are: 
(0, 0)
quantity to buy:  2
There are 0 items you can buy!
---1.0419540405273438 seconds ---
current quantity:  0
No product to buy! sleep 10 secs
item name you're checking is:  TYPE-O-006 
product names are: 
(0, 0)
quantity to buy:  2
There are 0 items you can buy!
---1.1212780475616455 seconds ---
current quantity:  0
No product to buy! sleep 10 secs
item name you're checking is:  TYPE-O-006 
product names are: 
(0, 0)
quantity to buy:  2
There are 0 items you can buy!
---1.1217010021209717 seconds ---
current quantity:  0
No product to buy! sleep 10 secs
item name you're checking is:  TYPE-O-006 
product names are: 
(0, 0)
quantity to buy:  2
There are 0 items you can buy!
---0.8144099712371826 seconds ---
current quantity:  0
No product to buy! sleep 10 secs
item name you're checking is:  TYPE-O-006 
product names are: 
(0, 0)
quantity to buy:  2
There are 0 items you can buy!
---0.8330819606781006 seconds ---
current quantity:  0
No product to buy! sleep 10 secs
item name you're checking is:  TYPE-O-006 
product names are: 
(0, 0)
quantity to buy:  2
There are 0 items you can buy!
---0.720552921295166 seconds ---
current quantity:  0
No product to buy! sleep 10 secs
item name you're checking is:  TYPE-O-006 
product names are: 
(0, 0)
quantity to buy:  2
There are 0 items you can buy!
---0.8059132099151611 seconds ---
current quantity:  0
No product to buy! sleep 10 secs
item name you're checking is:  TYPE-O-006 
product names are: 
(0, 0)
quantity to buy:  2
There are 0 items you can buy!
---0.7550687789916992 seconds ---
current quantity:  0
No product to buy! sleep 10 secs
item name you're checking is:  TYPE-O-006 
product names are: 
(0, 0)
quantity to buy:  2
There are 0 items you can buy!
---1.0126678943634033 seconds ---
current quantity:  0
No product to buy! sleep 10 secs
item name you're checking is:  TYPE-O-006 
product names are: 
(0, 0)
quantity to buy:  2
There are 0 items you can buy!
---0.832899808883667 seconds ---
current quantity:  0
No product to buy! sleep 10 secs
item name you're checking is:  TYPE-O-006 
product names are: 
(0, 0)
quantity to buy:  2
There are 0 items you can buy!
---0.8091719150543213 seconds ---
current quantity:  0
No product to buy! sleep 10 secs
item name you're checking is:  TYPE-O-006 
product names are: 
(0, 0)
quantity to buy:  2
There are 0 items you can buy!
---0.8832743167877197 seconds ---
current quantity:  0
No product to buy! sleep 10 secs
item name you're checking is:  TYPE-O-006 
product names are: 
(0, 0)
quantity to buy:  2
There are 0 items you can buy!
---0.8367071151733398 seconds ---
current quantity:  0
No product to buy! sleep 10 secs
item name you're checking is:  TYPE-O-006 
product names are: 
(0, 0)
quantity to buy:  2
There are 0 items you can buy!
---0.8844389915466309 seconds ---
current quantity:  0
No product to buy! sleep 10 secs
item name you're checking is:  TYPE-O-006 
product names are: 
(0, 0)
quantity to buy:  2
There are 0 items you can buy!
---1.1047749519348145 seconds ---
current quantity:  0
No product to buy! sleep 10 secs
item name you're checking is:  TYPE-O-006 
product names are: 
(0, 0)
quantity to buy:  2
There are 0 items you can buy!
---0.6742830276489258 seconds ---
current quantity:  0
No product to buy! sleep 10 secs
item name you're checking is:  TYPE-O-006 
product names are: 
(0, 0)
quantity to buy:  2
There are 0 items you can buy!
---0.7764809131622314 seconds ---
current quantity:  0
No product to buy! sleep 10 secs
item name you're checking is:  TYPE-O-006 
product names are: 
(0, 0)
quantity to buy:  2
There are 0 items you can buy!
---0.7803490161895752 seconds ---
current quantity:  0
No product to buy! sleep 10 secs
item name you're checking is:  TYPE-O-006 
product names are: 
(0, 0)
quantity to buy:  2
There are 0 items you can buy!
---0.8136601448059082 seconds ---
current quantity:  0
No product to buy! sleep 10 secs
item name you're checking is:  TYPE-O-006 
product names are: 
(0, 0)
quantity to buy:  2
There are 0 items you can buy!
---0.7654578685760498 seconds ---
current quantity:  0
No product to buy! sleep 10 secs
item name you're checking is:  TYPE-O-006 
product names are: 
(0, 0)
quantity to buy:  2
There are 0 items you can buy!
---0.808347225189209 seconds ---
current quantity:  0
No product to buy! sleep 10 secs
item name you're checking is:  TYPE-O-006 
product names are: 
(0, 0)
quantity to buy:  2
There are 0 items you can buy!
---0.9942312240600586 seconds ---
current quantity:  0
No product to buy! sleep 10 secs
item name you're checking is:  TYPE-O-006 
product names are: 
(0, 0)
quantity to buy:  2
There are 0 items you can buy!
---0.9166359901428223 seconds ---
current quantity:  0
No product to buy! sleep 10 secs
item name you're checking is:  TYPE-O-006 
product names are: 
(0, 0)
quantity to buy:  2
There are 0 items you can buy!
---0.9181180000305176 seconds ---
current quantity:  0
No product to buy! sleep 10 secs
item name you're checking is:  TYPE-O-006 
product names are: 
(0, 0)
quantity to buy:  2
There are 0 items you can buy!
---0.9417378902435303 seconds ---
current quantity:  0
No product to buy! sleep 10 secs
item name you're checking is:  TYPE-O-006 
product names are: 
(0, 0)
quantity to buy:  2
There are 0 items you can buy!
---0.9439301490783691 seconds ---
current quantity:  0
No product to buy! sleep 10 secs
item name you're checking is:  TYPE-O-006 
product names are: 
(0, 0)
quantity to buy:  2
There are 0 items you can buy!
---0.8477072715759277 seconds ---
current quantity:  0
No product to buy! sleep 10 secs
item name you're checking is:  TYPE-O-006 
product names are: 
(0, 0)
quantity to buy:  2
There are 0 items you can buy!
---0.8264689445495605 seconds ---
current quantity:  0
No product to buy! sleep 10 secs
item name you're checking is:  TYPE-O-006 
product names are: 
(0, 0)
quantity to buy:  2
There are 0 items you can buy!
---1.0200319290161133 seconds ---
current quantity:  0
No product to buy! sleep 10 secs
item name you're checking is:  TYPE-O-006 
product names are: 
(0, 0)
quantity to buy:  2
There are 0 items you can buy!
---0.9156849384307861 seconds ---
current quantity:  0
No product to buy! sleep 10 secs
item name you're checking is:  TYPE-O-006 
product names are: 
(0, 0)
quantity to buy:  2
There are 0 items you can buy!
---1.0086212158203125 seconds ---
current quantity:  0
No product to buy! sleep 10 secs
item name you're checking is:  TYPE-O-006 
product names are: 
(0, 0)
quantity to buy:  2
There are 0 items you can buy!
---1.05246901512146 seconds ---
current quantity:  0
No product to buy! sleep 10 secs
item name you're checking is:  TYPE-O-006 
product names are: 
(0, 0)
quantity to buy:  2
There are 0 items you can buy!
---0.9425380229949951 seconds ---
current quantity:  0
No product to buy! sleep 10 secs
item name you're checking is:  TYPE-O-006 
product names are: 
(0, 0)
quantity to buy:  2
There are 0 items you can buy!
---0.884505033493042 seconds ---
current quantity:  0
No product to buy! sleep 10 secs
item name you're checking is:  TYPE-O-006 
product names are: 
(0, 0)
quantity to buy:  2
There are 0 items you can buy!
---0.8527069091796875 seconds ---
current quantity:  0
No product to buy! sleep 10 secs
item name you're checking is:  TYPE-O-006 
product names are: 
(0, 0)
quantity to buy:  2
There are 0 items you can buy!
---0.9123020172119141 seconds ---
current quantity:  0
No product to buy! sleep 10 secs
item name you're checking is:  TYPE-O-006 
product names are: 
(0, 0)
quantity to buy:  2
There are 0 items you can buy!
---0.7876460552215576 seconds ---
current quantity:  0
No product to buy! sleep 10 secs
item name you're checking is:  TYPE-O-006 
product names are: 
(0, 0)
quantity to buy:  2
There are 0 items you can buy!
---0.9569010734558105 seconds ---
current quantity:  0
No product to buy! sleep 10 secs
item name you're checking is:  TYPE-O-006 
product names are: 
(0, 0)
quantity to buy:  2
There are 0 items you can buy!
---0.9915599822998047 seconds ---
current quantity:  0
No product to buy! sleep 10 secs
item name you're checking is:  TYPE-O-006 
product names are: 
(0, 0)
quantity to buy:  2
There are 0 items you can buy!
---0.9066300392150879 seconds ---
current quantity:  0
No product to buy! sleep 10 secs
item name you're checking is:  TYPE-O-006 
product names are: 
(0, 0)
quantity to buy:  2
There are 0 items you can buy!
---0.9543261528015137 seconds ---
current quantity:  0
No product to buy! sleep 10 secs
item name you're checking is:  TYPE-O-006 
product names are: 
(0, 0)
quantity to buy:  2
There are 0 items you can buy!
---1.2977259159088135 seconds ---
current quantity:  0
No product to buy! sleep 10 secs
item name you're checking is:  TYPE-O-006 
product names are: 
(0, 0)
quantity to buy:  2
There are 0 items you can buy!
---1.053704023361206 seconds ---
current quantity:  0
No product to buy! sleep 10 secs
item name you're checking is:  TYPE-O-006 
product names are: 
(0, 0)
quantity to buy:  2
There are 0 items you can buy!
---0.9457738399505615 seconds ---
current quantity:  0
No product to buy! sleep 10 secs
item name you're checking is:  TYPE-O-006 
product names are: 
(0, 0)
quantity to buy:  2
There are 0 items you can buy!
---0.8266181945800781 seconds ---
current quantity:  0
No product to buy! sleep 10 secs
item name you're checking is:  TYPE-O-006 
product names are: 
(0, 0)
quantity to buy:  2
There are 0 items you can buy!
---0.966087818145752 seconds ---
current quantity:  0
No product to buy! sleep 10 secs
item name you're checking is:  TYPE-O-006 
product names are: 
(0, 0)
quantity to buy:  2
There are 0 items you can buy!
---0.7070932388305664 seconds ---
current quantity:  0
No product to buy! sleep 10 secs
item name you're checking is:  TYPE-O-006 
product names are: 
(0, 0)
quantity to buy:  2
There are 0 items you can buy!
---0.8362150192260742 seconds ---
current quantity:  0
No product to buy! sleep 10 secs
item name you're checking is:  TYPE-O-006 
product names are: 
(0, 0)
quantity to buy:  2
There are 0 items you can buy!
---0.7473008632659912 seconds ---
current quantity:  0
No product to buy! sleep 10 secs
item name you're checking is:  TYPE-O-006 
product names are: 
(0, 0)
quantity to buy:  2
There are 0 items you can buy!
---0.7464299201965332 seconds ---
current quantity:  0
No product to buy! sleep 10 secs
item name you're checking is:  TYPE-O-006 
product names are: 
(0, 0)
quantity to buy:  2
There are 0 items you can buy!
---0.7216358184814453 seconds ---
current quantity:  0
No product to buy! sleep 10 secs
item name you're checking is:  TYPE-O-006 
product names are: 
(0, 0)
quantity to buy:  2
There are 0 items you can buy!
---0.7847030162811279 seconds ---
current quantity:  0
No product to buy! sleep 10 secs
item name you're checking is:  TYPE-O-006 
product names are: 
(0, 0)
quantity to buy:  2
There are 0 items you can buy!
---0.7505879402160645 seconds ---
current quantity:  0
No product to buy! sleep 10 secs
item name you're checking is:  TYPE-O-006 
product names are: 
(0, 0)
quantity to buy:  2
There are 0 items you can buy!
---0.8758449554443359 seconds ---
current quantity:  0
No product to buy! sleep 10 secs
item name you're checking is:  TYPE-O-006 
product names are: 
(0, 0)
quantity to buy:  2
There are 0 items you can buy!
---0.7457718849182129 seconds ---
current quantity:  0
No product to buy! sleep 10 secs
item name you're checking is:  TYPE-O-006 
product names are: 
(0, 0)
quantity to buy:  2
There are 0 items you can buy!
---0.9083640575408936 seconds ---
current quantity:  0
No product to buy! sleep 10 secs
item name you're checking is:  TYPE-O-006 
product names are: 
(0, 0)
quantity to buy:  2
There are 0 items you can buy!
---0.8292479515075684 seconds ---
current quantity:  0
No product to buy! sleep 10 secs
item name you're checking is:  TYPE-O-006 
product names are: 
(0, 0)
quantity to buy:  2
There are 0 items you can buy!
---1.0651171207427979 seconds ---
current quantity:  0
No product to buy! sleep 10 secs
item name you're checking is:  TYPE-O-006 
product names are: 
(0, 0)
quantity to buy:  2
There are 0 items you can buy!
---1.259220838546753 seconds ---
current quantity:  0
No product to buy! sleep 10 secs
item name you're checking is:  TYPE-O-006 
product names are: 
(0, 0)
quantity to buy:  2
There are 0 items you can buy!
---1.1594150066375732 seconds ---
current quantity:  0
No product to buy! sleep 10 secs
item name you're checking is:  TYPE-O-006 
product names are: 
(0, 0)
quantity to buy:  2
There are 0 items you can buy!
---0.904548168182373 seconds ---
current quantity:  0
No product to buy! sleep 10 secs
item name you're checking is:  TYPE-O-006 
product names are: 
(0, 0)
quantity to buy:  2
There are 0 items you can buy!
---0.8129661083221436 seconds ---
current quantity:  0
No product to buy! sleep 10 secs
item name you're checking is:  TYPE-O-006 
product names are: 
(0, 0)
quantity to buy:  2
There are 0 items you can buy!
---0.7120909690856934 seconds ---
current quantity:  0
No product to buy! sleep 10 secs
item name you're checking is:  TYPE-O-006 
product names are: 
(0, 0)
quantity to buy:  2
There are 0 items you can buy!
---0.6812548637390137 seconds ---
current quantity:  0
No product to buy! sleep 10 secs
item name you're checking is:  TYPE-O-006 
product names are: 
(0, 0)
quantity to buy:  2
There are 0 items you can buy!
---0.7678377628326416 seconds ---
current quantity:  0
No product to buy! sleep 10 secs
item name you're checking is:  TYPE-O-006 
product names are: 
(0, 0)
quantity to buy:  2
There are 0 items you can buy!
---1.0035371780395508 seconds ---
current quantity:  0
No product to buy! sleep 10 secs
item name you're checking is:  TYPE-O-006 
product names are: 
(0, 0)
quantity to buy:  2
There are 0 items you can buy!
---0.675832986831665 seconds ---
current quantity:  0
No product to buy! sleep 10 secs
item name you're checking is:  TYPE-O-006 
product names are: 
(0, 0)
quantity to buy:  2
There are 0 items you can buy!
---1.3880040645599365 seconds ---
current quantity:  0
No product to buy! sleep 10 secs
item name you're checking is:  TYPE-O-006 
product names are: 
(0, 0)
quantity to buy:  2
There are 0 items you can buy!
---0.8948793411254883 seconds ---
current quantity:  0
No product to buy! sleep 10 secs
item name you're checking is:  TYPE-O-006 
product names are: 
(0, 0)
quantity to buy:  2
There are 0 items you can buy!
---0.8291199207305908 seconds ---
current quantity:  0
No product to buy! sleep 10 secs
item name you're checking is:  TYPE-O-006 
product names are: 
(0, 0)
quantity to buy:  2
There are 0 items you can buy!
---0.7852938175201416 seconds ---
current quantity:  0
No product to buy! sleep 10 secs
item name you're checking is:  TYPE-O-006 
product names are: 
(0, 0)
quantity to buy:  2
There are 0 items you can buy!
---0.9984641075134277 seconds ---
current quantity:  0
No product to buy! sleep 10 secs
item name you're checking is:  TYPE-O-006 
product names are: 
(0, 0)
quantity to buy:  2
There are 0 items you can buy!
---0.7300610542297363 seconds ---
current quantity:  0
No product to buy! sleep 10 secs
item name you're checking is:  TYPE-O-006 
product names are: 
(0, 0)
quantity to buy:  2
There are 0 items you can buy!
---0.6268680095672607 seconds ---
current quantity:  0
No product to buy! sleep 10 secs
item name you're checking is:  TYPE-O-006 
product names are: 
(0, 0)
quantity to buy:  2
There are 0 items you can buy!
---0.7020549774169922 seconds ---
current quantity:  0
No product to buy! sleep 10 secs
item name you're checking is:  TYPE-O-006 
product names are: 
(0, 0)
quantity to buy:  2
There are 0 items you can buy!
---0.6417379379272461 seconds ---
current quantity:  0
No product to buy! sleep 10 secs
item name you're checking is:  TYPE-O-006 
product names are: 
(0, 0)
quantity to buy:  2
There are 0 items you can buy!
---1.246284008026123 seconds ---
current quantity:  0
No product to buy! sleep 10 secs
item name you're checking is:  TYPE-O-006 
product names are: 
(0, 0)
quantity to buy:  2
There are 0 items you can buy!
---0.7705659866333008 seconds ---
current quantity:  0
No product to buy! sleep 10 secs
item name you're checking is:  TYPE-O-006 
product names are: 
(0, 0)
quantity to buy:  2
There are 0 items you can buy!
---0.9269659519195557 seconds ---
current quantity:  0
No product to buy! sleep 10 secs
item name you're checking is:  TYPE-O-006 
product names are: 
(0, 0)
quantity to buy:  2
There are 0 items you can buy!
---0.8485169410705566 seconds ---
current quantity:  0
No product to buy! sleep 10 secs
item name you're checking is:  TYPE-O-006 
product names are: 
(0, 0)
quantity to buy:  2
There are 0 items you can buy!
---1.0924570560455322 seconds ---
current quantity:  0
No product to buy! sleep 10 secs
item name you're checking is:  TYPE-O-006 
product names are: 
(0, 0)
quantity to buy:  2
There are 0 items you can buy!
---0.9520900249481201 seconds ---
current quantity:  0
No product to buy! sleep 10 secs
item name you're checking is:  TYPE-O-006 
product names are: 
(0, 0)
quantity to buy:  2
click button!
There are 1 items you can buy!
---1.976433277130127 seconds ---
current quantity:  1
real buy:  0
go to cart!
purchase!
0
no purchase button! close toast!
purchase!
0
no purchase button! close toast!
purchase!
0
no purchase button! close toast!
purchase!
0
no purchase button! close toast!
purchase!
0
no purchase button! close toast!
purchase!
0
no purchase button! close toast!
purchase!
0
no purchase button! close toast!
purchase!
0
no purchase button! close toast!
purchase!
0
no purchase button! close toast!
purchase!
0
no purchase button! close toast!
purchase!
0
no purchase button! close toast!
purchase!
0
no purchase button! close toast!
purchase!
0
no purchase button! close toast!
purchase!
0
no purchase button! close toast!
purchase!
0
no purchase button! close toast!
purchase!
0
no purchase button! close toast!
purchase!
0
no purchase button! close toast!
purchase!
0
no purchase button! close toast!
purchase!
0
no purchase button! close toast!
purchase!
0
no purchase button! close toast!
purchase!
0
no purchase button! close toast!
purchase!
0
no purchase button! close toast!
purchase!
0
no purchase button! close toast!
purchase!
0
no purchase button! close toast!
purchase!
0
no purchase button! close toast!
bye!
idx is:  3
try to login!
click login button!
---12.60664701461792 seconds ---
go to cart!
clear cart start!
clear Done!
item need to buy count:  10
item_to_buy:  {(0, 0): 2, (0, 1): 7, (0, 2): 1}
item name you're checking is:  TYPE-O-006 
product names are: 
(0, 0)
quantity to buy:  2
There are 0 items you can buy!
---7.36407208442688 seconds ---
quantity:  0
No product to buy! sleep 10 secs
item name you're checking is:  TYPE-O-006 
product names are: 
(0, 0)
quantity to buy:  2
There are 0 items you can buy!
---0.8419990539550781 seconds ---
current quantity:  0
No product to buy! sleep 10 secs
item name you're checking is:  TYPE-O-006 
product names are: 
(0, 0)
quantity to buy:  2
There are 0 items you can buy!
---1.252371072769165 seconds ---
current quantity:  0
No product to buy! sleep 10 secs
item name you're checking is:  TYPE-O-006 
product names are: 
(0, 0)
quantity to buy:  2
There are 0 items you can buy!
---1.480515718460083 seconds ---
current quantity:  0
No product to buy! sleep 10 secs
item name you're checking is:  TYPE-O-006 
product names are: 
(0, 0)
quantity to buy:  2
There are 0 items you can buy!
---1.1167738437652588 seconds ---
current quantity:  0
No product to buy! sleep 10 secs
item name you're checking is:  TYPE-O-006 
product names are: 
(0, 0)
quantity to buy:  2
There are 0 items you can buy!
---1.5340290069580078 seconds ---
current quantity:  0
No product to buy! sleep 10 secs
item name you're checking is:  TYPE-O-006 
product names are: 
(0, 0)
quantity to buy:  2
There are 0 items you can buy!
---4.970963001251221 seconds ---
current quantity:  0
No product to buy! sleep 10 secs
item name you're checking is:  TYPE-O-006 
product names are: 
(0, 0)
quantity to buy:  2
There are 0 items you can buy!
---2.909734010696411 seconds ---
current quantity:  0
No product to buy! sleep 10 secs
item name you're checking is:  TYPE-O-006 
product names are: 
(0, 0)
quantity to buy:  2
There are 0 items you can buy!
---1.1650490760803223 seconds ---
current quantity:  0
No product to buy! sleep 10 secs
item name you're checking is:  TYPE-O-006 
product names are: 
(0, 0)
quantity to buy:  2
There are 0 items you can buy!
---1.5765440464019775 seconds ---
current quantity:  0
No product to buy! sleep 10 secs
item name you're checking is:  TYPE-O-006 
product names are: 
(0, 0)
quantity to buy:  2
There are 0 items you can buy!
---1.2176897525787354 seconds ---
current quantity:  0
No product to buy! sleep 10 secs
item name you're checking is:  TYPE-O-006 
product names are: 
(0, 0)
quantity to buy:  2
There are 0 items you can buy!
---1.0665581226348877 seconds ---
current quantity:  0
No product to buy! sleep 10 secs
item name you're checking is:  TYPE-O-006 
product names are: 
(0, 0)
quantity to buy:  2
There are 0 items you can buy!
---0.9095029830932617 seconds ---
current quantity:  0
No product to buy! sleep 10 secs
item name you're checking is:  TYPE-O-006 
product names are: 
(0, 0)
quantity to buy:  2
There are 0 items you can buy!
---0.8265640735626221 seconds ---
current quantity:  0
No product to buy! sleep 10 secs
item name you're checking is:  TYPE-O-006 
product names are: 
(0, 0)
quantity to buy:  2
There are 0 items you can buy!
---0.8432619571685791 seconds ---
current quantity:  0
No product to buy! sleep 10 secs
item name you're checking is:  TYPE-O-006 
product names are: 
(0, 0)
quantity to buy:  2
There are 0 items you can buy!
---0.7430248260498047 seconds ---
current quantity:  0
No product to buy! sleep 10 secs
item name you're checking is:  TYPE-O-006 
product names are: 
(0, 0)
quantity to buy:  2
There are 0 items you can buy!
---0.8386440277099609 seconds ---
current quantity:  0
No product to buy! sleep 10 secs
item name you're checking is:  TYPE-O-006 
product names are: 
(0, 0)
quantity to buy:  2
There are 0 items you can buy!
---0.7602579593658447 seconds ---
current quantity:  0
No product to buy! sleep 10 secs
item name you're checking is:  TYPE-O-006 
product names are: 
(0, 0)
quantity to buy:  2
There are 0 items you can buy!
---0.7692470550537109 seconds ---
current quantity:  0
No product to buy! sleep 10 secs
item name you're checking is:  TYPE-O-006 
product names are: 
(0, 0)
quantity to buy:  2
There are 0 items you can buy!
---0.8277428150177002 seconds ---
current quantity:  0
No product to buy! sleep 10 secs
item name you're checking is:  TYPE-O-006 
product names are: 
(0, 0)
quantity to buy:  2
There are 0 items you can buy!
---0.8093681335449219 seconds ---
current quantity:  0
No product to buy! sleep 10 secs
item name you're checking is:  TYPE-O-006 
product names are: 
(0, 0)
quantity to buy:  2
There are 0 items you can buy!
---0.9048519134521484 seconds ---
current quantity:  0
No product to buy! sleep 10 secs
item name you're checking is:  TYPE-O-006 
product names are: 
(0, 0)
quantity to buy:  2
There are 0 items you can buy!
---0.8452022075653076 seconds ---
current quantity:  0
No product to buy! sleep 10 secs
item name you're checking is:  TYPE-O-006 
product names are: 
(0, 0)
quantity to buy:  2
There are 0 items you can buy!
---1.0000030994415283 seconds ---
current quantity:  0
No product to buy! sleep 10 secs
item name you're checking is:  TYPE-O-006 
product names are: 
(0, 0)
quantity to buy:  2
There are 0 items you can buy!
---0.7975261211395264 seconds ---
current quantity:  0
No product to buy! sleep 10 secs
item name you're checking is:  TYPE-O-006 
product names are: 
(0, 0)
quantity to buy:  2
There are 0 items you can buy!
---0.7412607669830322 seconds ---
current quantity:  0
No product to buy! sleep 10 secs
item name you're checking is:  TYPE-O-006 
product names are: 
(0, 0)
quantity to buy:  2
There are 0 items you can buy!
---1.03318190574646 seconds ---
current quantity:  0
No product to buy! sleep 10 secs
item name you're checking is:  TYPE-O-006 
product names are: 
(0, 0)
quantity to buy:  2
There are 0 items you can buy!
---0.8968989849090576 seconds ---
current quantity:  0
No product to buy! sleep 10 secs
item name you're checking is:  TYPE-O-006 
product names are: 
(0, 0)
quantity to buy:  2
There are 0 items you can buy!
---0.7726318836212158 seconds ---
current quantity:  0
No product to buy! sleep 10 secs
item name you're checking is:  TYPE-O-006 
product names are: 
(0, 0)
quantity to buy:  2
There are 0 items you can buy!
---0.69777512550354 seconds ---
current quantity:  0
No product to buy! sleep 10 secs
item name you're checking is:  TYPE-O-006 
product names are: 
(0, 0)
quantity to buy:  2
There are 0 items you can buy!
---0.8459579944610596 seconds ---
current quantity:  0
No product to buy! sleep 10 secs
item name you're checking is:  TYPE-O-006 
product names are: 
(0, 0)
quantity to buy:  2
There are 0 items you can buy!
---0.8190228939056396 seconds ---
current quantity:  0
No product to buy! sleep 10 secs
item name you're checking is:  TYPE-O-006 
product names are: 
(0, 0)
quantity to buy:  2
There are 0 items you can buy!
---0.7853796482086182 seconds ---
current quantity:  0
No product to buy! sleep 10 secs
item name you're checking is:  TYPE-O-006 
product names are: 
(0, 0)
quantity to buy:  2
There are 0 items you can buy!
---0.8800489902496338 seconds ---
current quantity:  0
No product to buy! sleep 10 secs
item name you're checking is:  TYPE-O-006 
product names are: 
(0, 0)
quantity to buy:  2
There are 0 items you can buy!
---1.0554559230804443 seconds ---
current quantity:  0
No product to buy! sleep 10 secs
item name you're checking is:  TYPE-O-006 
product names are: 
(0, 0)
quantity to buy:  2
There are 0 items you can buy!
---1.5716402530670166 seconds ---
current quantity:  0
No product to buy! sleep 10 secs
item name you're checking is:  TYPE-O-006 
product names are: 
(0, 0)
quantity to buy:  2
There are 0 items you can buy!
---1.0148580074310303 seconds ---
current quantity:  0
No product to buy! sleep 10 secs
item name you're checking is:  TYPE-O-006 
product names are: 
(0, 0)
quantity to buy:  2
There are 0 items you can buy!
---1.014948844909668 seconds ---
current quantity:  0
No product to buy! sleep 10 secs
item name you're checking is:  TYPE-O-006 
product names are: 
(0, 0)
quantity to buy:  2
There are 0 items you can buy!
---0.9883508682250977 seconds ---
current quantity:  0
No product to buy! sleep 10 secs
item name you're checking is:  TYPE-O-006 
product names are: 
(0, 0)
quantity to buy:  2
There are 0 items you can buy!
---1.203233003616333 seconds ---
current quantity:  0
No product to buy! sleep 10 secs
item name you're checking is:  TYPE-O-006 
product names are: 
(0, 0)
quantity to buy:  2
There are 0 items you can buy!
---0.932354211807251 seconds ---
current quantity:  0
No product to buy! sleep 10 secs
item name you're checking is:  TYPE-O-006 
product names are: 
(0, 0)
quantity to buy:  2
There are 0 items you can buy!
---0.8198850154876709 seconds ---
current quantity:  0
No product to buy! sleep 10 secs
item name you're checking is:  TYPE-O-006 
product names are: 
(0, 0)
quantity to buy:  2
There are 0 items you can buy!
---0.8447530269622803 seconds ---
current quantity:  0
No product to buy! sleep 10 secs
item name you're checking is:  TYPE-O-006 
product names are: 
(0, 0)
quantity to buy:  2
button text:  
click button!
element not exist!
There are 0 items you can buy!
---2.807889938354492 seconds ---
current quantity:  0
No product to buy! sleep 10 secs
item name you're checking is:  TYPE-O-006 
product names are: 
(0, 0)
quantity to buy:  2
button text:  
click button!
element not exist!
There are 0 items you can buy!
---1.4886300563812256 seconds ---
current quantity:  0
No product to buy! sleep 10 secs
item name you're checking is:  TYPE-O-006 
product names are: 
(0, 0)
quantity to buy:  2
There are 0 items you can buy!
---2.0473978519439697 seconds ---
current quantity:  0
No product to buy! sleep 10 secs
item name you're checking is:  TYPE-O-006 
product names are: 
(0, 0)
quantity to buy:  2
There are 0 items you can buy!
---0.8514430522918701 seconds ---
current quantity:  0
No product to buy! sleep 10 secs
item name you're checking is:  TYPE-O-006 
product names are: 
(0, 0)
quantity to buy:  2
There are 0 items you can buy!
---1.0920321941375732 seconds ---
current quantity:  0
No product to buy! sleep 10 secs
item name you're checking is:  TYPE-O-006 
product names are: 
(0, 0)
quantity to buy:  2
There are 0 items you can buy!
---0.8232080936431885 seconds ---
current quantity:  0
No product to buy! sleep 10 secs
item name you're checking is:  TYPE-O-006 
product names are: 
(0, 0)
quantity to buy:  2
There are 0 items you can buy!
---0.9159443378448486 seconds ---
current quantity:  0
No product to buy! sleep 10 secs
item name you're checking is:  TYPE-O-006 
product names are: 
(0, 0)
quantity to buy:  2
There are 0 items you can buy!
---0.8291220664978027 seconds ---
current quantity:  0
No product to buy! sleep 10 secs
item name you're checking is:  TYPE-O-006 
product names are: 
(0, 0)
quantity to buy:  2
There are 0 items you can buy!
---0.8559141159057617 seconds ---
current quantity:  0
No product to buy! sleep 10 secs
item name you're checking is:  TYPE-O-006 
product names are: 
(0, 0)
quantity to buy:  2
There are 0 items you can buy!
---0.8343544006347656 seconds ---
current quantity:  0
No product to buy! sleep 10 secs
item name you're checking is:  TYPE-O-006 
product names are: 
(0, 0)
quantity to buy:  2
There are 0 items you can buy!
---0.9358811378479004 seconds ---
current quantity:  0
No product to buy! sleep 10 secs
item name you're checking is:  TYPE-O-006 
product names are: 
(0, 0)
quantity to buy:  2
There are 0 items you can buy!
---0.8228161334991455 seconds ---
current quantity:  0
No product to buy! sleep 10 secs
item name you're checking is:  TYPE-O-006 
product names are: 
(0, 0)
quantity to buy:  2
There are 0 items you can buy!
---1.1259849071502686 seconds ---
current quantity:  0
No product to buy! sleep 10 secs
item name you're checking is:  TYPE-O-006 
product names are: 
(0, 0)
quantity to buy:  2
There are 0 items you can buy!
---0.9602189064025879 seconds ---
current quantity:  0
No product to buy! sleep 10 secs
item name you're checking is:  TYPE-O-006 
product names are: 
(0, 0)
quantity to buy:  2
There are 0 items you can buy!
---0.8631963729858398 seconds ---
current quantity:  0
No product to buy! sleep 10 secs
item name you're checking is:  TYPE-O-006 
product names are: 
(0, 0)
quantity to buy:  2
There are 0 items you can buy!
---1.0640079975128174 seconds ---
current quantity:  0
No product to buy! sleep 10 secs
item name you're checking is:  TYPE-O-006 
product names are: 
(0, 0)
quantity to buy:  2
There are 0 items you can buy!
---2.09175181388855 seconds ---
current quantity:  0
No product to buy! sleep 10 secs
item name you're checking is:  TYPE-O-006 
product names are: 
(0, 0)
quantity to buy:  2
There are 0 items you can buy!
---0.8758318424224854 seconds ---
current quantity:  0
No product to buy! sleep 10 secs
item name you're checking is:  TYPE-O-006 
product names are: 
(0, 0)
quantity to buy:  2
There are 0 items you can buy!
---0.9414219856262207 seconds ---
current quantity:  0
No product to buy! sleep 10 secs
item name you're checking is:  TYPE-O-006 
product names are: 
(0, 0)
quantity to buy:  2
There are 0 items you can buy!
---0.8071579933166504 seconds ---
current quantity:  0
No product to buy! sleep 10 secs
item name you're checking is:  TYPE-O-006 
product names are: 
(0, 0)
quantity to buy:  2
There are 0 items you can buy!
---0.7839739322662354 seconds ---
current quantity:  0
No product to buy! sleep 10 secs
item name you're checking is:  TYPE-O-006 
product names are: 
(0, 0)
quantity to buy:  2
There are 0 items you can buy!
---0.8343069553375244 seconds ---
current quantity:  0
No product to buy! sleep 10 secs
item name you're checking is:  TYPE-O-006 
product names are: 
(0, 0)
quantity to buy:  2
There are 0 items you can buy!
---0.8385190963745117 seconds ---
current quantity:  0
No product to buy! sleep 10 secs
item name you're checking is:  TYPE-O-006 
product names are: 
(0, 0)
quantity to buy:  2
There are 0 items you can buy!
---0.7778921127319336 seconds ---
current quantity:  0
No product to buy! sleep 10 secs
item name you're checking is:  TYPE-O-006 
product names are: 
(0, 0)
quantity to buy:  2
There are 0 items you can buy!
---0.7337589263916016 seconds ---
current quantity:  0
No product to buy! sleep 10 secs
item name you're checking is:  TYPE-O-006 
product names are: 
(0, 0)
quantity to buy:  2
There are 0 items you can buy!
---0.7267849445343018 seconds ---
current quantity:  0
No product to buy! sleep 10 secs
item name you're checking is:  TYPE-O-006 
product names are: 
(0, 0)
quantity to buy:  2
There are 0 items you can buy!
---0.7639658451080322 seconds ---
current quantity:  0
No product to buy! sleep 10 secs
item name you're checking is:  TYPE-O-006 
product names are: 
(0, 0)
quantity to buy:  2
There are 0 items you can buy!
---1.0265259742736816 seconds ---
current quantity:  0
No product to buy! sleep 10 secs
item name you're checking is:  TYPE-O-006 
product names are: 
(0, 0)
quantity to buy:  2
There are 0 items you can buy!
---0.9069859981536865 seconds ---
current quantity:  0
No product to buy! sleep 10 secs
item name you're checking is:  TYPE-O-006 
product names are: 
(0, 0)
quantity to buy:  2
There are 0 items you can buy!
---0.8827869892120361 seconds ---
current quantity:  0
No product to buy! sleep 10 secs
item name you're checking is:  TYPE-O-006 
product names are: 
(0, 0)
quantity to buy:  2
There are 0 items you can buy!
---1.709535837173462 seconds ---
current quantity:  0
No product to buy! sleep 10 secs
item name you're checking is:  TYPE-O-006 
product names are: 
(0, 0)
quantity to buy:  2
There are 0 items you can buy!
---1.5006868839263916 seconds ---
current quantity:  0
No product to buy! sleep 10 secs
item name you're checking is:  TYPE-O-006 
product names are: 
(0, 0)
quantity to buy:  2
There are 0 items you can buy!
---0.8518621921539307 seconds ---
current quantity:  0
No product to buy! sleep 10 secs
item name you're checking is:  TYPE-O-006 
product names are: 
(0, 0)
quantity to buy:  2
There are 0 items you can buy!
---0.8719401359558105 seconds ---
current quantity:  0
No product to buy! sleep 10 secs
item name you're checking is:  TYPE-O-006 
product names are: 
(0, 0)
quantity to buy:  2
There are 0 items you can buy!
---0.9642198085784912 seconds ---
current quantity:  0
No product to buy! sleep 10 secs
item name you're checking is:  TYPE-O-006 
product names are: 
(0, 0)
quantity to buy:  2
There are 0 items you can buy!
---1.0525150299072266 seconds ---
current quantity:  0
No product to buy! sleep 10 secs
item name you're checking is:  TYPE-O-006 
product names are: 
(0, 0)
quantity to buy:  2
button text:  
click button!
There are 1 items you can buy!
---1.587825059890747 seconds ---
current quantity:  1
real buy:  0
go to cart!
purchase!
0
no purchase button! close toast!
purchase!
0
no purchase button! close toast!
purchase!
0
no purchase button! close toast!
purchase!
0
no purchase button! close toast!
purchase!
0
no purchase button! close toast!
purchase!
0
no purchase button! close toast!
purchase!
0
no purchase button! close toast!
purchase!
0
no purchase button! close toast!
purchase!
0
no purchase button! close toast!
purchase!
0
no purchase button! close toast!
purchase!
0
no purchase button! close toast!
purchase!
0
no purchase button! close toast!
purchase!
0
no purchase button! close toast!
purchase!
0
no purchase button! close toast!
purchase!
0
no purchase button! close toast!
purchase!
0
no purchase button! close toast!
purchase!
0
no purchase button! close toast!
purchase!
0
no purchase button! close toast!
purchase!
0
no purchase button! close toast!
purchase!
0
no purchase button! close toast!
purchase!
0
no purchase button! close toast!
purchase!
0
no purchase button! close toast!
purchase!
0
no purchase button! close toast!
purchase!
0
no purchase button! close toast!
purchase!
0
no purchase button! close toast!
purchase!
0
no purchase button! close toast!
purchase!
0
no purchase button! close toast!
purchase!
0
no purchase button! close toast!
purchase!
0
no purchase button! close toast!
purchase!
0
no purchase button! close toast!
purchase!
0
no purchase button! close toast!
purchase!
0
no purchase button! close toast!
purchase!
0
no purchase button! close toast!
purchase!
0
no purchase button! close toast!
purchase!
0
no purchase button! close toast!
purchase!
0
no purchase button! close toast!
purchase!
0
no purchase button! close toast!
purchase!
0
no purchase button! close toast!
purchase!
0
no purchase button! close toast!
purchase!
0
no purchase button! close toast!
purchase!
0
no purchase button! close toast!
purchase!
0
no purchase button! close toast!
purchase!
0
no purchase button! close toast!
purchase!
0
no purchase button! close toast!
purchase!
0
no purchase button! close toast!
purchase!
0
no purchase button! close toast!
purchase!
0
no purchase button! close toast!
purchase!
0
no purchase button! close toast!
purchase!
0
no purchase button! close toast!
purchase!
0
no purchase button! close toast!
purchase!
0
no purchase button! close toast!
purchase!
0
no purchase button! close toast!
purchase!
0
no purchase button! close toast!
purchase!
0
no purchase button! close toast!
purchase!
0
no purchase button! close toast!
purchase!
0
no purchase button! close toast!
purchase!
0
no purchase button! close toast!
purchase!
0
no purchase button! close toast!
purchase!
0
no purchase button! close toast!
purchase!
0
no purchase button! close toast!
purchase!
0
no purchase button! close toast!
purchase!
0
no purchase button! close toast!
purchase!
0
no purchase button! close toast!
purchase!
0
no purchase button! close toast!
purchase!
0
no purchase button! close toast!
purchase!
0
no purchase button! close toast!
purchase!
0
no purchase button! close toast!
purchase!
0
no purchase button! close toast!
purchase!
0
no purchase button! close toast!
purchase!
0
no purchase button! close toast!
purchase!
0
no purchase button! close toast!
purchase!
0
no purchase button! close toast!
purchase!
0
no purchase button! close toast!
purchase!
0
no purchase button! close toast!
purchase!
0
no purchase button! close toast!
purchase!
0
no purchase button! close toast!
purchase!
0
no purchase button! close toast!
purchase!
0
no purchase button! close toast!
purchase!
0
no purchase button! close toast!
purchase!
0
no purchase button! close toast!
purchase!
0
no purchase button! close toast!
purchase!
0
no purchase button! close toast!
purchase!
0
no purchase button! close toast!
purchase!
0
no purchase button! close toast!
purchase!
0
no purchase button! close toast!
purchase!
0
no purchase button! close toast!
purchase!
0
no purchase button! close toast!
purchase!
0
no purchase button! close toast!
purchase!
0
no purchase button! close toast!
purchase!
0
no purchase button! close toast!
purchase!
0
no purchase button! close toast!
purchase!
0
no purchase button! close toast!
purchase!
0
no purchase button! close toast!
purchase!
0
no purchase button! close toast!
purchase!
0
no purchase button! close toast!
purchase!
0
no purchase button! close toast!
purchase!
0
no purchase button! close toast!
purchase!
0
no purchase button! close toast!
purchase!
0
no purchase button! close toast!
purchase!
0
no purchase button! close toast!
purchase!
0
no purchase button! close toast!
purchase!
0
no purchase button! close toast!
purchase!
0
no purchase button! close toast!
purchase!
0
no purchase button! close toast!
purchase!
0
no purchase button! close toast!
purchase!
0
no purchase button! close toast!
purchase!
0
no purchase button! close toast!
purchase!
0
no purchase button! close toast!
purchase!
0
no purchase button! close toast!
purchase!
0
no purchase button! close toast!
purchase!
0
no purchase button! close toast!
purchase!
0
no purchase button! close toast!
purchase!
0
no purchase button! close toast!
purchase!
0
no purchase button! close toast!
purchase!
0
no purchase button! close toast!
purchase!
0
no purchase button! close toast!
purchase!
0
no purchase button! close toast!
purchase!
bye!
idx is:  3
try to login!
click login button!
---12.190041303634644 seconds ---
go to cart!
clear cart start!
clear Done!
item need to buy count:  10
item_to_buy:  {(0, 0): 2, (0, 1): 7, (0, 2): 1}
item name you're checking is:  TYPE-O-006 
product names are: 
(0, 0)
quantity to buy:  2
There are 0 items you can buy!
---9.391851902008057 seconds ---
quantity:  0
No product to buy! sleep 10 secs
item name you're checking is:  TYPE-O-006 
product names are: 
(0, 0)
quantity to buy:  2
There are 0 items you can buy!
---1.122844934463501 seconds ---
current quantity:  0
No product to buy! sleep 10 secs
item name you're checking is:  TYPE-O-006 
product names are: 
(0, 0)
quantity to buy:  2
There are 0 items you can buy!
---1.063694953918457 seconds ---
current quantity:  0
No product to buy! sleep 10 secs
item name you're checking is:  TYPE-O-006 
product names are: 
(0, 0)
quantity to buy:  2
There are 0 items you can buy!
---1.0202648639678955 seconds ---
current quantity:  0
No product to buy! sleep 10 secs
item name you're checking is:  TYPE-O-006 
product names are: 
(0, 0)
quantity to buy:  2
There are 0 items you can buy!
---1.379983901977539 seconds ---
current quantity:  0
No product to buy! sleep 10 secs
item name you're checking is:  TYPE-O-006 
product names are: 
(0, 0)
quantity to buy:  2
There are 0 items you can buy!
---8.471601009368896 seconds ---
current quantity:  0
No product to buy! sleep 10 secs
item name you're checking is:  TYPE-O-006 
product names are: 
(0, 0)
quantity to buy:  2
There are 0 items you can buy!
---1.297029733657837 seconds ---
current quantity:  0
No product to buy! sleep 10 secs
item name you're checking is:  TYPE-O-006 
product names are: 
(0, 0)
quantity to buy:  2
There are 0 items you can buy!
---1.0291249752044678 seconds ---
current quantity:  0
No product to buy! sleep 10 secs
item name you're checking is:  TYPE-O-006 
product names are: 
(0, 0)
quantity to buy:  2
There are 0 items you can buy!
---0.9166407585144043 seconds ---
current quantity:  0
No product to buy! sleep 10 secs
item name you're checking is:  TYPE-O-006 
product names are: 
(0, 0)
quantity to buy:  2
There are 0 items you can buy!
---2.740790843963623 seconds ---
current quantity:  0
No product to buy! sleep 10 secs
item name you're checking is:  TYPE-O-006 
product names are: 
(0, 0)
quantity to buy:  2
There are 0 items you can buy!
---3.599522829055786 seconds ---
current quantity:  0
No product to buy! sleep 10 secs
item name you're checking is:  TYPE-O-006 
product names are: 
(0, 0)
quantity to buy:  2
There are 0 items you can buy!
---2.1318440437316895 seconds ---
current quantity:  0
No product to buy! sleep 10 secs
item name you're checking is:  TYPE-O-006 
product names are: 
(0, 0)
quantity to buy:  2
There are 0 items you can buy!
---1.1325559616088867 seconds ---
current quantity:  0
No product to buy! sleep 10 secs
item name you're checking is:  TYPE-O-006 
product names are: 
(0, 0)
quantity to buy:  2
There are 0 items you can buy!
---1.1044278144836426 seconds ---
current quantity:  0
No product to buy! sleep 10 secs
item name you're checking is:  TYPE-O-006 
product names are: 
(0, 0)
quantity to buy:  2
There are 0 items you can buy!
---1.0789070129394531 seconds ---
current quantity:  0
No product to buy! sleep 10 secs
item name you're checking is:  TYPE-O-006 
product names are: 
(0, 0)
quantity to buy:  2
There are 0 items you can buy!
---0.9309728145599365 seconds ---
current quantity:  0
No product to buy! sleep 10 secs
item name you're checking is:  TYPE-O-006 
product names are: 
(0, 0)
quantity to buy:  2
There are 0 items you can buy!
---2.5157101154327393 seconds ---
current quantity:  0
No product to buy! sleep 10 secs
item name you're checking is:  TYPE-O-006 
product names are: 
(0, 0)
quantity to buy:  2
There are 0 items you can buy!
---4.6320531368255615 seconds ---
current quantity:  0
No product to buy! sleep 10 secs
item name you're checking is:  TYPE-O-006 
product names are: 
(0, 0)
quantity to buy:  2
There are 0 items you can buy!
---4.683818101882935 seconds ---
current quantity:  0
No product to buy! sleep 10 secs
item name you're checking is:  TYPE-O-006 
product names are: 
(0, 0)
quantity to buy:  2
There are 0 items you can buy!
---8.055964946746826 seconds ---
current quantity:  0
No product to buy! sleep 10 secs
item name you're checking is:  TYPE-O-006 
product names are: 
(0, 0)
quantity to buy:  2
There are 0 items you can buy!
---9.16223931312561 seconds ---
current quantity:  0
No product to buy! sleep 10 secs
item name you're checking is:  TYPE-O-006 
product names are: 
(0, 0)
quantity to buy:  2
There are 0 items you can buy!
---5.595024824142456 seconds ---
current quantity:  0
No product to buy! sleep 10 secs
item name you're checking is:  TYPE-O-006 
product names are: 
(0, 0)
quantity to buy:  2
There are 0 items you can buy!
---6.984510898590088 seconds ---
current quantity:  0
No product to buy! sleep 10 secs
item name you're checking is:  TYPE-O-006 
product names are: 
(0, 0)
quantity to buy:  2
There are 0 items you can buy!
---4.0320820808410645 seconds ---
current quantity:  0
No product to buy! sleep 10 secs
item name you're checking is:  TYPE-O-006 
product names are: 
(0, 0)
quantity to buy:  2
There are 0 items you can buy!
---3.9033076763153076 seconds ---
current quantity:  0
No product to buy! sleep 10 secs
item name you're checking is:  TYPE-O-006 
product names are: 
(0, 0)
quantity to buy:  2
There are 0 items you can buy!
---1.2275059223175049 seconds ---
current quantity:  0
No product to buy! sleep 10 secs
item name you're checking is:  TYPE-O-006 
product names are: 
(0, 0)
quantity to buy:  2
There are 0 items you can buy!
---1.1348381042480469 seconds ---
current quantity:  0
No product to buy! sleep 10 secs
item name you're checking is:  TYPE-O-006 
product names are: 
(0, 0)
quantity to buy:  2
There are 0 items you can buy!
---1.6458868980407715 seconds ---
current quantity:  0
No product to buy! sleep 10 secs
item name you're checking is:  TYPE-O-006 
product names are: 
(0, 0)
quantity to buy:  2
There are 0 items you can buy!
---0.9265692234039307 seconds ---
current quantity:  0
No product to buy! sleep 10 secs
item name you're checking is:  TYPE-O-006 
product names are: 
(0, 0)
quantity to buy:  2
There are 0 items you can buy!
---0.9622468948364258 seconds ---
current quantity:  0
No product to buy! sleep 10 secs
item name you're checking is:  TYPE-O-006 
product names are: 
(0, 0)
quantity to buy:  2
There are 0 items you can buy!
---1.016704797744751 seconds ---
current quantity:  0
No product to buy! sleep 10 secs
item name you're checking is:  TYPE-O-006 
product names are: 
(0, 0)
quantity to buy:  2
There are 0 items you can buy!
---1.0167779922485352 seconds ---
current quantity:  0
No product to buy! sleep 10 secs
item name you're checking is:  TYPE-O-006 
product names are: 
(0, 0)
quantity to buy:  2
There are 0 items you can buy!
---1.009037971496582 seconds ---
current quantity:  0
No product to buy! sleep 10 secs
item name you're checking is:  TYPE-O-006 
product names are: 
(0, 0)
quantity to buy:  2
There are 0 items you can buy!
---0.9877488613128662 seconds ---
current quantity:  0
No product to buy! sleep 10 secs
item name you're checking is:  TYPE-O-006 
product names are: 
(0, 0)
quantity to buy:  2
There are 0 items you can buy!
---0.868546724319458 seconds ---
current quantity:  0
No product to buy! sleep 10 secs
item name you're checking is:  TYPE-O-006 
product names are: 
(0, 0)
quantity to buy:  2
There are 0 items you can buy!
---1.131012201309204 seconds ---
current quantity:  0
No product to buy! sleep 10 secs
item name you're checking is:  TYPE-O-006 
product names are: 
(0, 0)
quantity to buy:  2
There are 0 items you can buy!
---0.8969278335571289 seconds ---
current quantity:  0
No product to buy! sleep 10 secs
item name you're checking is:  TYPE-O-006 
product names are: 
(0, 0)
quantity to buy:  2
There are 0 items you can buy!
---1.532829999923706 seconds ---
current quantity:  0
No product to buy! sleep 10 secs
item name you're checking is:  TYPE-O-006 
product names are: 
(0, 0)
quantity to buy:  2
There are 0 items you can buy!
---0.9547908306121826 seconds ---
current quantity:  0
No product to buy! sleep 10 secs
item name you're checking is:  TYPE-O-006 
product names are: 
(0, 0)
quantity to buy:  2
There are 0 items you can buy!
---0.8592932224273682 seconds ---
current quantity:  0
No product to buy! sleep 10 secs
item name you're checking is:  TYPE-O-006 
product names are: 
(0, 0)
quantity to buy:  2
There are 0 items you can buy!
---0.8868989944458008 seconds ---
current quantity:  0
No product to buy! sleep 10 secs
item name you're checking is:  TYPE-O-006 
product names are: 
(0, 0)
quantity to buy:  2
There are 0 items you can buy!
---0.8925790786743164 seconds ---
current quantity:  0
No product to buy! sleep 10 secs
item name you're checking is:  TYPE-O-006 
product names are: 
(0, 0)
quantity to buy:  2
There are 0 items you can buy!
---1.0524029731750488 seconds ---
current quantity:  0
No product to buy! sleep 10 secs
item name you're checking is:  TYPE-O-006 
product names are: 
(0, 0)
quantity to buy:  2
There are 0 items you can buy!
---1.1870532035827637 seconds ---
current quantity:  0
No product to buy! sleep 10 secs
item name you're checking is:  TYPE-O-006 
product names are: 
(0, 0)
quantity to buy:  2
There are 0 items you can buy!
---0.8806619644165039 seconds ---
current quantity:  0
No product to buy! sleep 10 secs
item name you're checking is:  TYPE-O-006 
product names are: 
(0, 0)
quantity to buy:  2
There are 0 items you can buy!
---1.1055991649627686 seconds ---
current quantity:  0
No product to buy! sleep 10 secs
item name you're checking is:  TYPE-O-006 
product names are: 
(0, 0)
quantity to buy:  2
There are 0 items you can buy!
---1.0605618953704834 seconds ---
current quantity:  0
No product to buy! sleep 10 secs
item name you're checking is:  TYPE-O-006 
product names are: 
(0, 0)
quantity to buy:  2
There are 0 items you can buy!
---1.0377998352050781 seconds ---
current quantity:  0
No product to buy! sleep 10 secs
item name you're checking is:  TYPE-O-006 
product names are: 
(0, 0)
quantity to buy:  2
There are 0 items you can buy!
---1.0727131366729736 seconds ---
current quantity:  0
No product to buy! sleep 10 secs
item name you're checking is:  TYPE-O-006 
product names are: 
(0, 0)
quantity to buy:  2
There are 0 items you can buy!
---1.0975391864776611 seconds ---
current quantity:  0
No product to buy! sleep 10 secs
item name you're checking is:  TYPE-O-006 
product names are: 
(0, 0)
quantity to buy:  2
There are 0 items you can buy!
---1.083299160003662 seconds ---
current quantity:  0
No product to buy! sleep 10 secs
item name you're checking is:  TYPE-O-006 
product names are: 
(0, 0)
quantity to buy:  2
There are 0 items you can buy!
---1.0542418956756592 seconds ---
current quantity:  0
No product to buy! sleep 10 secs
item name you're checking is:  TYPE-O-006 
product names are: 
(0, 0)
quantity to buy:  2
There are 0 items you can buy!
---1.0180227756500244 seconds ---
current quantity:  0
No product to buy! sleep 10 secs
item name you're checking is:  TYPE-O-006 
product names are: 
(0, 0)
quantity to buy:  2
There are 0 items you can buy!
---0.8883159160614014 seconds ---
current quantity:  0
No product to buy! sleep 10 secs
item name you're checking is:  TYPE-O-006 
product names are: 
(0, 0)
quantity to buy:  2
There are 0 items you can buy!
---1.0357959270477295 seconds ---
current quantity:  0
No product to buy! sleep 10 secs
item name you're checking is:  TYPE-O-006 
product names are: 
(0, 0)
quantity to buy:  2
There are 0 items you can buy!
---0.7616448402404785 seconds ---
current quantity:  0
No product to buy! sleep 10 secs
item name you're checking is:  TYPE-O-006 
product names are: 
(0, 0)
quantity to buy:  2
There are 0 items you can buy!
---1.102099895477295 seconds ---
current quantity:  0
No product to buy! sleep 10 secs
item name you're checking is:  TYPE-O-006 
product names are: 
(0, 0)
quantity to buy:  2
There are 0 items you can buy!
---1.2647628784179688 seconds ---
current quantity:  0
No product to buy! sleep 10 secs
item name you're checking is:  TYPE-O-006 
product names are: 
(0, 0)
quantity to buy:  2
There are 0 items you can buy!
---1.0277431011199951 seconds ---
current quantity:  0
No product to buy! sleep 10 secs
item name you're checking is:  TYPE-O-006 
product names are: 
(0, 0)
quantity to buy:  2
There are 0 items you can buy!
---0.7317178249359131 seconds ---
current quantity:  0
No product to buy! sleep 10 secs
item name you're checking is:  TYPE-O-006 
product names are: 
(0, 0)
quantity to buy:  2
There are 0 items you can buy!
---1.071653127670288 seconds ---
current quantity:  0
No product to buy! sleep 10 secs
item name you're checking is:  TYPE-O-006 
product names are: 
(0, 0)
quantity to buy:  2
There are 0 items you can buy!
---1.2366046905517578 seconds ---
current quantity:  0
No product to buy! sleep 10 secs
item name you're checking is:  TYPE-O-006 
product names are: 
(0, 0)
quantity to buy:  2
There are 0 items you can buy!
---1.0904808044433594 seconds ---
current quantity:  0
No product to buy! sleep 10 secs
item name you're checking is:  TYPE-O-006 
product names are: 
(0, 0)
quantity to buy:  2
There are 0 items you can buy!
---1.0311989784240723 seconds ---
current quantity:  0
No product to buy! sleep 10 secs
item name you're checking is:  TYPE-O-006 
product names are: 
(0, 0)
quantity to buy:  2
There are 0 items you can buy!
---1.1234183311462402 seconds ---
current quantity:  0
No product to buy! sleep 10 secs
item name you're checking is:  TYPE-O-006 
product names are: 
(0, 0)
quantity to buy:  2
There are 0 items you can buy!
---1.034872055053711 seconds ---
current quantity:  0
No product to buy! sleep 10 secs
item name you're checking is:  TYPE-O-006 
product names are: 
(0, 0)
quantity to buy:  2
There are 0 items you can buy!
---1.2358829975128174 seconds ---
current quantity:  0
No product to buy! sleep 10 secs
item name you're checking is:  TYPE-O-006 
product names are: 
(0, 0)
quantity to buy:  2
There are 0 items you can buy!
---1.5576109886169434 seconds ---
current quantity:  0
No product to buy! sleep 10 secs
item name you're checking is:  TYPE-O-006 
product names are: 
(0, 0)
quantity to buy:  2
There are 0 items you can buy!
---1.0124249458312988 seconds ---
current quantity:  0
No product to buy! sleep 10 secs
item name you're checking is:  TYPE-O-006 
product names are: 
(0, 0)
quantity to buy:  2
There are 0 items you can buy!
---1.6172161102294922 seconds ---
current quantity:  0
No product to buy! sleep 10 secs
item name you're checking is:  TYPE-O-006 
product names are: 
(0, 0)
quantity to buy:  2
There are 0 items you can buy!
---3.5086188316345215 seconds ---
current quantity:  0
No product to buy! sleep 10 secs
item name you're checking is:  TYPE-O-006 
product names are: 
(0, 0)
quantity to buy:  2
There are 0 items you can buy!
---5.343609809875488 seconds ---
current quantity:  0
No product to buy! sleep 10 secs
item name you're checking is:  TYPE-O-006 
product names are: 
(0, 0)
quantity to buy:  2
There are 0 items you can buy!
---4.28088903427124 seconds ---
current quantity:  0
No product to buy! sleep 10 secs
item name you're checking is:  TYPE-O-006 
product names are: 
(0, 0)
quantity to buy:  2
There are 0 items you can buy!
---1.846709966659546 seconds ---
current quantity:  0
No product to buy! sleep 10 secs
item name you're checking is:  TYPE-O-006 
product names are: 
(0, 0)
quantity to buy:  2
There are 0 items you can buy!
---1.432358980178833 seconds ---
current quantity:  0
No product to buy! sleep 10 secs
item name you're checking is:  TYPE-O-006 
product names are: 
(0, 0)
quantity to buy:  2
There are 0 items you can buy!
---1.1621699333190918 seconds ---
current quantity:  0
No product to buy! sleep 10 secs
item name you're checking is:  TYPE-O-006 
product names are: 
(0, 0)
quantity to buy:  2
There are 0 items you can buy!
---1.079693078994751 seconds ---
current quantity:  0
No product to buy! sleep 10 secs
item name you're checking is:  TYPE-O-006 
product names are: 
(0, 0)
quantity to buy:  2
There are 0 items you can buy!
---1.1229639053344727 seconds ---
current quantity:  0
No product to buy! sleep 10 secs
item name you're checking is:  TYPE-O-006 
product names are: 
(0, 0)
quantity to buy:  2
There are 0 items you can buy!
---1.0080227851867676 seconds ---
current quantity:  0
No product to buy! sleep 10 secs
item name you're checking is:  TYPE-O-006 
product names are: 
(0, 0)
quantity to buy:  2
There are 0 items you can buy!
---1.049300193786621 seconds ---
current quantity:  0
No product to buy! sleep 10 secs
item name you're checking is:  TYPE-O-006 
product names are: 
(0, 0)
quantity to buy:  2
There are 0 items you can buy!
---1.0739262104034424 seconds ---
current quantity:  0
No product to buy! sleep 10 secs
item name you're checking is:  TYPE-O-006 
product names are: 
(0, 0)
quantity to buy:  2
There are 0 items you can buy!
---1.0034549236297607 seconds ---
current quantity:  0
No product to buy! sleep 10 secs
item name you're checking is:  TYPE-O-006 
product names are: 
(0, 0)
quantity to buy:  2
There are 0 items you can buy!
---0.9486348628997803 seconds ---
current quantity:  0
No product to buy! sleep 10 secs
item name you're checking is:  TYPE-O-006 
product names are: 
(0, 0)
quantity to buy:  2
There are 0 items you can buy!
---1.227616786956787 seconds ---
current quantity:  0
No product to buy! sleep 10 secs
item name you're checking is:  TYPE-O-006 
product names are: 
(0, 0)
quantity to buy:  2
There are 0 items you can buy!
---1.7207798957824707 seconds ---
current quantity:  0
No product to buy! sleep 10 secs
item name you're checking is:  TYPE-O-006 
product names are: 
(0, 0)
quantity to buy:  2
There are 0 items you can buy!
---1.0548608303070068 seconds ---
current quantity:  0
No product to buy! sleep 10 secs
item name you're checking is:  TYPE-O-006 
product names are: 
(0, 0)
quantity to buy:  2
There are 0 items you can buy!
---1.0106089115142822 seconds ---
current quantity:  0
No product to buy! sleep 10 secs
item name you're checking is:  TYPE-O-006 
product names are: 
(0, 0)
quantity to buy:  2
There are 0 items you can buy!
---1.1051630973815918 seconds ---
current quantity:  0
No product to buy! sleep 10 secs
item name you're checking is:  TYPE-O-006 
product names are: 
(0, 0)
quantity to buy:  2
There are 0 items you can buy!
---1.6369659900665283 seconds ---
current quantity:  0
No product to buy! sleep 10 secs
item name you're checking is:  TYPE-O-006 
product names are: 
(0, 0)
quantity to buy:  2
There are 0 items you can buy!
---1.1504149436950684 seconds ---
current quantity:  0
No product to buy! sleep 10 secs
item name you're checking is:  TYPE-O-006 
product names are: 
(0, 0)
quantity to buy:  2
There are 0 items you can buy!
---1.702120065689087 seconds ---
current quantity:  0
No product to buy! sleep 10 secs
item name you're checking is:  TYPE-O-006 
product names are: 
(0, 0)
quantity to buy:  2
There are 0 items you can buy!
---1.1593849658966064 seconds ---
current quantity:  0
No product to buy! sleep 10 secs
item name you're checking is:  TYPE-O-006 
product names are: 
(0, 0)
quantity to buy:  2
There are 0 items you can buy!
---1.0059559345245361 seconds ---
current quantity:  0
No product to buy! sleep 10 secs
item name you're checking is:  TYPE-O-006 
product names are: 
(0, 0)
quantity to buy:  2
There are 0 items you can buy!
---1.036818265914917 seconds ---
current quantity:  0
No product to buy! sleep 10 secs
item name you're checking is:  TYPE-O-006 
product names are: 
(0, 0)
quantity to buy:  2
There are 0 items you can buy!
---1.011887788772583 seconds ---
current quantity:  0
No product to buy! sleep 10 secs
item name you're checking is:  TYPE-O-006 
product names are: 
(0, 0)
quantity to buy:  2
There are 0 items you can buy!
---1.0522890090942383 seconds ---
current quantity:  0
No product to buy! sleep 10 secs
item name you're checking is:  TYPE-O-006 
product names are: 
(0, 0)
quantity to buy:  2
There are 0 items you can buy!
---0.8475570678710938 seconds ---
current quantity:  0
No product to buy! sleep 10 secs
item name you're checking is:  TYPE-O-006 
product names are: 
(0, 0)
quantity to buy:  2
There are 0 items you can buy!
---1.3514020442962646 seconds ---
current quantity:  0
No product to buy! sleep 10 secs
item name you're checking is:  TYPE-O-006 
product names are: 
(0, 0)
quantity to buy:  2
There are 0 items you can buy!
---1.0702638626098633 seconds ---
current quantity:  0
No product to buy! sleep 10 secs
item name you're checking is:  TYPE-O-006 
product names are: 
(0, 0)
quantity to buy:  2
There are 0 items you can buy!
---1.4276752471923828 seconds ---
current quantity:  0
No product to buy! sleep 10 secs
item name you're checking is:  TYPE-O-006 
product names are: 
(0, 0)
quantity to buy:  2
There are 0 items you can buy!
---0.9936938285827637 seconds ---
current quantity:  0
No product to buy! sleep 10 secs
item name you're checking is:  TYPE-O-006 
product names are: 
(0, 0)
quantity to buy:  2
There are 0 items you can buy!
---1.1651787757873535 seconds ---
current quantity:  0
No product to buy! sleep 10 secs
item name you're checking is:  TYPE-O-006 
product names are: 
(0, 0)
quantity to buy:  2
There are 0 items you can buy!
---1.7535338401794434 seconds ---
current quantity:  0
No product to buy! sleep 10 secs
item name you're checking is:  TYPE-O-006 
product names are: 
(0, 0)
quantity to buy:  2
There are 0 items you can buy!
---1.1756720542907715 seconds ---
current quantity:  0
No product to buy! sleep 10 secs
item name you're checking is:  TYPE-O-006 
product names are: 
(0, 0)
quantity to buy:  2
There are 0 items you can buy!
---1.6635410785675049 seconds ---
current quantity:  0
No product to buy! sleep 10 secs
item name you're checking is:  TYPE-O-006 
product names are: 
(0, 0)
quantity to buy:  2
There are 0 items you can buy!
---1.05995512008667 seconds ---
current quantity:  0
No product to buy! sleep 10 secs
item name you're checking is:  TYPE-O-006 
product names are: 
(0, 0)
quantity to buy:  2
There are 0 items you can buy!
---1.194540023803711 seconds ---
current quantity:  0
No product to buy! sleep 10 secs
item name you're checking is:  TYPE-O-006 
product names are: 
(0, 0)
quantity to buy:  2
There are 0 items you can buy!
---1.3373298645019531 seconds ---
current quantity:  0
No product to buy! sleep 10 secs
item name you're checking is:  TYPE-O-006 
product names are: 
(0, 0)
quantity to buy:  2
There are 0 items you can buy!
---0.9732170104980469 seconds ---
current quantity:  0
No product to buy! sleep 10 secs
item name you're checking is:  TYPE-O-006 
product names are: 
(0, 0)
quantity to buy:  2
There are 0 items you can buy!
---1.232546091079712 seconds ---
current quantity:  0
No product to buy! sleep 10 secs
item name you're checking is:  TYPE-O-006 
product names are: 
(0, 0)
quantity to buy:  2
There are 0 items you can buy!
---1.273683786392212 seconds ---
current quantity:  0
No product to buy! sleep 10 secs
item name you're checking is:  TYPE-O-006 
product names are: 
(0, 0)
quantity to buy:  2
There are 0 items you can buy!
---0.950674295425415 seconds ---
current quantity:  0
No product to buy! sleep 10 secs
item name you're checking is:  TYPE-O-006 
product names are: 
(0, 0)
quantity to buy:  2
There are 0 items you can buy!
---0.9917559623718262 seconds ---
current quantity:  0
No product to buy! sleep 10 secs
item name you're checking is:  TYPE-O-006 
product names are: 
(0, 0)
quantity to buy:  2
There are 0 items you can buy!
---1.0406980514526367 seconds ---
current quantity:  0
No product to buy! sleep 10 secs
item name you're checking is:  TYPE-O-006 
product names are: 
(0, 0)
quantity to buy:  2
There are 0 items you can buy!
---0.9602129459381104 seconds ---
current quantity:  0
No product to buy! sleep 10 secs
item name you're checking is:  TYPE-O-006 
product names are: 
(0, 0)
quantity to buy:  2
There are 0 items you can buy!
---0.9997098445892334 seconds ---
current quantity:  0
No product to buy! sleep 10 secs
item name you're checking is:  TYPE-O-006 
product names are: 
(0, 0)
quantity to buy:  2
There are 0 items you can buy!
---0.9993782043457031 seconds ---
current quantity:  0
No product to buy! sleep 10 secs
item name you're checking is:  TYPE-O-006 
product names are: 
(0, 0)
quantity to buy:  2
There are 0 items you can buy!
---1.1558399200439453 seconds ---
current quantity:  0
No product to buy! sleep 10 secs
item name you're checking is:  TYPE-O-006 
product names are: 
(0, 0)
quantity to buy:  2
There are 0 items you can buy!
---0.9889569282531738 seconds ---
current quantity:  0
No product to buy! sleep 10 secs
item name you're checking is:  TYPE-O-006 
product names are: 
(0, 0)
quantity to buy:  2
There are 0 items you can buy!
---0.9744389057159424 seconds ---
current quantity:  0
No product to buy! sleep 10 secs
item name you're checking is:  TYPE-O-006 
product names are: 
(0, 0)
quantity to buy:  2
There are 0 items you can buy!
---1.07850980758667 seconds ---
current quantity:  0
No product to buy! sleep 10 secs
item name you're checking is:  TYPE-O-006 
product names are: 
(0, 0)
quantity to buy:  2
There are 0 items you can buy!
---1.0293371677398682 seconds ---
current quantity:  0
No product to buy! sleep 10 secs
item name you're checking is:  TYPE-O-006 
product names are: 
(0, 0)
quantity to buy:  2
There are 0 items you can buy!
---1.042766809463501 seconds ---
current quantity:  0
No product to buy! sleep 10 secs
item name you're checking is:  TYPE-O-006 
product names are: 
(0, 0)
quantity to buy:  2
There are 0 items you can buy!
---1.0350069999694824 seconds ---
current quantity:  0
No product to buy! sleep 10 secs
item name you're checking is:  TYPE-O-006 
product names are: 
(0, 0)
quantity to buy:  2
There are 0 items you can buy!
---0.921605110168457 seconds ---
current quantity:  0
No product to buy! sleep 10 secs
item name you're checking is:  TYPE-O-006 
product names are: 
(0, 0)
quantity to buy:  2
There are 0 items you can buy!
---0.9220399856567383 seconds ---
current quantity:  0
No product to buy! sleep 10 secs
item name you're checking is:  TYPE-O-006 
product names are: 
(0, 0)
quantity to buy:  2
There are 0 items you can buy!
---0.765496015548706 seconds ---
current quantity:  0
No product to buy! sleep 10 secs
item name you're checking is:  TYPE-O-006 
product names are: 
(0, 0)
quantity to buy:  2
There are 0 items you can buy!
---0.9939548969268799 seconds ---
current quantity:  0
No product to buy! sleep 10 secs
item name you're checking is:  TYPE-O-006 
product names are: 
(0, 0)
quantity to buy:  2
There are 0 items you can buy!
---0.9729349613189697 seconds ---
current quantity:  0
No product to buy! sleep 10 secs
item name you're checking is:  TYPE-O-006 
product names are: 
(0, 0)
quantity to buy:  2
There are 0 items you can buy!
---0.962364912033081 seconds ---
current quantity:  0
No product to buy! sleep 10 secs
item name you're checking is:  TYPE-O-006 
product names are: 
(0, 0)
quantity to buy:  2
There are 0 items you can buy!
---1.0664381980895996 seconds ---
current quantity:  0
No product to buy! sleep 10 secs
item name you're checking is:  TYPE-O-006 
product names are: 
(0, 0)
quantity to buy:  2
There are 0 items you can buy!
---1.0224177837371826 seconds ---
current quantity:  0
No product to buy! sleep 10 secs
item name you're checking is:  TYPE-O-006 
product names are: 
(0, 0)
quantity to buy:  2
There are 0 items you can buy!
---1.0529751777648926 seconds ---
current quantity:  0
No product to buy! sleep 10 secs
item name you're checking is:  TYPE-O-006 
product names are: 
(0, 0)
quantity to buy:  2
There are 0 items you can buy!
---1.0020411014556885 seconds ---
current quantity:  0
No product to buy! sleep 10 secs
item name you're checking is:  TYPE-O-006 
product names are: 
(0, 0)
quantity to buy:  2
There are 0 items you can buy!
---0.9478549957275391 seconds ---
current quantity:  0
No product to buy! sleep 10 secs
item name you're checking is:  TYPE-O-006 
product names are: 
(0, 0)
quantity to buy:  2
There are 0 items you can buy!
---1.037783145904541 seconds ---
current quantity:  0
No product to buy! sleep 10 secs
item name you're checking is:  TYPE-O-006 
product names are: 
(0, 0)
quantity to buy:  2
There are 0 items you can buy!
---1.1618859767913818 seconds ---
current quantity:  0
No product to buy! sleep 10 secs
item name you're checking is:  TYPE-O-006 
product names are: 
(0, 0)
quantity to buy:  2
There are 0 items you can buy!
---1.0171129703521729 seconds ---
current quantity:  0
No product to buy! sleep 10 secs
item name you're checking is:  TYPE-O-006 
product names are: 
(0, 0)
quantity to buy:  2
There are 0 items you can buy!
---0.8375499248504639 seconds ---
current quantity:  0
No product to buy! sleep 10 secs
item name you're checking is:  TYPE-O-006 
product names are: 
(0, 0)
quantity to buy:  2
There are 0 items you can buy!
---0.8485701084136963 seconds ---
current quantity:  0
No product to buy! sleep 10 secs
item name you're checking is:  TYPE-O-006 
product names are: 
(0, 0)
quantity to buy:  2
There are 0 items you can buy!
---0.9126651287078857 seconds ---
current quantity:  0
No product to buy! sleep 10 secs
item name you're checking is:  TYPE-O-006 
product names are: 
(0, 0)
quantity to buy:  2
There are 0 items you can buy!
---1.0651469230651855 seconds ---
current quantity:  0
No product to buy! sleep 10 secs
item name you're checking is:  TYPE-O-006 
product names are: 
(0, 0)
quantity to buy:  2
There are 0 items you can buy!
---1.2679572105407715 seconds ---
current quantity:  0
No product to buy! sleep 10 secs
item name you're checking is:  TYPE-O-006 
product names are: 
(0, 0)
quantity to buy:  2
There are 0 items you can buy!
---0.9244511127471924 seconds ---
current quantity:  0
No product to buy! sleep 10 secs
item name you're checking is:  TYPE-O-006 
product names are: 
(0, 0)
quantity to buy:  2
There are 0 items you can buy!
---1.0004491806030273 seconds ---
current quantity:  0
No product to buy! sleep 10 secs
item name you're checking is:  TYPE-O-006 
product names are: 
(0, 0)
quantity to buy:  2
There are 0 items you can buy!
---0.9946210384368896 seconds ---
current quantity:  0
No product to buy! sleep 10 secs
item name you're checking is:  TYPE-O-006 
product names are: 
(0, 0)
quantity to buy:  2
There are 0 items you can buy!
---1.0056331157684326 seconds ---
current quantity:  0
No product to buy! sleep 10 secs
item name you're checking is:  TYPE-O-006 
product names are: 
(0, 0)
quantity to buy:  2
There are 0 items you can buy!
---1.0766918659210205 seconds ---
current quantity:  0
No product to buy! sleep 10 secs
item name you're checking is:  TYPE-O-006 
product names are: 
(0, 0)
quantity to buy:  2
There are 0 items you can buy!
---1.293699026107788 seconds ---
current quantity:  0
No product to buy! sleep 10 secs
item name you're checking is:  TYPE-O-006 
product names are: 
(0, 0)
quantity to buy:  2
There are 0 items you can buy!
---1.058955192565918 seconds ---
current quantity:  0
No product to buy! sleep 10 secs
item name you're checking is:  TYPE-O-006 
product names are: 
(0, 0)
quantity to buy:  2
There are 0 items you can buy!
---0.9304730892181396 seconds ---
current quantity:  0
No product to buy! sleep 10 secs
item name you're checking is:  TYPE-O-006 
product names are: 
(0, 0)
quantity to buy:  2
There are 0 items you can buy!
---0.8955872058868408 seconds ---
current quantity:  0
No product to buy! sleep 10 secs
item name you're checking is:  TYPE-O-006 
product names are: 
(0, 0)
quantity to buy:  2
There are 0 items you can buy!
---0.7873129844665527 seconds ---
current quantity:  0
No product to buy! sleep 10 secs
item name you're checking is:  TYPE-O-006 
product names are: 
(0, 0)
quantity to buy:  2
There are 0 items you can buy!
---0.9972760677337646 seconds ---
current quantity:  0
No product to buy! sleep 10 secs
item name you're checking is:  TYPE-O-006 
product names are: 
(0, 0)
quantity to buy:  2
There are 0 items you can buy!
---0.8700628280639648 seconds ---
current quantity:  0
No product to buy! sleep 10 secs
item name you're checking is:  TYPE-O-006 
product names are: 
(0, 0)
quantity to buy:  2
There are 0 items you can buy!
---1.0043811798095703 seconds ---
current quantity:  0
No product to buy! sleep 10 secs
item name you're checking is:  TYPE-O-006 
product names are: 
(0, 0)
quantity to buy:  2
There are 0 items you can buy!
---0.8971467018127441 seconds ---
current quantity:  0
No product to buy! sleep 10 secs
item name you're checking is:  TYPE-O-006 
product names are: 
(0, 0)
quantity to buy:  2
There are 0 items you can buy!
---0.8318479061126709 seconds ---
current quantity:  0
No product to buy! sleep 10 secs
item name you're checking is:  TYPE-O-006 
product names are: 
(0, 0)
quantity to buy:  2
There are 0 items you can buy!
---1.080777883529663 seconds ---
current quantity:  0
No product to buy! sleep 10 secs
item name you're checking is:  TYPE-O-006 
product names are: 
(0, 0)
quantity to buy:  2
There are 0 items you can buy!
---1.0918850898742676 seconds ---
current quantity:  0
No product to buy! sleep 10 secs
item name you're checking is:  TYPE-O-006 
product names are: 
(0, 0)
quantity to buy:  2
There are 0 items you can buy!
---0.9835870265960693 seconds ---
current quantity:  0
No product to buy! sleep 10 secs
item name you're checking is:  TYPE-O-006 
product names are: 
(0, 0)
quantity to buy:  2
There are 0 items you can buy!
---1.1860811710357666 seconds ---
current quantity:  0
No product to buy! sleep 10 secs
item name you're checking is:  TYPE-O-006 
product names are: 
(0, 0)
quantity to buy:  2
There are 0 items you can buy!
---1.2273929119110107 seconds ---
current quantity:  0
No product to buy! sleep 10 secs
item name you're checking is:  TYPE-O-006 
product names are: 
(0, 0)
quantity to buy:  2
There are 0 items you can buy!
---1.3860599994659424 seconds ---
current quantity:  0
No product to buy! sleep 10 secs
item name you're checking is:  TYPE-O-006 
product names are: 
(0, 0)
quantity to buy:  2
There are 0 items you can buy!
---1.039078950881958 seconds ---
current quantity:  0
No product to buy! sleep 10 secs
item name you're checking is:  TYPE-O-006 
product names are: 
(0, 0)
quantity to buy:  2
There are 0 items you can buy!
---1.508988380432129 seconds ---
current quantity:  0
No product to buy! sleep 10 secs
item name you're checking is:  TYPE-O-006 
product names are: 
(0, 0)
quantity to buy:  2
There are 0 items you can buy!
---0.9081881046295166 seconds ---
current quantity:  0
No product to buy! sleep 10 secs
item name you're checking is:  TYPE-O-006 
product names are: 
(0, 0)
quantity to buy:  2
There are 0 items you can buy!
---1.463447093963623 seconds ---
current quantity:  0
No product to buy! sleep 10 secs
item name you're checking is:  TYPE-O-006 
product names are: 
(0, 0)
quantity to buy:  2
There are 0 items you can buy!
---2.082785129547119 seconds ---
current quantity:  0
No product to buy! sleep 10 secs
item name you're checking is:  TYPE-O-006 
product names are: 
(0, 0)
quantity to buy:  2
There are 0 items you can buy!
---2.3183209896087646 seconds ---
current quantity:  0
No product to buy! sleep 10 secs
item name you're checking is:  TYPE-O-006 
product names are: 
(0, 0)
quantity to buy:  2
There are 0 items you can buy!
---1.6830320358276367 seconds ---
current quantity:  0
No product to buy! sleep 10 secs
item name you're checking is:  TYPE-O-006 
product names are: 
(0, 0)
quantity to buy:  2
There are 0 items you can buy!
---1.2210731506347656 seconds ---
current quantity:  0
No product to buy! sleep 10 secs
item name you're checking is:  TYPE-O-006 
product names are: 
(0, 0)
quantity to buy:  2
There are 0 items you can buy!
---0.8882300853729248 seconds ---
current quantity:  0
No product to buy! sleep 10 secs
item name you're checking is:  TYPE-O-006 
product names are: 
(0, 0)
quantity to buy:  2
There are 0 items you can buy!
---0.9406020641326904 seconds ---
current quantity:  0
No product to buy! sleep 10 secs
item name you're checking is:  TYPE-O-006 
product names are: 
bye!
